{"C:\\Users\\pablo\\Desktop\\academia-fslab-back-end\\src\\app.js": {"path":"C:\\Users\\pablo\\Desktop\\academia-fslab-back-end\\src\\app.js","statementMap":{"0":{"start":{"line":5,"column":12},"end":{"line":5,"column":21}},"1":{"start":{"line":7,"column":0},"end":{"line":7,"column":16}},"2":{"start":{"line":8,"column":0},"end":{"line":8,"column":24}},"3":{"start":{"line":9,"column":0},"end":{"line":9,"column":49}},"4":{"start":{"line":11,"column":0},"end":{"line":11,"column":12}},"5":{"start":{"line":13,"column":0},"end":{"line":29,"column":3}},"6":{"start":{"line":14,"column":4},"end":{"line":28,"column":5}},"7":{"start":{"line":15,"column":24},"end":{"line":17,"column":23}},"8":{"start":{"line":16,"column":22},"end":{"line":16,"column":37}},"9":{"start":{"line":18,"column":8},"end":{"line":18,"column":81}},"10":{"start":{"line":19,"column":11},"end":{"line":28,"column":5}},"11":{"start":{"line":20,"column":8},"end":{"line":27,"column":11}},"12":{"start":{"line":21,"column":12},"end":{"line":26,"column":13}},"13":{"start":{"line":22,"column":32},"end":{"line":24,"column":31}},"14":{"start":{"line":23,"column":30},"end":{"line":23,"column":45}},"15":{"start":{"line":25,"column":16},"end":{"line":25,"column":86}}},"fnMap":{"0":{"name":"(anonymous_0)","decl":{"start":{"line":13,"column":26},"end":{"line":13,"column":27}},"loc":{"start":{"line":13,"column":42},"end":{"line":29,"column":1}},"line":13},"1":{"name":"(anonymous_1)","decl":{"start":{"line":16,"column":17},"end":{"line":16,"column":18}},"loc":{"start":{"line":16,"column":22},"end":{"line":16,"column":37}},"line":16},"2":{"name":"(anonymous_2)","decl":{"start":{"line":20,"column":40},"end":{"line":20,"column":41}},"loc":{"start":{"line":20,"column":53},"end":{"line":27,"column":9}},"line":20},"3":{"name":"(anonymous_3)","decl":{"start":{"line":23,"column":25},"end":{"line":23,"column":26}},"loc":{"start":{"line":23,"column":30},"end":{"line":23,"column":45}},"line":23}},"branchMap":{"0":{"loc":{"start":{"line":14,"column":4},"end":{"line":28,"column":5}},"type":"if","locations":[{"start":{"line":14,"column":4},"end":{"line":28,"column":5}},{"start":{"line":19,"column":11},"end":{"line":28,"column":5}}],"line":14},"1":{"loc":{"start":{"line":19,"column":11},"end":{"line":28,"column":5}},"type":"if","locations":[{"start":{"line":19,"column":11},"end":{"line":28,"column":5}},{"start":{},"end":{}}],"line":19},"2":{"loc":{"start":{"line":21,"column":12},"end":{"line":26,"column":13}},"type":"if","locations":[{"start":{"line":21,"column":12},"end":{"line":26,"column":13}},{"start":{},"end":{}}],"line":21}},"s":{"0":12,"1":12,"2":12,"3":12,"4":12,"5":12,"6":228,"7":12,"8":12,"9":12,"10":216,"11":144,"12":708,"13":708,"14":708,"15":708},"f":{"0":228,"1":12,"2":708,"3":708},"b":{"0":[12,216],"1":[144,72],"2":[708,0]},"_coverageSchema":"1a1c01bbd47fc00a2c39e90264f33305004495a9","hash":"f4da1cb806256c1ed8b68a99892ac71a87b1da40"}
,"C:\\Users\\pablo\\Desktop\\academia-fslab-back-end\\src\\config\\initialConfig.js": {"path":"C:\\Users\\pablo\\Desktop\\academia-fslab-back-end\\src\\config\\initialConfig.js","statementMap":{"0":{"start":{"line":8,"column":4},"end":{"line":29,"column":6}},"1":{"start":{"line":9,"column":8},"end":{"line":12,"column":9}},"2":{"start":{"line":10,"column":12},"end":{"line":10,"column":93}},"3":{"start":{"line":11,"column":12},"end":{"line":11,"column":28}},"4":{"start":{"line":14,"column":34},"end":{"line":14,"column":68}},"5":{"start":{"line":14,"column":56},"end":{"line":14,"column":67}},"6":{"start":{"line":16,"column":8},"end":{"line":28,"column":10}},"7":{"start":{"line":17,"column":12},"end":{"line":27,"column":13}},"8":{"start":{"line":18,"column":16},"end":{"line":26,"column":18}},"9":{"start":{"line":19,"column":20},"end":{"line":23,"column":21}},"10":{"start":{"line":20,"column":24},"end":{"line":20,"column":93}},"11":{"start":{"line":21,"column":24},"end":{"line":21,"column":42}},"12":{"start":{"line":22,"column":24},"end":{"line":22,"column":40}},"13":{"start":{"line":25,"column":20},"end":{"line":25,"column":73}},"14":{"start":{"line":33,"column":19},"end":{"line":33,"column":45}},"15":{"start":{"line":35,"column":4},"end":{"line":56,"column":5}},"16":{"start":{"line":36,"column":23},"end":{"line":46,"column":9}},"17":{"start":{"line":48,"column":8},"end":{"line":55,"column":9}},"18":{"start":{"line":50,"column":32},"end":{"line":52,"column":14}},"19":{"start":{"line":54,"column":12},"end":{"line":54,"column":62}},"20":{"start":{"line":60,"column":18},"end":{"line":60,"column":56}},"21":{"start":{"line":61,"column":18},"end":{"line":61,"column":56}},"22":{"start":{"line":63,"column":4},"end":{"line":66,"column":5}},"23":{"start":{"line":64,"column":8},"end":{"line":64,"column":112}},"24":{"start":{"line":65,"column":8},"end":{"line":65,"column":24}},"25":{"start":{"line":68,"column":20},"end":{"line":72,"column":6}},"26":{"start":{"line":74,"column":4},"end":{"line":94,"column":5}},"27":{"start":{"line":75,"column":24},"end":{"line":80,"column":10}},"28":{"start":{"line":83,"column":8},"end":{"line":91,"column":10}},"29":{"start":{"line":93,"column":8},"end":{"line":93,"column":66}}},"fnMap":{"0":{"name":"verificarMinio","decl":{"start":{"line":7,"column":22},"end":{"line":7,"column":36}},"loc":{"start":{"line":7,"column":39},"end":{"line":30,"column":1}},"line":7},"1":{"name":"(anonymous_1)","decl":{"start":{"line":8,"column":34},"end":{"line":8,"column":35}},"loc":{"start":{"line":8,"column":58},"end":{"line":29,"column":5}},"line":8},"2":{"name":"(anonymous_2)","decl":{"start":{"line":14,"column":46},"end":{"line":14,"column":47}},"loc":{"start":{"line":14,"column":56},"end":{"line":14,"column":67}},"line":14},"3":{"name":"(anonymous_3)","decl":{"start":{"line":16,"column":44},"end":{"line":16,"column":45}},"loc":{"start":{"line":16,"column":62},"end":{"line":28,"column":9}},"line":16},"4":{"name":"(anonymous_4)","decl":{"start":{"line":18,"column":66},"end":{"line":18,"column":67}},"loc":{"start":{"line":18,"column":75},"end":{"line":26,"column":17}},"line":18},"5":{"name":"verificarGrupos","decl":{"start":{"line":32,"column":22},"end":{"line":32,"column":37}},"loc":{"start":{"line":32,"column":40},"end":{"line":57,"column":1}},"line":32},"6":{"name":"verificarAdministradorPadrao","decl":{"start":{"line":59,"column":22},"end":{"line":59,"column":50}},"loc":{"start":{"line":59,"column":53},"end":{"line":95,"column":1}},"line":59}},"branchMap":{"0":{"loc":{"start":{"line":9,"column":8},"end":{"line":12,"column":9}},"type":"if","locations":[{"start":{"line":9,"column":8},"end":{"line":12,"column":9}},{"start":{},"end":{}}],"line":9},"1":{"loc":{"start":{"line":17,"column":12},"end":{"line":27,"column":13}},"type":"if","locations":[{"start":{"line":17,"column":12},"end":{"line":27,"column":13}},{"start":{},"end":{}}],"line":17},"2":{"loc":{"start":{"line":19,"column":20},"end":{"line":23,"column":21}},"type":"if","locations":[{"start":{"line":19,"column":20},"end":{"line":23,"column":21}},{"start":{},"end":{}}],"line":19},"3":{"loc":{"start":{"line":35,"column":4},"end":{"line":56,"column":5}},"type":"if","locations":[{"start":{"line":35,"column":4},"end":{"line":56,"column":5}},{"start":{},"end":{}}],"line":35},"4":{"loc":{"start":{"line":63,"column":4},"end":{"line":66,"column":5}},"type":"if","locations":[{"start":{"line":63,"column":4},"end":{"line":66,"column":5}},{"start":{},"end":{}}],"line":63},"5":{"loc":{"start":{"line":63,"column":8},"end":{"line":63,"column":24}},"type":"binary-expr","locations":[{"start":{"line":63,"column":8},"end":{"line":63,"column":14}},{"start":{"line":63,"column":18},"end":{"line":63,"column":24}}],"line":63},"6":{"loc":{"start":{"line":74,"column":4},"end":{"line":94,"column":5}},"type":"if","locations":[{"start":{"line":74,"column":4},"end":{"line":94,"column":5}},{"start":{},"end":{}}],"line":74}},"s":{"0":19,"1":19,"2":0,"3":0,"4":19,"5":38,"6":19,"7":38,"8":0,"9":0,"10":0,"11":0,"12":0,"13":0,"14":19,"15":19,"16":19,"17":19,"18":57,"19":57,"20":19,"21":19,"22":19,"23":0,"24":0,"25":19,"26":19,"27":19,"28":19,"29":19},"f":{"0":19,"1":19,"2":38,"3":38,"4":0,"5":19,"6":19},"b":{"0":[0,19],"1":[0,38],"2":[0,0],"3":[19,0],"4":[0,19],"5":[19,19],"6":[19,0]},"_coverageSchema":"1a1c01bbd47fc00a2c39e90264f33305004495a9","hash":"62e5c8aa094d9f767542b02a28dd3529ae63121f"}
,"C:\\Users\\pablo\\Desktop\\academia-fslab-back-end\\src\\config\\minioConfig.js": {"path":"C:\\Users\\pablo\\Desktop\\academia-fslab-back-end\\src\\config\\minioConfig.js","statementMap":{"0":{"start":{"line":3,"column":20},"end":{"line":9,"column":2}}},"fnMap":{},"branchMap":{"0":{"loc":{"start":{"line":6,"column":12},"end":{"line":6,"column":61}},"type":"cond-expr","locations":[{"start":{"line":6,"column":49},"end":{"line":6,"column":53}},{"start":{"line":6,"column":56},"end":{"line":6,"column":61}}],"line":6}},"s":{"0":19},"f":{},"b":{"0":[0,19]},"_coverageSchema":"1a1c01bbd47fc00a2c39e90264f33305004495a9","hash":"0705fd13f5a44a7e597f09d430012e43286254c4"}
,"C:\\Users\\pablo\\Desktop\\academia-fslab-back-end\\src\\config\\prismaClient.js": {"path":"C:\\Users\\pablo\\Desktop\\academia-fslab-back-end\\src\\config\\prismaClient.js","statementMap":{"0":{"start":{"line":5,"column":0},"end":{"line":5,"column":15}},"1":{"start":{"line":7,"column":0},"end":{"line":7,"column":12}},"2":{"start":{"line":10,"column":15},"end":{"line":18,"column":2}},"3":{"start":{"line":22,"column":4},"end":{"line":30,"column":5}},"4":{"start":{"line":24,"column":8},"end":{"line":24,"column":32}},"5":{"start":{"line":25,"column":8},"end":{"line":25,"column":68}},"6":{"start":{"line":28,"column":8},"end":{"line":28,"column":72}},"7":{"start":{"line":29,"column":8},"end":{"line":29,"column":24}}},"fnMap":{"0":{"name":"verifyConnection","decl":{"start":{"line":21,"column":22},"end":{"line":21,"column":38}},"loc":{"start":{"line":21,"column":41},"end":{"line":31,"column":1}},"line":21}},"branchMap":{},"s":{"0":19,"1":19,"2":19,"3":19,"4":19,"5":19,"6":0,"7":0},"f":{"0":19},"b":{},"_coverageSchema":"1a1c01bbd47fc00a2c39e90264f33305004495a9","hash":"5cc4e57e2a8194b0b0d909611289436166a73bd8"}
,"C:\\Users\\pablo\\Desktop\\academia-fslab-back-end\\src\\config\\zodConfig.js": {"path":"C:\\Users\\pablo\\Desktop\\academia-fslab-back-end\\src\\config\\zodConfig.js","statementMap":{"0":{"start":{"line":3,"column":27},"end":{"line":3,"column":32}},"1":{"start":{"line":6,"column":25},"end":{"line":12,"column":1}},"2":{"start":{"line":7,"column":4},"end":{"line":7,"column":36}},"3":{"start":{"line":7,"column":29},"end":{"line":7,"column":36}},"4":{"start":{"line":8,"column":4},"end":{"line":8,"column":32}},"5":{"start":{"line":11,"column":4},"end":{"line":11,"column":28}}},"fnMap":{"0":{"name":"(anonymous_0)","decl":{"start":{"line":6,"column":25},"end":{"line":6,"column":26}},"loc":{"start":{"line":6,"column":37},"end":{"line":12,"column":1}},"line":6}},"branchMap":{"0":{"loc":{"start":{"line":7,"column":4},"end":{"line":7,"column":36}},"type":"if","locations":[{"start":{"line":7,"column":4},"end":{"line":7,"column":36}},{"start":{},"end":{}}],"line":7}},"s":{"0":19,"1":19,"2":19,"3":0,"4":19,"5":19},"f":{"0":19},"b":{"0":[0,19]},"_coverageSchema":"1a1c01bbd47fc00a2c39e90264f33305004495a9","hash":"c28b9409508b2a0fc51df37fe91308ca77ea7d87"}
,"C:\\Users\\pablo\\Desktop\\academia-fslab-back-end\\src\\controller\\authController.js": {"path":"C:\\Users\\pablo\\Desktop\\academia-fslab-back-end\\src\\controller\\authController.js","statementMap":{"0":{"start":{"line":10,"column":22},"end":{"line":10,"column":24}},"1":{"start":{"line":12,"column":33},"end":{"line":12,"column":66}},"2":{"start":{"line":14,"column":8},"end":{"line":14,"column":63}},"3":{"start":{"line":14,"column":30},"end":{"line":14,"column":63}},"4":{"start":{"line":16,"column":25},"end":{"line":25,"column":10}},"5":{"start":{"line":27,"column":8},"end":{"line":27,"column":91}},"6":{"start":{"line":27,"column":31},"end":{"line":27,"column":91}},"7":{"start":{"line":29,"column":28},"end":{"line":29,"column":71}},"8":{"start":{"line":31,"column":8},"end":{"line":31,"column":86}},"9":{"start":{"line":31,"column":26},"end":{"line":31,"column":86}},"10":{"start":{"line":33,"column":8},"end":{"line":33,"column":89}},"11":{"start":{"line":33,"column":29},"end":{"line":33,"column":89}},"12":{"start":{"line":35,"column":22},"end":{"line":46,"column":9}},"13":{"start":{"line":48,"column":24},"end":{"line":48,"column":41}},"14":{"start":{"line":50,"column":8},"end":{"line":53,"column":10}},"15":{"start":{"line":57,"column":21},"end":{"line":57,"column":29}},"16":{"start":{"line":59,"column":25},"end":{"line":70,"column":10}},"17":{"start":{"line":72,"column":24},"end":{"line":79,"column":9}},"18":{"start":{"line":81,"column":8},"end":{"line":81,"column":50}}},"fnMap":{"0":{"name":"(anonymous_0)","decl":{"start":{"line":9,"column":4},"end":{"line":9,"column":5}},"loc":{"start":{"line":9,"column":33},"end":{"line":54,"column":5}},"line":9},"1":{"name":"(anonymous_1)","decl":{"start":{"line":56,"column":4},"end":{"line":56,"column":5}},"loc":{"start":{"line":56,"column":42},"end":{"line":82,"column":5}},"line":56}},"branchMap":{"0":{"loc":{"start":{"line":14,"column":8},"end":{"line":14,"column":63}},"type":"if","locations":[{"start":{"line":14,"column":8},"end":{"line":14,"column":63}},{"start":{},"end":{}}],"line":14},"1":{"loc":{"start":{"line":27,"column":8},"end":{"line":27,"column":91}},"type":"if","locations":[{"start":{"line":27,"column":8},"end":{"line":27,"column":91}},{"start":{},"end":{}}],"line":27},"2":{"loc":{"start":{"line":31,"column":8},"end":{"line":31,"column":86}},"type":"if","locations":[{"start":{"line":31,"column":8},"end":{"line":31,"column":86}},{"start":{},"end":{}}],"line":31},"3":{"loc":{"start":{"line":33,"column":8},"end":{"line":33,"column":89}},"type":"if","locations":[{"start":{"line":33,"column":8},"end":{"line":33,"column":89}},{"start":{},"end":{}}],"line":33}},"s":{"0":25,"1":25,"2":24,"3":0,"4":24,"5":24,"6":1,"7":23,"8":23,"9":1,"10":22,"11":1,"12":21,"13":21,"14":21,"15":1,"16":1,"17":1,"18":1},"f":{"0":25,"1":1},"b":{"0":[0,24],"1":[1,23],"2":[1,22],"3":[1,21]},"_coverageSchema":"1a1c01bbd47fc00a2c39e90264f33305004495a9","hash":"9efd9422e12a35566a683cb580c30a00d843da82"}
,"C:\\Users\\pablo\\Desktop\\academia-fslab-back-end\\src\\controller\\categoriaController.js": {"path":"C:\\Users\\pablo\\Desktop\\academia-fslab-back-end\\src\\controller\\categoriaController.js","statementMap":{"0":{"start":{"line":7,"column":22},"end":{"line":7,"column":24}},"1":{"start":{"line":9,"column":23},"end":{"line":9,"column":69}},"2":{"start":{"line":11,"column":30},"end":{"line":15,"column":10}},"3":{"start":{"line":17,"column":8},"end":{"line":19,"column":9}},"4":{"start":{"line":18,"column":12},"end":{"line":18,"column":101}},"5":{"start":{"line":21,"column":8},"end":{"line":21,"column":63}},"6":{"start":{"line":21,"column":30},"end":{"line":21,"column":63}},"7":{"start":{"line":23,"column":32},"end":{"line":27,"column":10}},"8":{"start":{"line":29,"column":8},"end":{"line":29,"column":55}},"9":{"start":{"line":33,"column":27},"end":{"line":33,"column":60}},"10":{"start":{"line":35,"column":8},"end":{"line":35,"column":50}},"11":{"start":{"line":39,"column":23},"end":{"line":39,"column":73}},"12":{"start":{"line":41,"column":31},"end":{"line":45,"column":10}},"13":{"start":{"line":47,"column":8},"end":{"line":49,"column":9}},"14":{"start":{"line":48,"column":12},"end":{"line":48,"column":81}},"15":{"start":{"line":51,"column":8},"end":{"line":51,"column":53}},"16":{"start":{"line":55,"column":22},"end":{"line":55,"column":24}},"17":{"start":{"line":57,"column":23},"end":{"line":57,"column":33}},"18":{"start":{"line":59,"column":23},"end":{"line":59,"column":31}},"19":{"start":{"line":61,"column":8},"end":{"line":61,"column":60}},"20":{"start":{"line":63,"column":31},"end":{"line":67,"column":10}},"21":{"start":{"line":69,"column":8},"end":{"line":71,"column":9}},"22":{"start":{"line":70,"column":12},"end":{"line":70,"column":65}},"23":{"start":{"line":73,"column":8},"end":{"line":83,"column":9}},"24":{"start":{"line":74,"column":34},"end":{"line":78,"column":14}},"25":{"start":{"line":80,"column":12},"end":{"line":82,"column":13}},"26":{"start":{"line":81,"column":16},"end":{"line":81,"column":78}},"27":{"start":{"line":85,"column":8},"end":{"line":85,"column":63}},"28":{"start":{"line":85,"column":30},"end":{"line":85,"column":63}},"29":{"start":{"line":87,"column":8},"end":{"line":94,"column":10}},"30":{"start":{"line":96,"column":8},"end":{"line":96,"column":41}},"31":{"start":{"line":100,"column":22},"end":{"line":100,"column":24}},"32":{"start":{"line":101,"column":23},"end":{"line":101,"column":73}},"33":{"start":{"line":104,"column":31},"end":{"line":108,"column":10}},"34":{"start":{"line":110,"column":8},"end":{"line":112,"column":9}},"35":{"start":{"line":111,"column":12},"end":{"line":111,"column":65}},"36":{"start":{"line":114,"column":8},"end":{"line":114,"column":63}},"37":{"start":{"line":114,"column":30},"end":{"line":114,"column":63}},"38":{"start":{"line":116,"column":8},"end":{"line":120,"column":10}},"39":{"start":{"line":122,"column":8},"end":{"line":122,"column":41}}},"fnMap":{"0":{"name":"(anonymous_0)","decl":{"start":{"line":6,"column":4},"end":{"line":6,"column":5}},"loc":{"start":{"line":6,"column":42},"end":{"line":30,"column":5}},"line":6},"1":{"name":"(anonymous_1)","decl":{"start":{"line":32,"column":4},"end":{"line":32,"column":5}},"loc":{"start":{"line":32,"column":44},"end":{"line":36,"column":5}},"line":32},"2":{"name":"(anonymous_2)","decl":{"start":{"line":38,"column":4},"end":{"line":38,"column":5}},"loc":{"start":{"line":38,"column":49},"end":{"line":52,"column":5}},"line":38},"3":{"name":"(anonymous_3)","decl":{"start":{"line":54,"column":4},"end":{"line":54,"column":5}},"loc":{"start":{"line":54,"column":44},"end":{"line":97,"column":5}},"line":54},"4":{"name":"(anonymous_4)","decl":{"start":{"line":99,"column":4},"end":{"line":99,"column":5}},"loc":{"start":{"line":99,"column":44},"end":{"line":123,"column":5}},"line":99}},"branchMap":{"0":{"loc":{"start":{"line":17,"column":8},"end":{"line":19,"column":9}},"type":"if","locations":[{"start":{"line":17,"column":8},"end":{"line":19,"column":9}},{"start":{},"end":{}}],"line":17},"1":{"loc":{"start":{"line":21,"column":8},"end":{"line":21,"column":63}},"type":"if","locations":[{"start":{"line":21,"column":8},"end":{"line":21,"column":63}},{"start":{},"end":{}}],"line":21},"2":{"loc":{"start":{"line":47,"column":8},"end":{"line":49,"column":9}},"type":"if","locations":[{"start":{"line":47,"column":8},"end":{"line":49,"column":9}},{"start":{},"end":{}}],"line":47},"3":{"loc":{"start":{"line":69,"column":8},"end":{"line":71,"column":9}},"type":"if","locations":[{"start":{"line":69,"column":8},"end":{"line":71,"column":9}},{"start":{},"end":{}}],"line":69},"4":{"loc":{"start":{"line":73,"column":8},"end":{"line":83,"column":9}},"type":"if","locations":[{"start":{"line":73,"column":8},"end":{"line":83,"column":9}},{"start":{},"end":{}}],"line":73},"5":{"loc":{"start":{"line":80,"column":12},"end":{"line":82,"column":13}},"type":"if","locations":[{"start":{"line":80,"column":12},"end":{"line":82,"column":13}},{"start":{},"end":{}}],"line":80},"6":{"loc":{"start":{"line":80,"column":16},"end":{"line":80,"column":65}},"type":"binary-expr","locations":[{"start":{"line":80,"column":16},"end":{"line":80,"column":38}},{"start":{"line":80,"column":42},"end":{"line":80,"column":65}}],"line":80},"7":{"loc":{"start":{"line":85,"column":8},"end":{"line":85,"column":63}},"type":"if","locations":[{"start":{"line":85,"column":8},"end":{"line":85,"column":63}},{"start":{},"end":{}}],"line":85},"8":{"loc":{"start":{"line":110,"column":8},"end":{"line":112,"column":9}},"type":"if","locations":[{"start":{"line":110,"column":8},"end":{"line":112,"column":9}},{"start":{},"end":{}}],"line":110},"9":{"loc":{"start":{"line":114,"column":8},"end":{"line":114,"column":63}},"type":"if","locations":[{"start":{"line":114,"column":8},"end":{"line":114,"column":63}},{"start":{},"end":{}}],"line":114}},"s":{"0":3,"1":3,"2":3,"3":3,"4":1,"5":3,"6":1,"7":2,"8":2,"9":1,"10":1,"11":2,"12":2,"13":2,"14":1,"15":1,"16":3,"17":3,"18":3,"19":3,"20":3,"21":3,"22":1,"23":3,"24":3,"25":3,"26":1,"27":3,"28":2,"29":1,"30":1,"31":2,"32":2,"33":2,"34":2,"35":1,"36":2,"37":1,"38":1,"39":1},"f":{"0":3,"1":1,"2":2,"3":3,"4":2},"b":{"0":[1,2],"1":[1,2],"2":[1,1],"3":[1,2],"4":[3,0],"5":[1,2],"6":[3,1],"7":[2,1],"8":[1,1],"9":[1,1]},"_coverageSchema":"1a1c01bbd47fc00a2c39e90264f33305004495a9","hash":"914385f83efc8dc570e7a8532ba144f8d994ce51"}
,"C:\\Users\\pablo\\Desktop\\academia-fslab-back-end\\src\\controller\\certificadoController.js": {"path":"C:\\Users\\pablo\\Desktop\\academia-fslab-back-end\\src\\controller\\certificadoController.js","statementMap":{"0":{"start":{"line":10,"column":24},"end":{"line":10,"column":37}},"1":{"start":{"line":12,"column":64},"end":{"line":12,"column":123}},"2":{"start":{"line":14,"column":8},"end":{"line":14,"column":66}},"3":{"start":{"line":14,"column":21},"end":{"line":14,"column":66}},"4":{"start":{"line":15,"column":8},"end":{"line":15,"column":69}},"5":{"start":{"line":15,"column":23},"end":{"line":15,"column":69}},"6":{"start":{"line":17,"column":8},"end":{"line":47,"column":9}},"7":{"start":{"line":18,"column":30},"end":{"line":18,"column":41}},"8":{"start":{"line":20,"column":43},"end":{"line":39,"column":13}},"9":{"start":{"line":41,"column":12},"end":{"line":46,"column":14}},"10":{"start":{"line":49,"column":26},"end":{"line":49,"column":82}},"11":{"start":{"line":51,"column":29},"end":{"line":72,"column":10}},"12":{"start":{"line":74,"column":8},"end":{"line":80,"column":9}},"13":{"start":{"line":75,"column":26},"end":{"line":75,"column":100}},"14":{"start":{"line":76,"column":28},"end":{"line":76,"column":109}},"15":{"start":{"line":77,"column":38},"end":{"line":77,"column":98}},"16":{"start":{"line":79,"column":12},"end":{"line":79,"column":87}},"17":{"start":{"line":82,"column":8},"end":{"line":84,"column":10}},"18":{"start":{"line":88,"column":23},"end":{"line":88,"column":34}},"19":{"start":{"line":90,"column":29},"end":{"line":111,"column":10}},"20":{"start":{"line":113,"column":8},"end":{"line":119,"column":9}},"21":{"start":{"line":114,"column":26},"end":{"line":114,"column":100}},"22":{"start":{"line":115,"column":28},"end":{"line":115,"column":109}},"23":{"start":{"line":116,"column":38},"end":{"line":116,"column":98}},"24":{"start":{"line":118,"column":12},"end":{"line":118,"column":87}},"25":{"start":{"line":121,"column":8},"end":{"line":121,"column":51}},"26":{"start":{"line":125,"column":23},"end":{"line":125,"column":34}},"27":{"start":{"line":127,"column":28},"end":{"line":127,"column":81}},"28":{"start":{"line":129,"column":26},"end":{"line":133,"column":10}},"29":{"start":{"line":135,"column":8},"end":{"line":137,"column":9}},"30":{"start":{"line":136,"column":12},"end":{"line":136,"column":121}},"31":{"start":{"line":139,"column":28},"end":{"line":161,"column":10}},"32":{"start":{"line":163,"column":8},"end":{"line":165,"column":9}},"33":{"start":{"line":164,"column":12},"end":{"line":164,"column":119}},"34":{"start":{"line":167,"column":22},"end":{"line":167,"column":96}},"35":{"start":{"line":168,"column":24},"end":{"line":168,"column":105}},"36":{"start":{"line":169,"column":34},"end":{"line":169,"column":94}},"37":{"start":{"line":171,"column":8},"end":{"line":171,"column":83}},"38":{"start":{"line":173,"column":8},"end":{"line":173,"column":50}},"39":{"start":{"line":177,"column":30},"end":{"line":177,"column":40}},"40":{"start":{"line":179,"column":28},"end":{"line":200,"column":10}},"41":{"start":{"line":202,"column":8},"end":{"line":207,"column":9}},"42":{"start":{"line":203,"column":12},"end":{"line":206,"column":15}},"43":{"start":{"line":209,"column":22},"end":{"line":209,"column":96}},"44":{"start":{"line":210,"column":24},"end":{"line":210,"column":105}},"45":{"start":{"line":211,"column":34},"end":{"line":211,"column":94}},"46":{"start":{"line":213,"column":8},"end":{"line":213,"column":83}},"47":{"start":{"line":215,"column":8},"end":{"line":215,"column":51}}},"fnMap":{"0":{"name":"(anonymous_0)","decl":{"start":{"line":9,"column":4},"end":{"line":9,"column":5}},"loc":{"start":{"line":9,"column":46},"end":{"line":85,"column":5}},"line":9},"1":{"name":"(anonymous_1)","decl":{"start":{"line":87,"column":4},"end":{"line":87,"column":5}},"loc":{"start":{"line":87,"column":61},"end":{"line":122,"column":5}},"line":87},"2":{"name":"(anonymous_2)","decl":{"start":{"line":124,"column":4},"end":{"line":124,"column":5}},"loc":{"start":{"line":124,"column":68},"end":{"line":174,"column":5}},"line":124},"3":{"name":"(anonymous_3)","decl":{"start":{"line":176,"column":4},"end":{"line":176,"column":5}},"loc":{"start":{"line":176,"column":46},"end":{"line":216,"column":5}},"line":176}},"branchMap":{"0":{"loc":{"start":{"line":12,"column":36},"end":{"line":12,"column":46}},"type":"default-arg","locations":[{"start":{"line":12,"column":45},"end":{"line":12,"column":46}}],"line":12},"1":{"loc":{"start":{"line":12,"column":48},"end":{"line":12,"column":59}},"type":"default-arg","locations":[{"start":{"line":12,"column":57},"end":{"line":12,"column":59}}],"line":12},"2":{"loc":{"start":{"line":14,"column":8},"end":{"line":14,"column":66}},"type":"if","locations":[{"start":{"line":14,"column":8},"end":{"line":14,"column":66}},{"start":{},"end":{}}],"line":14},"3":{"loc":{"start":{"line":15,"column":8},"end":{"line":15,"column":69}},"type":"if","locations":[{"start":{"line":15,"column":8},"end":{"line":15,"column":69}},{"start":{},"end":{}}],"line":15},"4":{"loc":{"start":{"line":17,"column":8},"end":{"line":47,"column":9}},"type":"if","locations":[{"start":{"line":17,"column":8},"end":{"line":47,"column":9}},{"start":{},"end":{}}],"line":17},"5":{"loc":{"start":{"line":135,"column":8},"end":{"line":137,"column":9}},"type":"if","locations":[{"start":{"line":135,"column":8},"end":{"line":137,"column":9}},{"start":{},"end":{}}],"line":135},"6":{"loc":{"start":{"line":163,"column":8},"end":{"line":165,"column":9}},"type":"if","locations":[{"start":{"line":163,"column":8},"end":{"line":165,"column":9}},{"start":{},"end":{}}],"line":163},"7":{"loc":{"start":{"line":202,"column":8},"end":{"line":207,"column":9}},"type":"if","locations":[{"start":{"line":202,"column":8},"end":{"line":207,"column":9}},{"start":{},"end":{}}],"line":202}},"s":{"0":2,"1":2,"2":2,"3":2,"4":2,"5":2,"6":2,"7":1,"8":1,"9":1,"10":2,"11":2,"12":2,"13":1,"14":1,"15":1,"16":1,"17":2,"18":1,"19":1,"20":1,"21":1,"22":1,"23":1,"24":1,"25":1,"26":3,"27":3,"28":3,"29":3,"30":1,"31":2,"32":2,"33":1,"34":1,"35":1,"36":1,"37":1,"38":1,"39":2,"40":2,"41":2,"42":1,"43":1,"44":1,"45":1,"46":1,"47":1},"f":{"0":2,"1":1,"2":3,"3":2},"b":{"0":[2],"1":[2],"2":[2,0],"3":[2,0],"4":[1,1],"5":[1,2],"6":[1,1],"7":[1,1]},"_coverageSchema":"1a1c01bbd47fc00a2c39e90264f33305004495a9","hash":"d5e655d1b1fed08532712f44381ff9a54857b027"}
,"C:\\Users\\pablo\\Desktop\\academia-fslab-back-end\\src\\controller\\conteudoController.js": {"path":"C:\\Users\\pablo\\Desktop\\academia-fslab-back-end\\src\\controller\\conteudoController.js","statementMap":{"0":{"start":{"line":9,"column":22},"end":{"line":9,"column":24}},"1":{"start":{"line":11,"column":67},"end":{"line":11,"column":116}},"2":{"start":{"line":13,"column":27},"end":{"line":27,"column":10}},"3":{"start":{"line":29,"column":8},"end":{"line":34,"column":9}},"4":{"start":{"line":30,"column":12},"end":{"line":33,"column":15}},"5":{"start":{"line":36,"column":8},"end":{"line":45,"column":9}},"6":{"start":{"line":37,"column":27},"end":{"line":37,"column":38}},"7":{"start":{"line":39,"column":32},"end":{"line":39,"column":107}},"8":{"start":{"line":39,"column":79},"end":{"line":39,"column":106}},"9":{"start":{"line":40,"column":30},"end":{"line":40,"column":65}},"10":{"start":{"line":42,"column":12},"end":{"line":44,"column":13}},"11":{"start":{"line":43,"column":16},"end":{"line":43,"column":118}},"12":{"start":{"line":47,"column":34},"end":{"line":52,"column":10}},"13":{"start":{"line":54,"column":8},"end":{"line":59,"column":9}},"14":{"start":{"line":55,"column":12},"end":{"line":58,"column":15}},"15":{"start":{"line":62,"column":24},"end":{"line":62,"column":78}},"16":{"start":{"line":64,"column":8},"end":{"line":69,"column":9}},"17":{"start":{"line":65,"column":12},"end":{"line":68,"column":15}},"18":{"start":{"line":71,"column":8},"end":{"line":71,"column":64}},"19":{"start":{"line":71,"column":30},"end":{"line":71,"column":64}},"20":{"start":{"line":73,"column":35},"end":{"line":77,"column":10}},"21":{"start":{"line":79,"column":39},"end":{"line":79,"column":72}},"22":{"start":{"line":81,"column":39},"end":{"line":81,"column":73}},"23":{"start":{"line":82,"column":37},"end":{"line":82,"column":84}},"24":{"start":{"line":85,"column":8},"end":{"line":104,"column":10}},"25":{"start":{"line":87,"column":12},"end":{"line":92,"column":14}},"26":{"start":{"line":94,"column":12},"end":{"line":103,"column":14}},"27":{"start":{"line":105,"column":8},"end":{"line":105,"column":53}},"28":{"start":{"line":109,"column":22},"end":{"line":109,"column":24}},"29":{"start":{"line":111,"column":23},"end":{"line":111,"column":75}},"30":{"start":{"line":113,"column":30},"end":{"line":117,"column":10}},"31":{"start":{"line":119,"column":8},"end":{"line":121,"column":9}},"32":{"start":{"line":120,"column":12},"end":{"line":120,"column":65}},"33":{"start":{"line":123,"column":8},"end":{"line":123,"column":63}},"34":{"start":{"line":123,"column":30},"end":{"line":123,"column":63}},"35":{"start":{"line":125,"column":8},"end":{"line":125,"column":116}},"36":{"start":{"line":129,"column":22},"end":{"line":129,"column":24}},"37":{"start":{"line":131,"column":29},"end":{"line":131,"column":90}},"38":{"start":{"line":133,"column":30},"end":{"line":138,"column":10}},"39":{"start":{"line":140,"column":8},"end":{"line":142,"column":9}},"40":{"start":{"line":141,"column":12},"end":{"line":141,"column":65}},"41":{"start":{"line":144,"column":8},"end":{"line":144,"column":63}},"42":{"start":{"line":144,"column":30},"end":{"line":144,"column":63}},"43":{"start":{"line":146,"column":43},"end":{"line":149,"column":11}},"44":{"start":{"line":146,"column":74},"end":{"line":149,"column":9}},"45":{"start":{"line":151,"column":8},"end":{"line":151,"column":65}},"46":{"start":{"line":155,"column":22},"end":{"line":155,"column":24}},"47":{"start":{"line":157,"column":23},"end":{"line":157,"column":75}},"48":{"start":{"line":158,"column":64},"end":{"line":158,"column":115}},"49":{"start":{"line":160,"column":29},"end":{"line":178,"column":10}},"50":{"start":{"line":180,"column":8},"end":{"line":182,"column":9}},"51":{"start":{"line":181,"column":12},"end":{"line":181,"column":82}},"52":{"start":{"line":184,"column":8},"end":{"line":193,"column":9}},"53":{"start":{"line":185,"column":27},"end":{"line":185,"column":38}},"54":{"start":{"line":187,"column":32},"end":{"line":187,"column":116}},"55":{"start":{"line":187,"column":88},"end":{"line":187,"column":115}},"56":{"start":{"line":188,"column":30},"end":{"line":188,"column":74}},"57":{"start":{"line":190,"column":12},"end":{"line":192,"column":13}},"58":{"start":{"line":191,"column":16},"end":{"line":191,"column":120}},"59":{"start":{"line":195,"column":8},"end":{"line":209,"column":9}},"60":{"start":{"line":196,"column":38},"end":{"line":201,"column":14}},"61":{"start":{"line":203,"column":12},"end":{"line":208,"column":13}},"62":{"start":{"line":204,"column":16},"end":{"line":207,"column":19}},"63":{"start":{"line":211,"column":8},"end":{"line":221,"column":9}},"64":{"start":{"line":213,"column":28},"end":{"line":213,"column":82}},"65":{"start":{"line":215,"column":12},"end":{"line":220,"column":13}},"66":{"start":{"line":216,"column":16},"end":{"line":219,"column":19}},"67":{"start":{"line":223,"column":8},"end":{"line":223,"column":64}},"68":{"start":{"line":223,"column":30},"end":{"line":223,"column":64}},"69":{"start":{"line":226,"column":12},"end":{"line":228,"column":43}},"70":{"start":{"line":230,"column":39},"end":{"line":230,"column":77}},"71":{"start":{"line":231,"column":37},"end":{"line":231,"column":114}},"72":{"start":{"line":233,"column":31},"end":{"line":237,"column":10}},"73":{"start":{"line":239,"column":27},"end":{"line":239,"column":45}},"74":{"start":{"line":240,"column":26},"end":{"line":240,"column":91}},"75":{"start":{"line":242,"column":8},"end":{"line":296,"column":10}},"76":{"start":{"line":243,"column":12},"end":{"line":275,"column":13}},"77":{"start":{"line":244,"column":16},"end":{"line":274,"column":17}},"78":{"start":{"line":245,"column":20},"end":{"line":258,"column":22}},"79":{"start":{"line":259,"column":23},"end":{"line":274,"column":17}},"80":{"start":{"line":260,"column":20},"end":{"line":273,"column":22}},"81":{"start":{"line":277,"column":12},"end":{"line":288,"column":14}},"82":{"start":{"line":290,"column":12},"end":{"line":295,"column":14}},"83":{"start":{"line":298,"column":8},"end":{"line":298,"column":41}},"84":{"start":{"line":302,"column":22},"end":{"line":302,"column":24}},"85":{"start":{"line":304,"column":23},"end":{"line":304,"column":33}},"86":{"start":{"line":306,"column":29},"end":{"line":324,"column":10}},"87":{"start":{"line":327,"column":8},"end":{"line":329,"column":9}},"88":{"start":{"line":328,"column":12},"end":{"line":328,"column":72}},"89":{"start":{"line":331,"column":8},"end":{"line":331,"column":64}},"90":{"start":{"line":331,"column":30},"end":{"line":331,"column":64}},"91":{"start":{"line":333,"column":8},"end":{"line":342,"column":9}},"92":{"start":{"line":334,"column":27},"end":{"line":334,"column":38}},"93":{"start":{"line":336,"column":32},"end":{"line":336,"column":116}},"94":{"start":{"line":336,"column":88},"end":{"line":336,"column":115}},"95":{"start":{"line":337,"column":30},"end":{"line":337,"column":74}},"96":{"start":{"line":339,"column":12},"end":{"line":341,"column":13}},"97":{"start":{"line":340,"column":16},"end":{"line":340,"column":119}},"98":{"start":{"line":344,"column":37},"end":{"line":344,"column":103}},"99":{"start":{"line":346,"column":8},"end":{"line":374,"column":11}},"100":{"start":{"line":348,"column":12},"end":{"line":353,"column":15}},"101":{"start":{"line":355,"column":12},"end":{"line":359,"column":15}},"102":{"start":{"line":361,"column":12},"end":{"line":373,"column":15}},"103":{"start":{"line":376,"column":8},"end":{"line":376,"column":42}}},"fnMap":{"0":{"name":"(anonymous_0)","decl":{"start":{"line":8,"column":4},"end":{"line":8,"column":5}},"loc":{"start":{"line":8,"column":41},"end":{"line":106,"column":5}},"line":8},"1":{"name":"(anonymous_1)","decl":{"start":{"line":39,"column":66},"end":{"line":39,"column":67}},"loc":{"start":{"line":39,"column":79},"end":{"line":39,"column":106}},"line":39},"2":{"name":"(anonymous_2)","decl":{"start":{"line":85,"column":34},"end":{"line":85,"column":35}},"loc":{"start":{"line":85,"column":52},"end":{"line":104,"column":9}},"line":85},"3":{"name":"(anonymous_3)","decl":{"start":{"line":108,"column":4},"end":{"line":108,"column":5}},"loc":{"start":{"line":108,"column":47},"end":{"line":126,"column":5}},"line":108},"4":{"name":"(anonymous_4)","decl":{"start":{"line":128,"column":4},"end":{"line":128,"column":5}},"loc":{"start":{"line":128,"column":51},"end":{"line":152,"column":5}},"line":128},"5":{"name":"(anonymous_5)","decl":{"start":{"line":146,"column":61},"end":{"line":146,"column":62}},"loc":{"start":{"line":146,"column":74},"end":{"line":149,"column":9}},"line":146},"6":{"name":"(anonymous_6)","decl":{"start":{"line":154,"column":4},"end":{"line":154,"column":5}},"loc":{"start":{"line":154,"column":43},"end":{"line":299,"column":5}},"line":154},"7":{"name":"(anonymous_7)","decl":{"start":{"line":187,"column":75},"end":{"line":187,"column":76}},"loc":{"start":{"line":187,"column":88},"end":{"line":187,"column":115}},"line":187},"8":{"name":"(anonymous_8)","decl":{"start":{"line":242,"column":34},"end":{"line":242,"column":35}},"loc":{"start":{"line":242,"column":52},"end":{"line":296,"column":9}},"line":242},"9":{"name":"(anonymous_9)","decl":{"start":{"line":301,"column":4},"end":{"line":301,"column":5}},"loc":{"start":{"line":301,"column":43},"end":{"line":377,"column":5}},"line":301},"10":{"name":"(anonymous_10)","decl":{"start":{"line":336,"column":75},"end":{"line":336,"column":76}},"loc":{"start":{"line":336,"column":88},"end":{"line":336,"column":115}},"line":336},"11":{"name":"(anonymous_11)","decl":{"start":{"line":346,"column":34},"end":{"line":346,"column":35}},"loc":{"start":{"line":346,"column":52},"end":{"line":374,"column":9}},"line":346}},"branchMap":{"0":{"loc":{"start":{"line":29,"column":8},"end":{"line":34,"column":9}},"type":"if","locations":[{"start":{"line":29,"column":8},"end":{"line":34,"column":9}},{"start":{},"end":{}}],"line":29},"1":{"loc":{"start":{"line":36,"column":8},"end":{"line":45,"column":9}},"type":"if","locations":[{"start":{"line":36,"column":8},"end":{"line":45,"column":9}},{"start":{},"end":{}}],"line":36},"2":{"loc":{"start":{"line":42,"column":12},"end":{"line":44,"column":13}},"type":"if","locations":[{"start":{"line":42,"column":12},"end":{"line":44,"column":13}},{"start":{},"end":{}}],"line":42},"3":{"loc":{"start":{"line":42,"column":16},"end":{"line":42,"column":42}},"type":"binary-expr","locations":[{"start":{"line":42,"column":16},"end":{"line":42,"column":26}},{"start":{"line":42,"column":30},"end":{"line":42,"column":42}}],"line":42},"4":{"loc":{"start":{"line":54,"column":8},"end":{"line":59,"column":9}},"type":"if","locations":[{"start":{"line":54,"column":8},"end":{"line":59,"column":9}},{"start":{},"end":{}}],"line":54},"5":{"loc":{"start":{"line":64,"column":8},"end":{"line":69,"column":9}},"type":"if","locations":[{"start":{"line":64,"column":8},"end":{"line":69,"column":9}},{"start":{},"end":{}}],"line":64},"6":{"loc":{"start":{"line":71,"column":8},"end":{"line":71,"column":64}},"type":"if","locations":[{"start":{"line":71,"column":8},"end":{"line":71,"column":64}},{"start":{},"end":{}}],"line":71},"7":{"loc":{"start":{"line":81,"column":39},"end":{"line":81,"column":73}},"type":"binary-expr","locations":[{"start":{"line":81,"column":39},"end":{"line":81,"column":68}},{"start":{"line":81,"column":72},"end":{"line":81,"column":73}}],"line":81},"8":{"loc":{"start":{"line":119,"column":8},"end":{"line":121,"column":9}},"type":"if","locations":[{"start":{"line":119,"column":8},"end":{"line":121,"column":9}},{"start":{},"end":{}}],"line":119},"9":{"loc":{"start":{"line":123,"column":8},"end":{"line":123,"column":63}},"type":"if","locations":[{"start":{"line":123,"column":8},"end":{"line":123,"column":63}},{"start":{},"end":{}}],"line":123},"10":{"loc":{"start":{"line":140,"column":8},"end":{"line":142,"column":9}},"type":"if","locations":[{"start":{"line":140,"column":8},"end":{"line":142,"column":9}},{"start":{},"end":{}}],"line":140},"11":{"loc":{"start":{"line":144,"column":8},"end":{"line":144,"column":63}},"type":"if","locations":[{"start":{"line":144,"column":8},"end":{"line":144,"column":63}},{"start":{},"end":{}}],"line":144},"12":{"loc":{"start":{"line":180,"column":8},"end":{"line":182,"column":9}},"type":"if","locations":[{"start":{"line":180,"column":8},"end":{"line":182,"column":9}},{"start":{},"end":{}}],"line":180},"13":{"loc":{"start":{"line":184,"column":8},"end":{"line":193,"column":9}},"type":"if","locations":[{"start":{"line":184,"column":8},"end":{"line":193,"column":9}},{"start":{},"end":{}}],"line":184},"14":{"loc":{"start":{"line":190,"column":12},"end":{"line":192,"column":13}},"type":"if","locations":[{"start":{"line":190,"column":12},"end":{"line":192,"column":13}},{"start":{},"end":{}}],"line":190},"15":{"loc":{"start":{"line":190,"column":16},"end":{"line":190,"column":42}},"type":"binary-expr","locations":[{"start":{"line":190,"column":16},"end":{"line":190,"column":26}},{"start":{"line":190,"column":30},"end":{"line":190,"column":42}}],"line":190},"16":{"loc":{"start":{"line":195,"column":8},"end":{"line":209,"column":9}},"type":"if","locations":[{"start":{"line":195,"column":8},"end":{"line":209,"column":9}},{"start":{},"end":{}}],"line":195},"17":{"loc":{"start":{"line":203,"column":12},"end":{"line":208,"column":13}},"type":"if","locations":[{"start":{"line":203,"column":12},"end":{"line":208,"column":13}},{"start":{},"end":{}}],"line":203},"18":{"loc":{"start":{"line":203,"column":16},"end":{"line":203,"column":77}},"type":"binary-expr","locations":[{"start":{"line":203,"column":16},"end":{"line":203,"column":33}},{"start":{"line":203,"column":37},"end":{"line":203,"column":77}}],"line":203},"19":{"loc":{"start":{"line":211,"column":8},"end":{"line":221,"column":9}},"type":"if","locations":[{"start":{"line":211,"column":8},"end":{"line":221,"column":9}},{"start":{},"end":{}}],"line":211},"20":{"loc":{"start":{"line":215,"column":12},"end":{"line":220,"column":13}},"type":"if","locations":[{"start":{"line":215,"column":12},"end":{"line":220,"column":13}},{"start":{},"end":{}}],"line":215},"21":{"loc":{"start":{"line":223,"column":8},"end":{"line":223,"column":64}},"type":"if","locations":[{"start":{"line":223,"column":8},"end":{"line":223,"column":64}},{"start":{},"end":{}}],"line":223},"22":{"loc":{"start":{"line":226,"column":12},"end":{"line":228,"column":43}},"type":"cond-expr","locations":[{"start":{"line":227,"column":18},"end":{"line":227,"column":51}},{"start":{"line":228,"column":18},"end":{"line":228,"column":43}}],"line":226},"23":{"loc":{"start":{"line":240,"column":26},"end":{"line":240,"column":91}},"type":"cond-expr","locations":[{"start":{"line":240,"column":34},"end":{"line":240,"column":78}},{"start":{"line":240,"column":81},"end":{"line":240,"column":91}}],"line":240},"24":{"loc":{"start":{"line":243,"column":12},"end":{"line":275,"column":13}},"type":"if","locations":[{"start":{"line":243,"column":12},"end":{"line":275,"column":13}},{"start":{},"end":{}}],"line":243},"25":{"loc":{"start":{"line":244,"column":16},"end":{"line":274,"column":17}},"type":"if","locations":[{"start":{"line":244,"column":16},"end":{"line":274,"column":17}},{"start":{"line":259,"column":23},"end":{"line":274,"column":17}}],"line":244},"26":{"loc":{"start":{"line":259,"column":23},"end":{"line":274,"column":17}},"type":"if","locations":[{"start":{"line":259,"column":23},"end":{"line":274,"column":17}},{"start":{},"end":{}}],"line":259},"27":{"loc":{"start":{"line":327,"column":8},"end":{"line":329,"column":9}},"type":"if","locations":[{"start":{"line":327,"column":8},"end":{"line":329,"column":9}},{"start":{},"end":{}}],"line":327},"28":{"loc":{"start":{"line":331,"column":8},"end":{"line":331,"column":64}},"type":"if","locations":[{"start":{"line":331,"column":8},"end":{"line":331,"column":64}},{"start":{},"end":{}}],"line":331},"29":{"loc":{"start":{"line":333,"column":8},"end":{"line":342,"column":9}},"type":"if","locations":[{"start":{"line":333,"column":8},"end":{"line":342,"column":9}},{"start":{},"end":{}}],"line":333},"30":{"loc":{"start":{"line":339,"column":12},"end":{"line":341,"column":13}},"type":"if","locations":[{"start":{"line":339,"column":12},"end":{"line":341,"column":13}},{"start":{},"end":{}}],"line":339},"31":{"loc":{"start":{"line":339,"column":16},"end":{"line":339,"column":42}},"type":"binary-expr","locations":[{"start":{"line":339,"column":16},"end":{"line":339,"column":26}},{"start":{"line":339,"column":30},"end":{"line":339,"column":42}}],"line":339}},"s":{"0":5,"1":5,"2":5,"3":5,"4":1,"5":4,"6":1,"7":1,"8":0,"9":1,"10":1,"11":1,"12":3,"13":3,"14":1,"15":3,"16":3,"17":1,"18":3,"19":2,"20":1,"21":1,"22":1,"23":1,"24":1,"25":1,"26":1,"27":1,"28":2,"29":2,"30":2,"31":2,"32":1,"33":2,"34":1,"35":1,"36":2,"37":2,"38":2,"39":2,"40":1,"41":2,"42":1,"43":1,"44":1,"45":1,"46":7,"47":7,"48":7,"49":7,"50":7,"51":1,"52":6,"53":1,"54":1,"55":0,"56":1,"57":1,"58":1,"59":5,"60":2,"61":2,"62":1,"63":5,"64":2,"65":2,"66":1,"67":5,"68":2,"69":3,"70":3,"71":3,"72":3,"73":3,"74":3,"75":3,"76":3,"77":2,"78":1,"79":1,"80":1,"81":3,"82":3,"83":3,"84":3,"85":3,"86":3,"87":3,"88":1,"89":3,"90":1,"91":2,"92":1,"93":1,"94":0,"95":1,"96":1,"97":1,"98":1,"99":1,"100":1,"101":1,"102":1,"103":1},"f":{"0":5,"1":0,"2":1,"3":2,"4":2,"5":1,"6":7,"7":0,"8":3,"9":3,"10":0,"11":1},"b":{"0":[1,4],"1":[1,3],"2":[1,0],"3":[1,1],"4":[1,2],"5":[1,2],"6":[2,1],"7":[1,0],"8":[1,1],"9":[1,1],"10":[1,1],"11":[1,1],"12":[1,6],"13":[1,5],"14":[1,0],"15":[1,1],"16":[2,3],"17":[1,1],"18":[2,2],"19":[2,3],"20":[1,1],"21":[2,3],"22":[1,2],"23":[2,1],"24":[2,1],"25":[1,1],"26":[1,0],"27":[1,2],"28":[1,2],"29":[1,1],"30":[1,0],"31":[1,1]},"_coverageSchema":"1a1c01bbd47fc00a2c39e90264f33305004495a9","hash":"10e98337589ae546ed2c484a6ce9fd95e00a6824"}
,"C:\\Users\\pablo\\Desktop\\academia-fslab-back-end\\src\\controller\\cursosController.js": {"path":"C:\\Users\\pablo\\Desktop\\academia-fslab-back-end\\src\\controller\\cursosController.js","statementMap":{"0":{"start":{"line":12,"column":22},"end":{"line":12,"column":24}},"1":{"start":{"line":14,"column":50},"end":{"line":14,"column":88}},"2":{"start":{"line":16,"column":26},"end":{"line":20,"column":10}},"3":{"start":{"line":22,"column":8},"end":{"line":24,"column":9}},"4":{"start":{"line":23,"column":12},"end":{"line":23,"column":101}},"5":{"start":{"line":26,"column":8},"end":{"line":44,"column":9}},"6":{"start":{"line":27,"column":34},"end":{"line":34,"column":14}},"7":{"start":{"line":36,"column":42},"end":{"line":36,"column":76}},"8":{"start":{"line":36,"column":68},"end":{"line":36,"column":75}},"9":{"start":{"line":39,"column":45},"end":{"line":39,"column":104}},"10":{"start":{"line":39,"column":68},"end":{"line":39,"column":103}},"11":{"start":{"line":41,"column":12},"end":{"line":43,"column":13}},"12":{"start":{"line":42,"column":16},"end":{"line":42,"column":142}},"13":{"start":{"line":46,"column":8},"end":{"line":46,"column":63}},"14":{"start":{"line":46,"column":30},"end":{"line":46,"column":63}},"15":{"start":{"line":48,"column":28},"end":{"line":60,"column":10}},"16":{"start":{"line":54,"column":24},"end":{"line":54,"column":37}},"17":{"start":{"line":62,"column":8},"end":{"line":62,"column":51}},"18":{"start":{"line":66,"column":22},"end":{"line":66,"column":24}},"19":{"start":{"line":68,"column":23},"end":{"line":68,"column":64}},"20":{"start":{"line":70,"column":50},"end":{"line":70,"column":90}},"21":{"start":{"line":72,"column":26},"end":{"line":80,"column":10}},"22":{"start":{"line":82,"column":8},"end":{"line":84,"column":9}},"23":{"start":{"line":83,"column":12},"end":{"line":83,"column":81}},"24":{"start":{"line":86,"column":8},"end":{"line":95,"column":9}},"25":{"start":{"line":87,"column":27},"end":{"line":87,"column":38}},"26":{"start":{"line":89,"column":32},"end":{"line":89,"column":100}},"27":{"start":{"line":89,"column":72},"end":{"line":89,"column":99}},"28":{"start":{"line":90,"column":30},"end":{"line":90,"column":58}},"29":{"start":{"line":92,"column":12},"end":{"line":94,"column":13}},"30":{"start":{"line":93,"column":16},"end":{"line":93,"column":89}},"31":{"start":{"line":97,"column":8},"end":{"line":110,"column":9}},"32":{"start":{"line":98,"column":31},"end":{"line":102,"column":14}},"33":{"start":{"line":104,"column":12},"end":{"line":109,"column":13}},"34":{"start":{"line":105,"column":16},"end":{"line":108,"column":19}},"35":{"start":{"line":112,"column":8},"end":{"line":129,"column":9}},"36":{"start":{"line":113,"column":34},"end":{"line":120,"column":14}},"37":{"start":{"line":122,"column":42},"end":{"line":122,"column":76}},"38":{"start":{"line":122,"column":68},"end":{"line":122,"column":75}},"39":{"start":{"line":124,"column":45},"end":{"line":124,"column":104}},"40":{"start":{"line":124,"column":68},"end":{"line":124,"column":103}},"41":{"start":{"line":126,"column":12},"end":{"line":128,"column":13}},"42":{"start":{"line":127,"column":16},"end":{"line":127,"column":142}},"43":{"start":{"line":131,"column":8},"end":{"line":131,"column":63}},"44":{"start":{"line":131,"column":30},"end":{"line":131,"column":63}},"45":{"start":{"line":133,"column":33},"end":{"line":133,"column":69}},"46":{"start":{"line":133,"column":64},"end":{"line":133,"column":68}},"47":{"start":{"line":134,"column":32},"end":{"line":134,"column":41}},"48":{"start":{"line":136,"column":42},"end":{"line":136,"column":102}},"49":{"start":{"line":136,"column":72},"end":{"line":136,"column":101}},"50":{"start":{"line":137,"column":39},"end":{"line":137,"column":99}},"51":{"start":{"line":137,"column":68},"end":{"line":137,"column":98}},"52":{"start":{"line":139,"column":8},"end":{"line":151,"column":10}},"53":{"start":{"line":147,"column":69},"end":{"line":147,"column":75}},"54":{"start":{"line":148,"column":63},"end":{"line":148,"column":69}},"55":{"start":{"line":153,"column":8},"end":{"line":153,"column":42}},"56":{"start":{"line":157,"column":22},"end":{"line":157,"column":52}},"57":{"start":{"line":159,"column":52},"end":{"line":159,"column":61}},"58":{"start":{"line":161,"column":8},"end":{"line":168,"column":9}},"59":{"start":{"line":161,"column":20},"end":{"line":168,"column":9}},"60":{"start":{"line":170,"column":26},"end":{"line":170,"column":76}},"61":{"start":{"line":172,"column":23},"end":{"line":190,"column":10}},"62":{"start":{"line":192,"column":8},"end":{"line":200,"column":9}},"63":{"start":{"line":193,"column":12},"end":{"line":193,"column":85}},"64":{"start":{"line":193,"column":67},"end":{"line":193,"column":84}},"65":{"start":{"line":195,"column":26},"end":{"line":195,"column":88}},"66":{"start":{"line":196,"column":28},"end":{"line":196,"column":97}},"67":{"start":{"line":197,"column":38},"end":{"line":197,"column":86}},"68":{"start":{"line":199,"column":12},"end":{"line":199,"column":75}},"69":{"start":{"line":202,"column":8},"end":{"line":204,"column":9}},"70":{"start":{"line":208,"column":22},"end":{"line":208,"column":35}},"71":{"start":{"line":210,"column":63},"end":{"line":210,"column":72}},"72":{"start":{"line":212,"column":8},"end":{"line":219,"column":9}},"73":{"start":{"line":212,"column":20},"end":{"line":219,"column":9}},"74":{"start":{"line":221,"column":8},"end":{"line":244,"column":9}},"75":{"start":{"line":222,"column":30},"end":{"line":222,"column":41}},"76":{"start":{"line":223,"column":43},"end":{"line":236,"column":13}},"77":{"start":{"line":238,"column":12},"end":{"line":243,"column":14}},"78":{"start":{"line":246,"column":8},"end":{"line":246,"column":117}},"79":{"start":{"line":246,"column":57},"end":{"line":246,"column":117}},"80":{"start":{"line":248,"column":26},"end":{"line":248,"column":76}},"81":{"start":{"line":250,"column":23},"end":{"line":269,"column":10}},"82":{"start":{"line":271,"column":8},"end":{"line":279,"column":9}},"83":{"start":{"line":272,"column":12},"end":{"line":272,"column":85}},"84":{"start":{"line":272,"column":67},"end":{"line":272,"column":84}},"85":{"start":{"line":274,"column":26},"end":{"line":274,"column":88}},"86":{"start":{"line":275,"column":28},"end":{"line":275,"column":97}},"87":{"start":{"line":276,"column":38},"end":{"line":276,"column":86}},"88":{"start":{"line":278,"column":12},"end":{"line":278,"column":75}},"89":{"start":{"line":281,"column":8},"end":{"line":283,"column":9}},"90":{"start":{"line":287,"column":22},"end":{"line":287,"column":24}},"91":{"start":{"line":289,"column":22},"end":{"line":289,"column":35}},"92":{"start":{"line":291,"column":23},"end":{"line":291,"column":64}},"93":{"start":{"line":292,"column":30},"end":{"line":292,"column":38}},"94":{"start":{"line":294,"column":8},"end":{"line":294,"column":29}},"95":{"start":{"line":296,"column":8},"end":{"line":319,"column":9}},"96":{"start":{"line":298,"column":43},"end":{"line":311,"column":13}},"97":{"start":{"line":313,"column":12},"end":{"line":318,"column":14}},"98":{"start":{"line":321,"column":22},"end":{"line":330,"column":10}},"99":{"start":{"line":332,"column":8},"end":{"line":334,"column":9}},"100":{"start":{"line":333,"column":12},"end":{"line":333,"column":111}},"101":{"start":{"line":336,"column":8},"end":{"line":354,"column":9}},"102":{"start":{"line":338,"column":12},"end":{"line":340,"column":13}},"103":{"start":{"line":339,"column":16},"end":{"line":339,"column":103}},"104":{"start":{"line":342,"column":43},"end":{"line":344,"column":13}},"105":{"start":{"line":343,"column":16},"end":{"line":343,"column":66}},"106":{"start":{"line":346,"column":12},"end":{"line":351,"column":13}},"107":{"start":{"line":347,"column":16},"end":{"line":350,"column":19}},"108":{"start":{"line":353,"column":12},"end":{"line":353,"column":67}},"109":{"start":{"line":353,"column":34},"end":{"line":353,"column":67}},"110":{"start":{"line":355,"column":8},"end":{"line":360,"column":10}},"111":{"start":{"line":362,"column":8},"end":{"line":364,"column":10}},"112":{"start":{"line":368,"column":23},"end":{"line":368,"column":33}},"113":{"start":{"line":370,"column":26},"end":{"line":398,"column":10}},"114":{"start":{"line":400,"column":8},"end":{"line":402,"column":9}},"115":{"start":{"line":401,"column":12},"end":{"line":401,"column":113}},"116":{"start":{"line":404,"column":8},"end":{"line":404,"column":89}},"117":{"start":{"line":404,"column":71},"end":{"line":404,"column":88}},"118":{"start":{"line":406,"column":32},"end":{"line":411,"column":9}},"119":{"start":{"line":407,"column":26},"end":{"line":407,"column":78}},"120":{"start":{"line":408,"column":28},"end":{"line":408,"column":87}},"121":{"start":{"line":409,"column":38},"end":{"line":409,"column":76}},"122":{"start":{"line":410,"column":12},"end":{"line":410,"column":62}},"123":{"start":{"line":413,"column":8},"end":{"line":413,"column":72}},"124":{"start":{"line":415,"column":8},"end":{"line":419,"column":10}},"125":{"start":{"line":416,"column":12},"end":{"line":418,"column":14}},"126":{"start":{"line":417,"column":16},"end":{"line":417,"column":78}},"127":{"start":{"line":421,"column":8},"end":{"line":421,"column":49}},"128":{"start":{"line":425,"column":23},"end":{"line":425,"column":33}},"129":{"start":{"line":427,"column":22},"end":{"line":427,"column":39}},"130":{"start":{"line":429,"column":8},"end":{"line":443,"column":9}},"131":{"start":{"line":430,"column":30},"end":{"line":430,"column":41}},"132":{"start":{"line":431,"column":12},"end":{"line":442,"column":13}},"133":{"start":{"line":445,"column":26},"end":{"line":470,"column":10}},"134":{"start":{"line":472,"column":8},"end":{"line":474,"column":9}},"135":{"start":{"line":473,"column":12},"end":{"line":473,"column":103}},"136":{"start":{"line":476,"column":8},"end":{"line":476,"column":89}},"137":{"start":{"line":476,"column":71},"end":{"line":476,"column":88}},"138":{"start":{"line":478,"column":22},"end":{"line":478,"column":88}},"139":{"start":{"line":479,"column":24},"end":{"line":479,"column":97}},"140":{"start":{"line":480,"column":34},"end":{"line":480,"column":86}},"141":{"start":{"line":482,"column":8},"end":{"line":482,"column":75}},"142":{"start":{"line":484,"column":8},"end":{"line":484,"column":49}},"143":{"start":{"line":488,"column":28},"end":{"line":488,"column":38}},"144":{"start":{"line":490,"column":22},"end":{"line":521,"column":10}},"145":{"start":{"line":523,"column":8},"end":{"line":525,"column":9}},"146":{"start":{"line":524,"column":12},"end":{"line":524,"column":112}},"147":{"start":{"line":527,"column":27},"end":{"line":538,"column":9}},"148":{"start":{"line":528,"column":33},"end":{"line":528,"column":51}},"149":{"start":{"line":530,"column":33},"end":{"line":530,"column":62}},"150":{"start":{"line":531,"column":32},"end":{"line":531,"column":61}},"151":{"start":{"line":532,"column":37},"end":{"line":532,"column":66}},"152":{"start":{"line":534,"column":12},"end":{"line":537,"column":39}},"153":{"start":{"line":540,"column":33},"end":{"line":552,"column":9}},"154":{"start":{"line":541,"column":30},"end":{"line":541,"column":31}},"155":{"start":{"line":543,"column":12},"end":{"line":549,"column":13}},"156":{"start":{"line":544,"column":16},"end":{"line":548,"column":17}},"157":{"start":{"line":545,"column":20},"end":{"line":547,"column":21}},"158":{"start":{"line":546,"column":24},"end":{"line":546,"column":37}},"159":{"start":{"line":551,"column":12},"end":{"line":551,"column":30}},"160":{"start":{"line":554,"column":36},"end":{"line":558,"column":10}},"161":{"start":{"line":560,"column":31},"end":{"line":572,"column":9}},"162":{"start":{"line":567,"column":57},"end":{"line":567,"column":71}},"163":{"start":{"line":568,"column":60},"end":{"line":568,"column":77}},"164":{"start":{"line":574,"column":8},"end":{"line":574,"column":55}},"165":{"start":{"line":578,"column":23},"end":{"line":578,"column":33}},"166":{"start":{"line":580,"column":27},"end":{"line":587,"column":10}},"167":{"start":{"line":589,"column":8},"end":{"line":591,"column":9}},"168":{"start":{"line":590,"column":12},"end":{"line":590,"column":106}},"169":{"start":{"line":593,"column":8},"end":{"line":602,"column":9}},"170":{"start":{"line":594,"column":27},"end":{"line":594,"column":38}},"171":{"start":{"line":596,"column":32},"end":{"line":596,"column":101}},"172":{"start":{"line":596,"column":73},"end":{"line":596,"column":100}},"173":{"start":{"line":597,"column":30},"end":{"line":597,"column":59}},"174":{"start":{"line":599,"column":12},"end":{"line":601,"column":13}},"175":{"start":{"line":600,"column":16},"end":{"line":600,"column":89}},"176":{"start":{"line":604,"column":8},"end":{"line":643,"column":10}},"177":{"start":{"line":606,"column":12},"end":{"line":610,"column":14}},"178":{"start":{"line":612,"column":12},"end":{"line":616,"column":14}},"179":{"start":{"line":618,"column":12},"end":{"line":622,"column":14}},"180":{"start":{"line":624,"column":12},"end":{"line":630,"column":14}},"181":{"start":{"line":632,"column":12},"end":{"line":636,"column":14}},"182":{"start":{"line":638,"column":12},"end":{"line":642,"column":14}},"183":{"start":{"line":645,"column":8},"end":{"line":645,"column":41}},"184":{"start":{"line":649,"column":30},"end":{"line":649,"column":40}},"185":{"start":{"line":651,"column":32},"end":{"line":670,"column":10}},"186":{"start":{"line":672,"column":8},"end":{"line":674,"column":9}},"187":{"start":{"line":673,"column":12},"end":{"line":673,"column":113}},"188":{"start":{"line":676,"column":8},"end":{"line":676,"column":55}},"189":{"start":{"line":680,"column":24},"end":{"line":680,"column":37}},"190":{"start":{"line":682,"column":26},"end":{"line":700,"column":10}},"191":{"start":{"line":702,"column":8},"end":{"line":704,"column":9}},"192":{"start":{"line":703,"column":12},"end":{"line":703,"column":111}},"193":{"start":{"line":706,"column":28},"end":{"line":706,"column":85}},"194":{"start":{"line":706,"column":67},"end":{"line":706,"column":84}},"195":{"start":{"line":708,"column":8},"end":{"line":708,"column":51}},"196":{"start":{"line":712,"column":22},"end":{"line":712,"column":24}},"197":{"start":{"line":713,"column":24},"end":{"line":713,"column":37}},"198":{"start":{"line":714,"column":28},"end":{"line":714,"column":79}},"199":{"start":{"line":717,"column":26},"end":{"line":724,"column":10}},"200":{"start":{"line":726,"column":8},"end":{"line":728,"column":9}},"201":{"start":{"line":727,"column":12},"end":{"line":727,"column":105}},"202":{"start":{"line":731,"column":8},"end":{"line":741,"column":9}},"203":{"start":{"line":732,"column":29},"end":{"line":736,"column":14}},"204":{"start":{"line":738,"column":12},"end":{"line":740,"column":13}},"205":{"start":{"line":739,"column":16},"end":{"line":739,"column":120}},"206":{"start":{"line":743,"column":8},"end":{"line":743,"column":64}},"207":{"start":{"line":743,"column":30},"end":{"line":743,"column":64}},"208":{"start":{"line":745,"column":8},"end":{"line":754,"column":9}},"209":{"start":{"line":746,"column":27},"end":{"line":746,"column":38}},"210":{"start":{"line":748,"column":32},"end":{"line":748,"column":100}},"211":{"start":{"line":748,"column":72},"end":{"line":748,"column":99}},"212":{"start":{"line":749,"column":30},"end":{"line":749,"column":58}},"213":{"start":{"line":751,"column":12},"end":{"line":753,"column":13}},"214":{"start":{"line":752,"column":16},"end":{"line":752,"column":104}},"215":{"start":{"line":756,"column":28},"end":{"line":756,"column":30}},"216":{"start":{"line":757,"column":8},"end":{"line":769,"column":10}},"217":{"start":{"line":759,"column":12},"end":{"line":768,"column":13}},"218":{"start":{"line":760,"column":16},"end":{"line":767,"column":17}},"219":{"start":{"line":771,"column":8},"end":{"line":771,"column":43}},"220":{"start":{"line":775,"column":22},"end":{"line":775,"column":24}},"221":{"start":{"line":776,"column":24},"end":{"line":776,"column":37}},"222":{"start":{"line":777,"column":28},"end":{"line":777,"column":79}},"223":{"start":{"line":780,"column":26},"end":{"line":787,"column":10}},"224":{"start":{"line":789,"column":8},"end":{"line":791,"column":9}},"225":{"start":{"line":790,"column":12},"end":{"line":790,"column":105}},"226":{"start":{"line":793,"column":8},"end":{"line":803,"column":9}},"227":{"start":{"line":794,"column":29},"end":{"line":798,"column":14}},"228":{"start":{"line":800,"column":12},"end":{"line":802,"column":13}},"229":{"start":{"line":801,"column":16},"end":{"line":801,"column":120}},"230":{"start":{"line":805,"column":8},"end":{"line":805,"column":64}},"231":{"start":{"line":805,"column":30},"end":{"line":805,"column":64}},"232":{"start":{"line":807,"column":8},"end":{"line":816,"column":9}},"233":{"start":{"line":808,"column":27},"end":{"line":808,"column":38}},"234":{"start":{"line":810,"column":32},"end":{"line":810,"column":100}},"235":{"start":{"line":810,"column":72},"end":{"line":810,"column":99}},"236":{"start":{"line":811,"column":30},"end":{"line":811,"column":58}},"237":{"start":{"line":813,"column":12},"end":{"line":815,"column":13}},"238":{"start":{"line":814,"column":16},"end":{"line":814,"column":102}},"239":{"start":{"line":818,"column":8},"end":{"line":825,"column":10}},"240":{"start":{"line":819,"column":12},"end":{"line":824,"column":14}},"241":{"start":{"line":827,"column":8},"end":{"line":827,"column":41}},"242":{"start":{"line":831,"column":22},"end":{"line":831,"column":24}},"243":{"start":{"line":832,"column":32},"end":{"line":834,"column":9}},"244":{"start":{"line":836,"column":21},"end":{"line":836,"column":29}},"245":{"start":{"line":837,"column":24},"end":{"line":837,"column":37}},"246":{"start":{"line":839,"column":8},"end":{"line":841,"column":9}},"247":{"start":{"line":840,"column":12},"end":{"line":840,"column":121}},"248":{"start":{"line":843,"column":27},"end":{"line":850,"column":10}},"249":{"start":{"line":852,"column":8},"end":{"line":854,"column":9}},"250":{"start":{"line":853,"column":12},"end":{"line":853,"column":95}},"251":{"start":{"line":856,"column":8},"end":{"line":859,"column":9}},"252":{"start":{"line":857,"column":12},"end":{"line":857,"column":37}},"253":{"start":{"line":858,"column":12},"end":{"line":858,"column":45}},"254":{"start":{"line":861,"column":8},"end":{"line":871,"column":9}},"255":{"start":{"line":862,"column":27},"end":{"line":862,"column":38}},"256":{"start":{"line":864,"column":32},"end":{"line":864,"column":101}},"257":{"start":{"line":864,"column":73},"end":{"line":864,"column":100}},"258":{"start":{"line":865,"column":30},"end":{"line":865,"column":59}},"259":{"start":{"line":867,"column":12},"end":{"line":870,"column":13}},"260":{"start":{"line":868,"column":16},"end":{"line":868,"column":41}},"261":{"start":{"line":869,"column":16},"end":{"line":869,"column":97}},"262":{"start":{"line":873,"column":27},"end":{"line":873,"column":81}},"263":{"start":{"line":875,"column":8},"end":{"line":882,"column":10}},"264":{"start":{"line":884,"column":8},"end":{"line":887,"column":9}},"265":{"start":{"line":885,"column":12},"end":{"line":886,"column":24}},"266":{"start":{"line":889,"column":8},"end":{"line":889,"column":41}},"267":{"start":{"line":893,"column":22},"end":{"line":893,"column":24}},"268":{"start":{"line":894,"column":24},"end":{"line":894,"column":37}},"269":{"start":{"line":896,"column":27},"end":{"line":900,"column":10}},"270":{"start":{"line":902,"column":8},"end":{"line":904,"column":9}},"271":{"start":{"line":903,"column":12},"end":{"line":903,"column":95}},"272":{"start":{"line":906,"column":8},"end":{"line":908,"column":9}},"273":{"start":{"line":907,"column":12},"end":{"line":907,"column":45}},"274":{"start":{"line":910,"column":8},"end":{"line":916,"column":14}},"275":{"start":{"line":912,"column":16},"end":{"line":912,"column":79}},"276":{"start":{"line":915,"column":16},"end":{"line":915,"column":55}},"277":{"start":{"line":920,"column":22},"end":{"line":920,"column":24}},"278":{"start":{"line":921,"column":23},"end":{"line":921,"column":64}},"279":{"start":{"line":923,"column":27},"end":{"line":930,"column":10}},"280":{"start":{"line":932,"column":8},"end":{"line":934,"column":9}},"281":{"start":{"line":933,"column":12},"end":{"line":933,"column":95}},"282":{"start":{"line":936,"column":8},"end":{"line":938,"column":9}},"283":{"start":{"line":937,"column":12},"end":{"line":937,"column":45}},"284":{"start":{"line":940,"column":8},"end":{"line":949,"column":9}},"285":{"start":{"line":941,"column":27},"end":{"line":941,"column":38}},"286":{"start":{"line":943,"column":32},"end":{"line":943,"column":101}},"287":{"start":{"line":943,"column":73},"end":{"line":943,"column":100}},"288":{"start":{"line":944,"column":30},"end":{"line":944,"column":59}},"289":{"start":{"line":946,"column":12},"end":{"line":948,"column":13}},"290":{"start":{"line":947,"column":16},"end":{"line":947,"column":95}},"291":{"start":{"line":951,"column":8},"end":{"line":963,"column":9}},"292":{"start":{"line":952,"column":12},"end":{"line":953,"column":24}},"293":{"start":{"line":955,"column":12},"end":{"line":962,"column":14}},"294":{"start":{"line":965,"column":8},"end":{"line":965,"column":41}}},"fnMap":{"0":{"name":"(anonymous_0)","decl":{"start":{"line":11,"column":4},"end":{"line":11,"column":5}},"loc":{"start":{"line":11,"column":38},"end":{"line":63,"column":5}},"line":11},"1":{"name":"(anonymous_1)","decl":{"start":{"line":36,"column":60},"end":{"line":36,"column":61}},"loc":{"start":{"line":36,"column":68},"end":{"line":36,"column":75}},"line":36},"2":{"name":"(anonymous_2)","decl":{"start":{"line":39,"column":62},"end":{"line":39,"column":63}},"loc":{"start":{"line":39,"column":68},"end":{"line":39,"column":103}},"line":39},"3":{"name":"(anonymous_3)","decl":{"start":{"line":53,"column":43},"end":{"line":53,"column":44}},"loc":{"start":{"line":53,"column":51},"end":{"line":55,"column":21}},"line":53},"4":{"name":"(anonymous_4)","decl":{"start":{"line":65,"column":4},"end":{"line":65,"column":5}},"loc":{"start":{"line":65,"column":40},"end":{"line":154,"column":5}},"line":65},"5":{"name":"(anonymous_5)","decl":{"start":{"line":89,"column":59},"end":{"line":89,"column":60}},"loc":{"start":{"line":89,"column":72},"end":{"line":89,"column":99}},"line":89},"6":{"name":"(anonymous_6)","decl":{"start":{"line":122,"column":60},"end":{"line":122,"column":61}},"loc":{"start":{"line":122,"column":68},"end":{"line":122,"column":75}},"line":122},"7":{"name":"(anonymous_7)","decl":{"start":{"line":124,"column":62},"end":{"line":124,"column":63}},"loc":{"start":{"line":124,"column":68},"end":{"line":124,"column":103}},"line":124},"8":{"name":"(anonymous_8)","decl":{"start":{"line":133,"column":57},"end":{"line":133,"column":58}},"loc":{"start":{"line":133,"column":64},"end":{"line":133,"column":68}},"line":133},"9":{"name":"(anonymous_9)","decl":{"start":{"line":136,"column":66},"end":{"line":136,"column":67}},"loc":{"start":{"line":136,"column":72},"end":{"line":136,"column":101}},"line":136},"10":{"name":"(anonymous_10)","decl":{"start":{"line":137,"column":62},"end":{"line":137,"column":63}},"loc":{"start":{"line":137,"column":68},"end":{"line":137,"column":98}},"line":137},"11":{"name":"(anonymous_11)","decl":{"start":{"line":147,"column":62},"end":{"line":147,"column":63}},"loc":{"start":{"line":147,"column":69},"end":{"line":147,"column":75}},"line":147},"12":{"name":"(anonymous_12)","decl":{"start":{"line":148,"column":56},"end":{"line":148,"column":57}},"loc":{"start":{"line":148,"column":63},"end":{"line":148,"column":69}},"line":148},"13":{"name":"(anonymous_13)","decl":{"start":{"line":156,"column":4},"end":{"line":156,"column":5}},"loc":{"start":{"line":156,"column":50},"end":{"line":205,"column":5}},"line":156},"14":{"name":"(anonymous_14)","decl":{"start":{"line":193,"column":54},"end":{"line":193,"column":55}},"loc":{"start":{"line":193,"column":67},"end":{"line":193,"column":84}},"line":193},"15":{"name":"(anonymous_15)","decl":{"start":{"line":207,"column":4},"end":{"line":207,"column":5}},"loc":{"start":{"line":207,"column":45},"end":{"line":284,"column":5}},"line":207},"16":{"name":"(anonymous_16)","decl":{"start":{"line":272,"column":54},"end":{"line":272,"column":55}},"loc":{"start":{"line":272,"column":67},"end":{"line":272,"column":84}},"line":272},"17":{"name":"(anonymous_17)","decl":{"start":{"line":286,"column":4},"end":{"line":286,"column":5}},"loc":{"start":{"line":286,"column":46},"end":{"line":365,"column":5}},"line":286},"18":{"name":"(anonymous_18)","decl":{"start":{"line":342,"column":65},"end":{"line":342,"column":66}},"loc":{"start":{"line":343,"column":16},"end":{"line":343,"column":66}},"line":343},"19":{"name":"(anonymous_19)","decl":{"start":{"line":367,"column":4},"end":{"line":367,"column":5}},"loc":{"start":{"line":367,"column":53},"end":{"line":422,"column":5}},"line":367},"20":{"name":"(anonymous_20)","decl":{"start":{"line":404,"column":58},"end":{"line":404,"column":59}},"loc":{"start":{"line":404,"column":71},"end":{"line":404,"column":88}},"line":404},"21":{"name":"(anonymous_21)","decl":{"start":{"line":406,"column":32},"end":{"line":406,"column":33}},"loc":{"start":{"line":406,"column":46},"end":{"line":411,"column":9}},"line":406},"22":{"name":"(anonymous_22)","decl":{"start":{"line":415,"column":34},"end":{"line":415,"column":35}},"loc":{"start":{"line":415,"column":44},"end":{"line":419,"column":9}},"line":415},"23":{"name":"(anonymous_23)","decl":{"start":{"line":416,"column":37},"end":{"line":416,"column":38}},"loc":{"start":{"line":416,"column":49},"end":{"line":418,"column":13}},"line":416},"24":{"name":"(anonymous_24)","decl":{"start":{"line":424,"column":4},"end":{"line":424,"column":5}},"loc":{"start":{"line":424,"column":50},"end":{"line":485,"column":5}},"line":424},"25":{"name":"(anonymous_25)","decl":{"start":{"line":476,"column":58},"end":{"line":476,"column":59}},"loc":{"start":{"line":476,"column":71},"end":{"line":476,"column":88}},"line":476},"26":{"name":"(anonymous_26)","decl":{"start":{"line":487,"column":4},"end":{"line":487,"column":5}},"loc":{"start":{"line":487,"column":50},"end":{"line":575,"column":5}},"line":487},"27":{"name":"(anonymous_27)","decl":{"start":{"line":527,"column":27},"end":{"line":527,"column":28}},"loc":{"start":{"line":527,"column":33},"end":{"line":538,"column":9}},"line":527},"28":{"name":"(anonymous_28)","decl":{"start":{"line":540,"column":33},"end":{"line":540,"column":34}},"loc":{"start":{"line":540,"column":43},"end":{"line":552,"column":9}},"line":540},"29":{"name":"(anonymous_29)","decl":{"start":{"line":567,"column":44},"end":{"line":567,"column":45}},"loc":{"start":{"line":567,"column":57},"end":{"line":567,"column":71}},"line":567},"30":{"name":"(anonymous_30)","decl":{"start":{"line":568,"column":47},"end":{"line":568,"column":48}},"loc":{"start":{"line":568,"column":60},"end":{"line":568,"column":77}},"line":568},"31":{"name":"(anonymous_31)","decl":{"start":{"line":577,"column":4},"end":{"line":577,"column":5}},"loc":{"start":{"line":577,"column":40},"end":{"line":646,"column":5}},"line":577},"32":{"name":"(anonymous_32)","decl":{"start":{"line":596,"column":60},"end":{"line":596,"column":61}},"loc":{"start":{"line":596,"column":73},"end":{"line":596,"column":100}},"line":596},"33":{"name":"(anonymous_33)","decl":{"start":{"line":604,"column":34},"end":{"line":604,"column":35}},"loc":{"start":{"line":604,"column":52},"end":{"line":643,"column":9}},"line":604},"34":{"name":"(anonymous_34)","decl":{"start":{"line":648,"column":4},"end":{"line":648,"column":5}},"loc":{"start":{"line":648,"column":59},"end":{"line":677,"column":5}},"line":648},"35":{"name":"(anonymous_35)","decl":{"start":{"line":679,"column":4},"end":{"line":679,"column":5}},"loc":{"start":{"line":679,"column":52},"end":{"line":709,"column":5}},"line":679},"36":{"name":"(anonymous_36)","decl":{"start":{"line":706,"column":54},"end":{"line":706,"column":55}},"loc":{"start":{"line":706,"column":67},"end":{"line":706,"column":84}},"line":706},"37":{"name":"(anonymous_37)","decl":{"start":{"line":711,"column":4},"end":{"line":711,"column":5}},"loc":{"start":{"line":711,"column":48},"end":{"line":772,"column":5}},"line":711},"38":{"name":"(anonymous_38)","decl":{"start":{"line":748,"column":59},"end":{"line":748,"column":60}},"loc":{"start":{"line":748,"column":72},"end":{"line":748,"column":99}},"line":748},"39":{"name":"(anonymous_39)","decl":{"start":{"line":757,"column":34},"end":{"line":757,"column":35}},"loc":{"start":{"line":757,"column":52},"end":{"line":769,"column":9}},"line":757},"40":{"name":"(anonymous_40)","decl":{"start":{"line":774,"column":4},"end":{"line":774,"column":5}},"loc":{"start":{"line":774,"column":46},"end":{"line":828,"column":5}},"line":774},"41":{"name":"(anonymous_41)","decl":{"start":{"line":810,"column":59},"end":{"line":810,"column":60}},"loc":{"start":{"line":810,"column":72},"end":{"line":810,"column":99}},"line":810},"42":{"name":"(anonymous_42)","decl":{"start":{"line":818,"column":34},"end":{"line":818,"column":35}},"loc":{"start":{"line":818,"column":52},"end":{"line":825,"column":9}},"line":818},"43":{"name":"(anonymous_43)","decl":{"start":{"line":830,"column":4},"end":{"line":830,"column":5}},"loc":{"start":{"line":830,"column":38},"end":{"line":890,"column":5}},"line":830},"44":{"name":"(anonymous_44)","decl":{"start":{"line":864,"column":60},"end":{"line":864,"column":61}},"loc":{"start":{"line":864,"column":73},"end":{"line":864,"column":100}},"line":864},"45":{"name":"(anonymous_45)","decl":{"start":{"line":892,"column":4},"end":{"line":892,"column":5}},"loc":{"start":{"line":892,"column":42},"end":{"line":917,"column":5}},"line":892},"46":{"name":"(anonymous_46)","decl":{"start":{"line":911,"column":18},"end":{"line":911,"column":19}},"loc":{"start":{"line":911,"column":27},"end":{"line":913,"column":13}},"line":911},"47":{"name":"(anonymous_47)","decl":{"start":{"line":914,"column":19},"end":{"line":914,"column":20}},"loc":{"start":{"line":914,"column":26},"end":{"line":916,"column":13}},"line":914},"48":{"name":"(anonymous_48)","decl":{"start":{"line":919,"column":4},"end":{"line":919,"column":5}},"loc":{"start":{"line":919,"column":39},"end":{"line":966,"column":5}},"line":919},"49":{"name":"(anonymous_49)","decl":{"start":{"line":943,"column":60},"end":{"line":943,"column":61}},"loc":{"start":{"line":943,"column":73},"end":{"line":943,"column":100}},"line":943}},"branchMap":{"0":{"loc":{"start":{"line":14,"column":31},"end":{"line":14,"column":45}},"type":"default-arg","locations":[{"start":{"line":14,"column":43},"end":{"line":14,"column":45}}],"line":14},"1":{"loc":{"start":{"line":22,"column":8},"end":{"line":24,"column":9}},"type":"if","locations":[{"start":{"line":22,"column":8},"end":{"line":24,"column":9}},{"start":{},"end":{}}],"line":22},"2":{"loc":{"start":{"line":26,"column":8},"end":{"line":44,"column":9}},"type":"if","locations":[{"start":{"line":26,"column":8},"end":{"line":44,"column":9}},{"start":{},"end":{}}],"line":26},"3":{"loc":{"start":{"line":26,"column":12},"end":{"line":26,"column":45}},"type":"binary-expr","locations":[{"start":{"line":26,"column":12},"end":{"line":26,"column":21}},{"start":{"line":26,"column":25},"end":{"line":26,"column":45}}],"line":26},"4":{"loc":{"start":{"line":41,"column":12},"end":{"line":43,"column":13}},"type":"if","locations":[{"start":{"line":41,"column":12},"end":{"line":43,"column":13}},{"start":{},"end":{}}],"line":41},"5":{"loc":{"start":{"line":46,"column":8},"end":{"line":46,"column":63}},"type":"if","locations":[{"start":{"line":46,"column":8},"end":{"line":46,"column":63}},{"start":{},"end":{}}],"line":46},"6":{"loc":{"start":{"line":70,"column":31},"end":{"line":70,"column":45}},"type":"default-arg","locations":[{"start":{"line":70,"column":43},"end":{"line":70,"column":45}}],"line":70},"7":{"loc":{"start":{"line":82,"column":8},"end":{"line":84,"column":9}},"type":"if","locations":[{"start":{"line":82,"column":8},"end":{"line":84,"column":9}},{"start":{},"end":{}}],"line":82},"8":{"loc":{"start":{"line":86,"column":8},"end":{"line":95,"column":9}},"type":"if","locations":[{"start":{"line":86,"column":8},"end":{"line":95,"column":9}},{"start":{},"end":{}}],"line":86},"9":{"loc":{"start":{"line":92,"column":12},"end":{"line":94,"column":13}},"type":"if","locations":[{"start":{"line":92,"column":12},"end":{"line":94,"column":13}},{"start":{},"end":{}}],"line":92},"10":{"loc":{"start":{"line":92,"column":16},"end":{"line":92,"column":42}},"type":"binary-expr","locations":[{"start":{"line":92,"column":16},"end":{"line":92,"column":26}},{"start":{"line":92,"column":30},"end":{"line":92,"column":42}}],"line":92},"11":{"loc":{"start":{"line":97,"column":8},"end":{"line":110,"column":9}},"type":"if","locations":[{"start":{"line":97,"column":8},"end":{"line":110,"column":9}},{"start":{},"end":{}}],"line":97},"12":{"loc":{"start":{"line":104,"column":12},"end":{"line":109,"column":13}},"type":"if","locations":[{"start":{"line":104,"column":12},"end":{"line":109,"column":13}},{"start":{},"end":{}}],"line":104},"13":{"loc":{"start":{"line":104,"column":16},"end":{"line":104,"column":60}},"type":"binary-expr","locations":[{"start":{"line":104,"column":16},"end":{"line":104,"column":26}},{"start":{"line":104,"column":30},"end":{"line":104,"column":60}}],"line":104},"14":{"loc":{"start":{"line":112,"column":8},"end":{"line":129,"column":9}},"type":"if","locations":[{"start":{"line":112,"column":8},"end":{"line":129,"column":9}},{"start":{},"end":{}}],"line":112},"15":{"loc":{"start":{"line":112,"column":12},"end":{"line":112,"column":45}},"type":"binary-expr","locations":[{"start":{"line":112,"column":12},"end":{"line":112,"column":21}},{"start":{"line":112,"column":25},"end":{"line":112,"column":45}}],"line":112},"16":{"loc":{"start":{"line":126,"column":12},"end":{"line":128,"column":13}},"type":"if","locations":[{"start":{"line":126,"column":12},"end":{"line":128,"column":13}},{"start":{},"end":{}}],"line":126},"17":{"loc":{"start":{"line":131,"column":8},"end":{"line":131,"column":63}},"type":"if","locations":[{"start":{"line":131,"column":8},"end":{"line":131,"column":63}},{"start":{},"end":{}}],"line":131},"18":{"loc":{"start":{"line":159,"column":24},"end":{"line":159,"column":34}},"type":"default-arg","locations":[{"start":{"line":159,"column":33},"end":{"line":159,"column":34}}],"line":159},"19":{"loc":{"start":{"line":159,"column":36},"end":{"line":159,"column":47}},"type":"default-arg","locations":[{"start":{"line":159,"column":45},"end":{"line":159,"column":47}}],"line":159},"20":{"loc":{"start":{"line":161,"column":8},"end":{"line":168,"column":9}},"type":"if","locations":[{"start":{"line":161,"column":8},"end":{"line":168,"column":9}},{"start":{},"end":{}}],"line":161},"21":{"loc":{"start":{"line":210,"column":35},"end":{"line":210,"column":45}},"type":"default-arg","locations":[{"start":{"line":210,"column":44},"end":{"line":210,"column":45}}],"line":210},"22":{"loc":{"start":{"line":210,"column":47},"end":{"line":210,"column":58}},"ty
[...]
,"C:\\Users\\pablo\\Desktop\\academia-fslab-back-end\\src\\utils\\zod.js": {"path":"C:\\Users\\pablo\\Desktop\\academia-fslab-back-end\\src\\utils\\zod.js","statementMap":{"0":{"start":{"line":5,"column":19},"end":{"line":62,"column":1}},"1":{"start":{"line":6,"column":20},"end":{"line":8,"column":46}},"2":{"start":{"line":8,"column":28},"end":{"line":8,"column":45}},"3":{"start":{"line":10,"column":22},"end":{"line":12,"column":44}},"4":{"start":{"line":12,"column":28},"end":{"line":12,"column":43}},"5":{"start":{"line":14,"column":22},"end":{"line":16,"column":42}},"6":{"start":{"line":16,"column":28},"end":{"line":16,"column":41}},"7":{"start":{"line":18,"column":21},"end":{"line":20,"column":42}},"8":{"start":{"line":20,"column":28},"end":{"line":20,"column":41}},"9":{"start":{"line":22,"column":24},"end":{"line":24,"column":43}},"10":{"start":{"line":23,"column":25},"end":{"line":23,"column":58}},"11":{"start":{"line":24,"column":28},"end":{"line":24,"column":42}},"12":{"start":{"line":25,"column":15},"end":{"line":26,"column":52}},"13":{"start":{"line":26,"column":25},"end":{"line":26,"column":35}},"14":{"start":{"line":28,"column":16},"end":{"line":29,"column":56}},"15":{"start":{"line":29,"column":26},"end":{"line":29,"column":38}},"16":{"start":{"line":31,"column":15},"end":{"line":32,"column":52}},"17":{"start":{"line":32,"column":25},"end":{"line":32,"column":35}},"18":{"start":{"line":34,"column":15},"end":{"line":35,"column":41}},"19":{"start":{"line":37,"column":17},"end":{"line":39,"column":41}},"20":{"start":{"line":41,"column":17},"end":{"line":43,"column":98}},"21":{"start":{"line":45,"column":24},"end":{"line":47,"column":81}},"22":{"start":{"line":58,"column":29},"end":{"line":61,"column":25}},"23":{"start":{"line":59,"column":8},"end":{"line":60,"column":23}},"24":{"start":{"line":59,"column":24},"end":{"line":59,"column":35}},"25":{"start":{"line":60,"column":13},"end":{"line":60,"column":23}},"26":{"start":{"line":65,"column":4},"end":{"line":88,"column":5}},"27":{"start":{"line":66,"column":23},"end":{"line":66,"column":37}},"28":{"start":{"line":67,"column":20},"end":{"line":67,"column":44}},"29":{"start":{"line":68,"column":23},"end":{"line":68,"column":38}},"30":{"start":{"line":69,"column":24},"end":{"line":69,"column":40}},"31":{"start":{"line":70,"column":22},"end":{"line":70,"column":56}},"32":{"start":{"line":71,"column":24},"end":{"line":71,"column":52}},"33":{"start":{"line":72,"column":21},"end":{"line":72,"column":34}},"34":{"start":{"line":73,"column":23},"end":{"line":73,"column":45}},"35":{"start":{"line":74,"column":23},"end":{"line":74,"column":39}},"36":{"start":{"line":75,"column":25},"end":{"line":75,"column":40}},"37":{"start":{"line":76,"column":26},"end":{"line":76,"column":39}},"38":{"start":{"line":77,"column":21},"end":{"line":77,"column":34}},"39":{"start":{"line":78,"column":22},"end":{"line":78,"column":36}},"40":{"start":{"line":79,"column":23},"end":{"line":79,"column":38}},"41":{"start":{"line":80,"column":24},"end":{"line":80,"column":45}},"42":{"start":{"line":81,"column":24},"end":{"line":81,"column":41}},"43":{"start":{"line":82,"column":21},"end":{"line":82,"column":35}},"44":{"start":{"line":83,"column":22},"end":{"line":83,"column":36}},"45":{"start":{"line":84,"column":20},"end":{"line":84,"column":33}},"46":{"start":{"line":85,"column":20},"end":{"line":85,"column":37}},"47":{"start":{"line":87,"column":12},"end":{"line":87,"column":23}},"48":{"start":{"line":95,"column":35},"end":{"line":153,"column":1}},"49":{"start":{"line":96,"column":4},"end":{"line":152,"column":5}},"50":{"start":{"line":98,"column":12},"end":{"line":100,"column":13}},"51":{"start":{"line":99,"column":16},"end":{"line":99,"column":50}},"52":{"start":{"line":101,"column":12},"end":{"line":101,"column":132}},"53":{"start":{"line":103,"column":12},"end":{"line":103,"column":69}},"54":{"start":{"line":105,"column":12},"end":{"line":105,"column":72}},"55":{"start":{"line":107,"column":12},"end":{"line":107,"column":98}},"56":{"start":{"line":109,"column":12},"end":{"line":109,"column":73}},"57":{"start":{"line":111,"column":12},"end":{"line":111,"column":70}},"58":{"start":{"line":113,"column":12},"end":{"line":113,"column":74}},"59":{"start":{"line":115,"column":12},"end":{"line":115,"column":75}},"60":{"start":{"line":117,"column":12},"end":{"line":117,"column":79}},"61":{"start":{"line":119,"column":12},"end":{"line":119,"column":47}},"62":{"start":{"line":121,"column":12},"end":{"line":125,"column":13}},"63":{"start":{"line":122,"column":16},"end":{"line":122,"column":104}},"64":{"start":{"line":124,"column":16},"end":{"line":124,"column":72}},"65":{"start":{"line":127,"column":12},"end":{"line":134,"column":103}},"66":{"start":{"line":128,"column":16},"end":{"line":128,"column":92}},"67":{"start":{"line":129,"column":17},"end":{"line":134,"column":103}},"68":{"start":{"line":130,"column":16},"end":{"line":130,"column":103}},"69":{"start":{"line":131,"column":17},"end":{"line":134,"column":103}},"70":{"start":{"line":132,"column":16},"end":{"line":132,"column":119}},"71":{"start":{"line":134,"column":16},"end":{"line":134,"column":103}},"72":{"start":{"line":136,"column":12},"end":{"line":143,"column":71}},"73":{"start":{"line":137,"column":16},"end":{"line":137,"column":61}},"74":{"start":{"line":138,"column":17},"end":{"line":143,"column":71}},"75":{"start":{"line":139,"column":16},"end":{"line":139,"column":72}},"76":{"start":{"line":140,"column":17},"end":{"line":143,"column":71}},"77":{"start":{"line":141,"column":16},"end":{"line":141,"column":91}},"78":{"start":{"line":143,"column":16},"end":{"line":143,"column":71}},"79":{"start":{"line":145,"column":12},"end":{"line":145,"column":51}},"80":{"start":{"line":147,"column":12},"end":{"line":147,"column":67}},"81":{"start":{"line":149,"column":12},"end":{"line":149,"column":42}},"82":{"start":{"line":151,"column":12},"end":{"line":151,"column":81}},"83":{"start":{"line":156,"column":37},"end":{"line":162,"column":1}},"84":{"start":{"line":157,"column":4},"end":{"line":161,"column":6}},"85":{"start":{"line":158,"column":8},"end":{"line":160,"column":9}}},"fnMap":{"0":{"name":"(anonymous_0)","decl":{"start":{"line":6,"column":14},"end":{"line":6,"column":15}},"loc":{"start":{"line":6,"column":20},"end":{"line":8,"column":46}},"line":6},"1":{"name":"(anonymous_1)","decl":{"start":{"line":8,"column":19},"end":{"line":8,"column":20}},"loc":{"start":{"line":8,"column":28},"end":{"line":8,"column":45}},"line":8},"2":{"name":"(anonymous_2)","decl":{"start":{"line":10,"column":16},"end":{"line":10,"column":17}},"loc":{"start":{"line":10,"column":22},"end":{"line":12,"column":44}},"line":10},"3":{"name":"(anonymous_3)","decl":{"start":{"line":12,"column":19},"end":{"line":12,"column":20}},"loc":{"start":{"line":12,"column":28},"end":{"line":12,"column":43}},"line":12},"4":{"name":"(anonymous_4)","decl":{"start":{"line":14,"column":16},"end":{"line":14,"column":17}},"loc":{"start":{"line":14,"column":22},"end":{"line":16,"column":42}},"line":14},"5":{"name":"(anonymous_5)","decl":{"start":{"line":16,"column":19},"end":{"line":16,"column":20}},"loc":{"start":{"line":16,"column":28},"end":{"line":16,"column":41}},"line":16},"6":{"name":"(anonymous_6)","decl":{"start":{"line":18,"column":15},"end":{"line":18,"column":16}},"loc":{"start":{"line":18,"column":21},"end":{"line":20,"column":42}},"line":18},"7":{"name":"(anonymous_7)","decl":{"start":{"line":20,"column":19},"end":{"line":20,"column":20}},"loc":{"start":{"line":20,"column":28},"end":{"line":20,"column":41}},"line":20},"8":{"name":"(anonymous_8)","decl":{"start":{"line":22,"column":18},"end":{"line":22,"column":19}},"loc":{"start":{"line":22,"column":24},"end":{"line":24,"column":43}},"line":22},"9":{"name":"(anonymous_9)","decl":{"start":{"line":23,"column":16},"end":{"line":23,"column":17}},"loc":{"start":{"line":23,"column":25},"end":{"line":23,"column":58}},"line":23},"10":{"name":"(anonymous_10)","decl":{"start":{"line":24,"column":19},"end":{"line":24,"column":20}},"loc":{"start":{"line":24,"column":28},"end":{"line":24,"column":42}},"line":24},"11":{"name":"(anonymous_11)","decl":{"start":{"line":25,"column":9},"end":{"line":25,"column":10}},"loc":{"start":{"line":25,"column":15},"end":{"line":26,"column":52}},"line":25},"12":{"name":"(anonymous_12)","decl":{"start":{"line":26,"column":16},"end":{"line":26,"column":17}},"loc":{"start":{"line":26,"column":25},"end":{"line":26,"column":35}},"line":26},"13":{"name":"(anonymous_13)","decl":{"start":{"line":28,"column":10},"end":{"line":28,"column":11}},"loc":{"start":{"line":28,"column":16},"end":{"line":29,"column":56}},"line":28},"14":{"name":"(anonymous_14)","decl":{"start":{"line":29,"column":16},"end":{"line":29,"column":17}},"loc":{"start":{"line":29,"column":26},"end":{"line":29,"column":38}},"line":29},"15":{"name":"(anonymous_15)","decl":{"start":{"line":31,"column":9},"end":{"line":31,"column":10}},"loc":{"start":{"line":31,"column":15},"end":{"line":32,"column":52}},"line":31},"16":{"name":"(anonymous_16)","decl":{"start":{"line":32,"column":16},"end":{"line":32,"column":17}},"loc":{"start":{"line":32,"column":25},"end":{"line":32,"column":35}},"line":32},"17":{"name":"(anonymous_17)","decl":{"start":{"line":34,"column":9},"end":{"line":34,"column":10}},"loc":{"start":{"line":34,"column":15},"end":{"line":35,"column":41}},"line":34},"18":{"name":"(anonymous_18)","decl":{"start":{"line":37,"column":11},"end":{"line":37,"column":12}},"loc":{"start":{"line":37,"column":17},"end":{"line":39,"column":41}},"line":37},"19":{"name":"(anonymous_19)","decl":{"start":{"line":41,"column":11},"end":{"line":41,"column":12}},"loc":{"start":{"line":41,"column":17},"end":{"line":43,"column":98}},"line":41},"20":{"name":"(anonymous_20)","decl":{"start":{"line":45,"column":18},"end":{"line":45,"column":19}},"loc":{"start":{"line":45,"column":24},"end":{"line":47,"column":81}},"line":45},"21":{"name":"(anonymous_21)","decl":{"start":{"line":58,"column":17},"end":{"line":58,"column":18}},"loc":{"start":{"line":58,"column":29},"end":{"line":61,"column":25}},"line":58},"22":{"name":"(anonymous_22)","decl":{"start":{"line":58,"column":42},"end":{"line":58,"column":43}},"loc":{"start":{"line":58,"column":51},"end":{"line":61,"column":5}},"line":58},"23":{"name":"traduzirNomeTipo","decl":{"start":{"line":64,"column":9},"end":{"line":64,"column":25}},"loc":{"start":{"line":64,"column":32},"end":{"line":89,"column":1}},"line":64},"24":{"name":"(anonymous_24)","decl":{"start":{"line":95,"column":35},"end":{"line":95,"column":36}},"loc":{"start":{"line":95,"column":46},"end":{"line":153,"column":1}},"line":95},"25":{"name":"(anonymous_25)","decl":{"start":{"line":156,"column":37},"end":{"line":156,"column":38}},"loc":{"start":{"line":156,"column":43},"end":{"line":162,"column":1}},"line":156},"26":{"name":"(anonymous_26)","decl":{"start":{"line":157,"column":18},"end":{"line":157,"column":19}},"loc":{"start":{"line":157,"column":34},"end":{"line":161,"column":5}},"line":157}},"branchMap":{"0":{"loc":{"start":{"line":23,"column":25},"end":{"line":23,"column":58}},"type":"binary-expr","locations":[{"start":{"line":23,"column":25},"end":{"line":23,"column":39}},{"start":{"line":23,"column":43},"end":{"line":23,"column":58}}],"line":23},"1":{"loc":{"start":{"line":59,"column":8},"end":{"line":60,"column":23}},"type":"if","locations":[{"start":{"line":59,"column":8},"end":{"line":60,"column":23}},{"start":{"line":60,"column":13},"end":{"line":60,"column":23}}],"line":59},"2":{"loc":{"start":{"line":65,"column":4},"end":{"line":88,"column":5}},"type":"switch","locations":[{"start":{"line":66,"column":8},"end":{"line":66,"column":37}},{"start":{"line":67,"column":8},"end":{"line":67,"column":44}},{"start":{"line":68,"column":8},"end":{"line":68,"column":38}},{"start":{"line":69,"column":8},"end":{"line":69,"column":40}},{"start":{"line":70,"column":8},"end":{"line":70,"column":56}},{"start":{"line":71,"column":8},"end":{"line":71,"column":52}},{"start":{"line":72,"column":8},"end":{"line":72,"column":34}},{"start":{"line":73,"column":8},"end":{"line":73,"column":45}},{"start":{"line":74,"column":8},"end":{"line":74,"column":39}},{"start":{"line":75,"column":8},"end":{"line":75,"column":40}},{"start":{"line":76,"column":8},"end":{"line":76,"column":39}},{"start":{"line":77,"column":8},"end":{"line":77,"column":34}},{"start":{"line":78,"column":8},"end":{"line":78,"column":36}},{"start":{"line":79,"column":8},"end":{"line":79,"column":38}},{"start":{"line":80,"column":8},"end":{"line":80,"column":45}},{"start":{"line":81,"column":8},"end":{"line":81,"column":41}},{"start":{"line":82,"column":8},"end":{"line":82,"column":35}},{"start":{"line":83,"column":8},"end":{"line":83,"column":36}},{"start":{"line":84,"column":8},"end":{"line":84,"column":33}},{"start":{"line":85,"column":8},"end":{"line":85,"column":37}},{"start":{"line":86,"column":8},"end":{"line":87,"column":23}}],"line":65},"3":{"loc":{"start":{"line":96,"column":4},"end":{"line":152,"column":5}},"type":"switch","locations":[{"start":{"line":97,"column":8},"end":{"line":101,"column":132}},{"start":{"line":102,"column":8},"end":{"line":103,"column":69}},{"start":{"line":104,"column":8},"end":{"line":105,"column":72}},{"start":{"line":106,"column":8},"end":{"line":107,"column":98}},{"start":{"line":108,"column":8},"end":{"line":109,"column":73}},{"start":{"line":110,"column":8},"end":{"line":111,"column":70}},{"start":{"line":112,"column":8},"end":{"line":113,"column":74}},{"start":{"line":114,"column":8},"end":{"line":115,"column":75}},{"start":{"line":116,"column":8},"end":{"line":117,"column":79}},{"start":{"line":118,"column":8},"end":{"line":119,"column":47}},{"start":{"line":120,"column":8},"end":{"line":125,"column":13}},{"start":{"line":126,"column":8},"end":{"line":134,"column":103}},{"start":{"line":135,"column":8},"end":{"line":143,"column":71}},{"start":{"line":144,"column":8},"end":{"line":145,"column":51}},{"start":{"line":146,"column":8},"end":{"line":147,"column":67}},{"start":{"line":148,"column":8},"end":{"line":149,"column":42}},{"start":{"line":150,"column":8},"end":{"line":151,"column":81}}],"line":96},"4":{"loc":{"start":{"line":98,"column":12},"end":{"line":100,"column":13}},"type":"if","locations":[{"start":{"line":98,"column":12},"end":{"line":100,"column":13}},{"start":{},"end":{}}],"line":98},"5":{"loc":{"start":{"line":98,"column":16},"end":{"line":98,"column":75}},"type":"binary-expr","locations":[{"start":{"line":98,"column":16},"end":{"line":98,"column":46}},{"start":{"line":98,"column":50},"end":{"line":98,"column":75}}],"line":98},"6":{"loc":{"start":{"line":121,"column":12},"end":{"line":125,"column":13}},"type":"if","locations":[{"start":{"line":121,"column":12},"end":{"line":125,"column":13}},{"start":{"line":123,"column":19},"end":{"line":125,"column":13}}],"line":121},"7":{"loc":{"start":{"line":127,"column":12},"end":{"line":134,"column":103}},"type":"if","locations":[{"start":{"line":127,"column":12},"end":{"line":134,"column":103}},{"start":{"line":129,"column":17},"end":{"line":134,"column":103}}],"line":127},"8":{"loc":{"start":{"line":127,"column":16},"end":{"line":127,"column":66}},"type":"binary-expr","locations":[{"start":{"line":127,"column":16},"end":{"line":127,"column":39}},{"start":{"line":127,"column":43},"end":{"line":127,"column":66}}],"line":127},"9":{"loc":{"start":{"line":129,"column":17},"end":{"line":134,"column":103}},"type":"if","locations":[{"start":{"line":129,"column":17},"end":{"line":134,"column":103}},{"start":{"line":131,"column":17},"end":{"line":134,"column":103}}],"line":129},"10":{"loc":{"start":{"line":131,"column":17},"end":{"line":134,"column":103}},"type":"if","locations":[{"start":{"line":131,"column":17},"end":{"line":134,"column":103}},{"start":{"line":134,"column":16},"end":{"line":134,"column":103}}],"line":131},"11":{"loc":{"start":{"line":136,"column":12},"end":{"line":143,"column":71}},"type":"if","locations":[{"start":{"line":136,"column":12},"end":{"line":143,"column":71}},{"start":{"line":138,"column":17},"end":{"line":143,"column":71}}],"line":136},"12":{"loc":{"start":{"line":136,"column":16},"end":{"line":136,"column":66}},"type":"binary-expr","locations":[{"start":{"line":136,"column":16},"end":{"line":136,"column":39}},{"start":{"line":136,"column":43},"end":{"line":136,"column":66}}],"line":136},"13":{"loc":{"start":{"line":138,"column":17},"end":{"line":143,"column":71}},"type":"if","locations":[{"start":{"line":138,"column":17},"end":{"line":143,"column":71}},{"start":{"line":140,"column":17},"end":{"line":143,"column":71}}],"line":138},"14":{"loc":{"start":{"line":140,"column":17},"end":{"line":143,"column":71}},"type":"if","locations":[{"start":{"line":140,"column":17},"end":{"line":143,"column":71}},{"start":{"line":143,"column":16},"end":{"line":143,"column":71}}],"line":140},"15":{"loc":{"start":{"line":151,"column":19},"end":{"line":151,"column":81}},"type":"binary-expr","locations":[{"start":{"line":151,"column":19},"end":{"line":151,"column":32}},{"start":{"line":151,"column":36},"end":{"line":151,"column":81}}],"line":151}},"s":{"0":19,"1":1,"2":1,"3":1,"4":1,"5":1,"6":1,"7":1,"8":1,"9":1,"10":2,"11":1,"12":1,"13":2,"14":1,"15":2,"16":1,"17":2,"18":1,"19":61,"20":49,"21":25,"22":1,"23":2,"24":1,"25":1,"26":42,"27":7,"28":1,"29":5,"30":2,"31":2,"32":2,"33":1,"34":1,"35":1,"36":1,"37":1,"38":1,"39":3,"40":5,"41":1,"42":1,"43":1,"44":1,"45":1,"46":1,"47":3,"48":19,"49":49,"50":24,"51":3,"52":21,"53":1,"54":1,"55":1,"56":1,"57":1,"58":2,"59":1,"60":1,"61":1,"62":2,"63":1,"64":1,"65":4,"66":1,"67":3,"68":1,"69":2,"70":1,"71":1,"72":5,"73":2,"74":3,"75":1,"76":2,"77":1,"78":1,"79":1,"80":1,"81":1,"82":1,"83":19,"84":20,"85":3},"f":{"0":1,"1":1,"2":1,"3":1,"4":1,"5":1,"6":1,"7":1,"8":1,"9":2,"10":1,"11":1,"12":2,"13":1,"14":2,"15":1,"16":2,"17":1,"18":61,"19":49,"20":25,"21":1,"22":2,"23":42,"24":49,"25":20,"26":3},"b":{"0":[2,1],"1":[1,1],"2":[7,1,5,2,2,2,1,1,1,1,1,1,3,5,1,1,1,1,1,1,3],"3":[24,1,1,1,1,1,2,1,1,1,2,4,5,1,1,1,1],"4":[3,21],"5":[24,21],"6":[1,1],"7":[1,3],"8":[4,3],"9":[1,2],"10":[1,1],"11":[2,3],"12":[5,4],"13":[1,2],"14":[1,1],"15":[1,0]},"_coverageSchema":"1a1c01bbd47fc00a2c39e90264f33305004495a9","hash":"9ac67bf4b5a0f41d23bf99714fef79c821ab352d"}
}
