{"C:\\Users\\pablo\\Desktop\\academia-fslab-back-end\\src\\app.js": {"path":"C:\\Users\\pablo\\Desktop\\academia-fslab-back-end\\src\\app.js","statementMap":{"0":{"start":{"line":5,"column":12},"end":{"line":5,"column":21}},"1":{"start":{"line":7,"column":0},"end":{"line":7,"column":16}},"2":{"start":{"line":8,"column":0},"end":{"line":8,"column":24}},"3":{"start":{"line":9,"column":0},"end":{"line":9,"column":49}},"4":{"start":{"line":11,"column":0},"end":{"line":11,"column":12}}},"fnMap":{},"branchMap":{},"s":{"0":11,"1":11,"2":11,"3":11,"4":11},"f":{},"b":{},"_coverageSchema":"1a1c01bbd47fc00a2c39e90264f33305004495a9","hash":"88de181a0887c37dd6ee2763342249308298e082"}
,"C:\\Users\\pablo\\Desktop\\academia-fslab-back-end\\src\\config\\initialConfig.js": {"path":"C:\\Users\\pablo\\Desktop\\academia-fslab-back-end\\src\\config\\initialConfig.js","statementMap":{"0":{"start":{"line":8,"column":4},"end":{"line":29,"column":6}},"1":{"start":{"line":9,"column":8},"end":{"line":12,"column":9}},"2":{"start":{"line":10,"column":12},"end":{"line":10,"column":91}},"3":{"start":{"line":11,"column":12},"end":{"line":11,"column":28}},"4":{"start":{"line":14,"column":34},"end":{"line":14,"column":68}},"5":{"start":{"line":14,"column":56},"end":{"line":14,"column":67}},"6":{"start":{"line":16,"column":8},"end":{"line":28,"column":10}},"7":{"start":{"line":17,"column":12},"end":{"line":27,"column":13}},"8":{"start":{"line":18,"column":16},"end":{"line":26,"column":18}},"9":{"start":{"line":19,"column":20},"end":{"line":23,"column":21}},"10":{"start":{"line":20,"column":24},"end":{"line":20,"column":91}},"11":{"start":{"line":21,"column":24},"end":{"line":21,"column":42}},"12":{"start":{"line":22,"column":24},"end":{"line":22,"column":40}},"13":{"start":{"line":25,"column":20},"end":{"line":25,"column":71}},"14":{"start":{"line":33,"column":19},"end":{"line":33,"column":45}},"15":{"start":{"line":35,"column":4},"end":{"line":56,"column":5}},"16":{"start":{"line":36,"column":23},"end":{"line":46,"column":9}},"17":{"start":{"line":48,"column":8},"end":{"line":55,"column":9}},"18":{"start":{"line":50,"column":32},"end":{"line":52,"column":14}},"19":{"start":{"line":54,"column":12},"end":{"line":54,"column":60}},"20":{"start":{"line":60,"column":18},"end":{"line":60,"column":56}},"21":{"start":{"line":61,"column":18},"end":{"line":61,"column":56}},"22":{"start":{"line":63,"column":4},"end":{"line":66,"column":5}},"23":{"start":{"line":64,"column":8},"end":{"line":64,"column":110}},"24":{"start":{"line":65,"column":8},"end":{"line":65,"column":24}},"25":{"start":{"line":68,"column":20},"end":{"line":72,"column":6}},"26":{"start":{"line":74,"column":4},"end":{"line":94,"column":5}},"27":{"start":{"line":75,"column":24},"end":{"line":80,"column":10}},"28":{"start":{"line":83,"column":8},"end":{"line":91,"column":10}},"29":{"start":{"line":93,"column":8},"end":{"line":93,"column":64}}},"fnMap":{"0":{"name":"verificarMinio","decl":{"start":{"line":7,"column":22},"end":{"line":7,"column":36}},"loc":{"start":{"line":7,"column":39},"end":{"line":30,"column":1}},"line":7},"1":{"name":"(anonymous_1)","decl":{"start":{"line":8,"column":34},"end":{"line":8,"column":35}},"loc":{"start":{"line":8,"column":58},"end":{"line":29,"column":5}},"line":8},"2":{"name":"(anonymous_2)","decl":{"start":{"line":14,"column":46},"end":{"line":14,"column":47}},"loc":{"start":{"line":14,"column":56},"end":{"line":14,"column":67}},"line":14},"3":{"name":"(anonymous_3)","decl":{"start":{"line":16,"column":44},"end":{"line":16,"column":45}},"loc":{"start":{"line":16,"column":62},"end":{"line":28,"column":9}},"line":16},"4":{"name":"(anonymous_4)","decl":{"start":{"line":18,"column":66},"end":{"line":18,"column":67}},"loc":{"start":{"line":18,"column":75},"end":{"line":26,"column":17}},"line":18},"5":{"name":"verificarGrupos","decl":{"start":{"line":32,"column":22},"end":{"line":32,"column":37}},"loc":{"start":{"line":32,"column":40},"end":{"line":57,"column":1}},"line":32},"6":{"name":"verificarAdministradorPadrao","decl":{"start":{"line":59,"column":22},"end":{"line":59,"column":50}},"loc":{"start":{"line":59,"column":53},"end":{"line":95,"column":1}},"line":59}},"branchMap":{"0":{"loc":{"start":{"line":9,"column":8},"end":{"line":12,"column":9}},"type":"if","locations":[{"start":{"line":9,"column":8},"end":{"line":12,"column":9}},{"start":{},"end":{}}],"line":9},"1":{"loc":{"start":{"line":17,"column":12},"end":{"line":27,"column":13}},"type":"if","locations":[{"start":{"line":17,"column":12},"end":{"line":27,"column":13}},{"start":{},"end":{}}],"line":17},"2":{"loc":{"start":{"line":19,"column":20},"end":{"line":23,"column":21}},"type":"if","locations":[{"start":{"line":19,"column":20},"end":{"line":23,"column":21}},{"start":{},"end":{}}],"line":19},"3":{"loc":{"start":{"line":35,"column":4},"end":{"line":56,"column":5}},"type":"if","locations":[{"start":{"line":35,"column":4},"end":{"line":56,"column":5}},{"start":{},"end":{}}],"line":35},"4":{"loc":{"start":{"line":63,"column":4},"end":{"line":66,"column":5}},"type":"if","locations":[{"start":{"line":63,"column":4},"end":{"line":66,"column":5}},{"start":{},"end":{}}],"line":63},"5":{"loc":{"start":{"line":63,"column":8},"end":{"line":63,"column":24}},"type":"binary-expr","locations":[{"start":{"line":63,"column":8},"end":{"line":63,"column":14}},{"start":{"line":63,"column":18},"end":{"line":63,"column":24}}],"line":63},"6":{"loc":{"start":{"line":74,"column":4},"end":{"line":94,"column":5}},"type":"if","locations":[{"start":{"line":74,"column":4},"end":{"line":94,"column":5}},{"start":{},"end":{}}],"line":74}},"s":{"0":11,"1":11,"2":0,"3":0,"4":11,"5":22,"6":11,"7":22,"8":0,"9":0,"10":0,"11":0,"12":0,"13":0,"14":11,"15":11,"16":11,"17":11,"18":33,"19":33,"20":11,"21":11,"22":11,"23":0,"24":0,"25":11,"26":11,"27":11,"28":11,"29":11},"f":{"0":11,"1":11,"2":22,"3":22,"4":0,"5":11,"6":11},"b":{"0":[0,11],"1":[0,22],"2":[0,0],"3":[11,0],"4":[0,11],"5":[11,11],"6":[11,0]},"_coverageSchema":"1a1c01bbd47fc00a2c39e90264f33305004495a9","hash":"0af7f96099ab3cb7b4838d1e38ea76a31d203889"}
,"C:\\Users\\pablo\\Desktop\\academia-fslab-back-end\\src\\config\\minioConfig.js": {"path":"C:\\Users\\pablo\\Desktop\\academia-fslab-back-end\\src\\config\\minioConfig.js","statementMap":{"0":{"start":{"line":3,"column":20},"end":{"line":9,"column":2}}},"fnMap":{},"branchMap":{"0":{"loc":{"start":{"line":6,"column":12},"end":{"line":6,"column":61}},"type":"cond-expr","locations":[{"start":{"line":6,"column":49},"end":{"line":6,"column":53}},{"start":{"line":6,"column":56},"end":{"line":6,"column":61}}],"line":6}},"s":{"0":11},"f":{},"b":{"0":[0,11]},"_coverageSchema":"1a1c01bbd47fc00a2c39e90264f33305004495a9","hash":"0705fd13f5a44a7e597f09d430012e43286254c4"}
,"C:\\Users\\pablo\\Desktop\\academia-fslab-back-end\\src\\config\\prismaClient.js": {"path":"C:\\Users\\pablo\\Desktop\\academia-fslab-back-end\\src\\config\\prismaClient.js","statementMap":{"0":{"start":{"line":5,"column":0},"end":{"line":5,"column":15}},"1":{"start":{"line":7,"column":0},"end":{"line":7,"column":12}},"2":{"start":{"line":10,"column":15},"end":{"line":18,"column":2}},"3":{"start":{"line":22,"column":4},"end":{"line":30,"column":5}},"4":{"start":{"line":24,"column":8},"end":{"line":24,"column":32}},"5":{"start":{"line":25,"column":8},"end":{"line":25,"column":64}},"6":{"start":{"line":28,"column":8},"end":{"line":28,"column":68}},"7":{"start":{"line":29,"column":8},"end":{"line":29,"column":24}}},"fnMap":{"0":{"name":"verifyConnection","decl":{"start":{"line":21,"column":22},"end":{"line":21,"column":38}},"loc":{"start":{"line":21,"column":41},"end":{"line":31,"column":1}},"line":21}},"branchMap":{},"s":{"0":11,"1":11,"2":11,"3":0,"4":0,"5":0,"6":0,"7":0},"f":{"0":0},"b":{},"_coverageSchema":"1a1c01bbd47fc00a2c39e90264f33305004495a9","hash":"abffe925cd21100b2b5b5cef9af5412d6e3c54a5"}
,"C:\\Users\\pablo\\Desktop\\academia-fslab-back-end\\src\\config\\zodConfig.js": {"path":"C:\\Users\\pablo\\Desktop\\academia-fslab-back-end\\src\\config\\zodConfig.js","statementMap":{"0":{"start":{"line":3,"column":27},"end":{"line":3,"column":32}},"1":{"start":{"line":6,"column":25},"end":{"line":12,"column":1}},"2":{"start":{"line":7,"column":4},"end":{"line":7,"column":36}},"3":{"start":{"line":7,"column":29},"end":{"line":7,"column":36}},"4":{"start":{"line":8,"column":4},"end":{"line":8,"column":32}},"5":{"start":{"line":11,"column":4},"end":{"line":11,"column":28}}},"fnMap":{"0":{"name":"(anonymous_0)","decl":{"start":{"line":6,"column":25},"end":{"line":6,"column":26}},"loc":{"start":{"line":6,"column":37},"end":{"line":12,"column":1}},"line":6}},"branchMap":{"0":{"loc":{"start":{"line":7,"column":4},"end":{"line":7,"column":36}},"type":"if","locations":[{"start":{"line":7,"column":4},"end":{"line":7,"column":36}},{"start":{},"end":{}}],"line":7}},"s":{"0":11,"1":11,"2":11,"3":0,"4":11,"5":11},"f":{"0":11},"b":{"0":[0,11]},"_coverageSchema":"1a1c01bbd47fc00a2c39e90264f33305004495a9","hash":"c28b9409508b2a0fc51df37fe91308ca77ea7d87"}
,"C:\\Users\\pablo\\Desktop\\academia-fslab-back-end\\src\\controller\\authController.js": {"path":"C:\\Users\\pablo\\Desktop\\academia-fslab-back-end\\src\\controller\\authController.js","statementMap":{"0":{"start":{"line":10,"column":22},"end":{"line":10,"column":24}},"1":{"start":{"line":12,"column":33},"end":{"line":12,"column":41}},"2":{"start":{"line":14,"column":8},"end":{"line":18,"column":9}},"3":{"start":{"line":15,"column":12},"end":{"line":15,"column":76}},"4":{"start":{"line":17,"column":12},"end":{"line":17,"column":38}},"5":{"start":{"line":20,"column":8},"end":{"line":22,"column":9}},"6":{"start":{"line":21,"column":12},"end":{"line":21,"column":75}},"7":{"start":{"line":24,"column":8},"end":{"line":24,"column":63}},"8":{"start":{"line":24,"column":30},"end":{"line":24,"column":63}},"9":{"start":{"line":26,"column":25},"end":{"line":35,"column":10}},"10":{"start":{"line":37,"column":8},"end":{"line":37,"column":91}},"11":{"start":{"line":37,"column":31},"end":{"line":37,"column":91}},"12":{"start":{"line":39,"column":28},"end":{"line":39,"column":71}},"13":{"start":{"line":41,"column":8},"end":{"line":41,"column":86}},"14":{"start":{"line":41,"column":26},"end":{"line":41,"column":86}},"15":{"start":{"line":43,"column":8},"end":{"line":43,"column":89}},"16":{"start":{"line":43,"column":29},"end":{"line":43,"column":89}},"17":{"start":{"line":45,"column":22},"end":{"line":56,"column":9}},"18":{"start":{"line":58,"column":24},"end":{"line":58,"column":41}},"19":{"start":{"line":60,"column":8},"end":{"line":63,"column":10}},"20":{"start":{"line":67,"column":21},"end":{"line":67,"column":29}},"21":{"start":{"line":69,"column":25},"end":{"line":80,"column":10}},"22":{"start":{"line":82,"column":24},"end":{"line":89,"column":9}},"23":{"start":{"line":91,"column":8},"end":{"line":91,"column":48}}},"fnMap":{"0":{"name":"(anonymous_0)","decl":{"start":{"line":9,"column":4},"end":{"line":9,"column":5}},"loc":{"start":{"line":9,"column":33},"end":{"line":64,"column":5}},"line":9},"1":{"name":"(anonymous_1)","decl":{"start":{"line":66,"column":4},"end":{"line":66,"column":5}},"loc":{"start":{"line":66,"column":42},"end":{"line":92,"column":5}},"line":66}},"branchMap":{"0":{"loc":{"start":{"line":14,"column":8},"end":{"line":18,"column":9}},"type":"if","locations":[{"start":{"line":14,"column":8},"end":{"line":18,"column":9}},{"start":{"line":16,"column":15},"end":{"line":18,"column":9}}],"line":14},"1":{"loc":{"start":{"line":20,"column":8},"end":{"line":22,"column":9}},"type":"if","locations":[{"start":{"line":20,"column":8},"end":{"line":22,"column":9}},{"start":{},"end":{}}],"line":20},"2":{"loc":{"start":{"line":24,"column":8},"end":{"line":24,"column":63}},"type":"if","locations":[{"start":{"line":24,"column":8},"end":{"line":24,"column":63}},{"start":{},"end":{}}],"line":24},"3":{"loc":{"start":{"line":37,"column":8},"end":{"line":37,"column":91}},"type":"if","locations":[{"start":{"line":37,"column":8},"end":{"line":37,"column":91}},{"start":{},"end":{}}],"line":37},"4":{"loc":{"start":{"line":41,"column":8},"end":{"line":41,"column":86}},"type":"if","locations":[{"start":{"line":41,"column":8},"end":{"line":41,"column":86}},{"start":{},"end":{}}],"line":41},"5":{"loc":{"start":{"line":43,"column":8},"end":{"line":43,"column":89}},"type":"if","locations":[{"start":{"line":43,"column":8},"end":{"line":43,"column":89}},{"start":{},"end":{}}],"line":43}},"s":{"0":20,"1":20,"2":20,"3":1,"4":19,"5":20,"6":1,"7":20,"8":1,"9":19,"10":19,"11":1,"12":18,"13":18,"14":1,"15":17,"16":1,"17":16,"18":16,"19":16,"20":1,"21":1,"22":1,"23":1},"f":{"0":20,"1":1},"b":{"0":[1,19],"1":[1,19],"2":[1,19],"3":[1,18],"4":[1,17],"5":[1,16]},"_coverageSchema":"1a1c01bbd47fc00a2c39e90264f33305004495a9","hash":"cd4d1ea7df434459aef7b612c9e94bc88da97838"}
,"C:\\Users\\pablo\\Desktop\\academia-fslab-back-end\\src\\controller\\categoriaController.js": {"path":"C:\\Users\\pablo\\Desktop\\academia-fslab-back-end\\src\\controller\\categoriaController.js","statementMap":{"0":{"start":{"line":7,"column":22},"end":{"line":7,"column":24}},"1":{"start":{"line":9,"column":23},"end":{"line":9,"column":69}},"2":{"start":{"line":11,"column":30},"end":{"line":15,"column":10}},"3":{"start":{"line":17,"column":8},"end":{"line":19,"column":9}},"4":{"start":{"line":18,"column":12},"end":{"line":18,"column":101}},"5":{"start":{"line":21,"column":8},"end":{"line":21,"column":63}},"6":{"start":{"line":21,"column":30},"end":{"line":21,"column":63}},"7":{"start":{"line":23,"column":32},"end":{"line":27,"column":10}},"8":{"start":{"line":29,"column":8},"end":{"line":29,"column":55}},"9":{"start":{"line":33,"column":27},"end":{"line":33,"column":60}},"10":{"start":{"line":35,"column":8},"end":{"line":35,"column":50}},"11":{"start":{"line":39,"column":23},"end":{"line":39,"column":73}},"12":{"start":{"line":41,"column":31},"end":{"line":45,"column":10}},"13":{"start":{"line":47,"column":8},"end":{"line":49,"column":9}},"14":{"start":{"line":48,"column":12},"end":{"line":48,"column":81}},"15":{"start":{"line":51,"column":8},"end":{"line":51,"column":53}},"16":{"start":{"line":55,"column":22},"end":{"line":55,"column":24}},"17":{"start":{"line":57,"column":23},"end":{"line":57,"column":33}},"18":{"start":{"line":59,"column":23},"end":{"line":59,"column":31}},"19":{"start":{"line":61,"column":8},"end":{"line":61,"column":60}},"20":{"start":{"line":63,"column":31},"end":{"line":67,"column":10}},"21":{"start":{"line":69,"column":8},"end":{"line":71,"column":9}},"22":{"start":{"line":70,"column":12},"end":{"line":70,"column":65}},"23":{"start":{"line":73,"column":8},"end":{"line":83,"column":9}},"24":{"start":{"line":74,"column":34},"end":{"line":78,"column":14}},"25":{"start":{"line":80,"column":12},"end":{"line":82,"column":13}},"26":{"start":{"line":81,"column":16},"end":{"line":81,"column":78}},"27":{"start":{"line":85,"column":8},"end":{"line":85,"column":63}},"28":{"start":{"line":85,"column":30},"end":{"line":85,"column":63}},"29":{"start":{"line":87,"column":8},"end":{"line":94,"column":10}},"30":{"start":{"line":96,"column":8},"end":{"line":96,"column":41}},"31":{"start":{"line":100,"column":22},"end":{"line":100,"column":24}},"32":{"start":{"line":101,"column":23},"end":{"line":101,"column":73}},"33":{"start":{"line":104,"column":31},"end":{"line":108,"column":10}},"34":{"start":{"line":110,"column":8},"end":{"line":112,"column":9}},"35":{"start":{"line":111,"column":12},"end":{"line":111,"column":65}},"36":{"start":{"line":114,"column":8},"end":{"line":114,"column":63}},"37":{"start":{"line":114,"column":30},"end":{"line":114,"column":63}},"38":{"start":{"line":116,"column":8},"end":{"line":120,"column":10}},"39":{"start":{"line":122,"column":8},"end":{"line":122,"column":41}}},"fnMap":{"0":{"name":"(anonymous_0)","decl":{"start":{"line":6,"column":4},"end":{"line":6,"column":5}},"loc":{"start":{"line":6,"column":42},"end":{"line":30,"column":5}},"line":6},"1":{"name":"(anonymous_1)","decl":{"start":{"line":32,"column":4},"end":{"line":32,"column":5}},"loc":{"start":{"line":32,"column":44},"end":{"line":36,"column":5}},"line":32},"2":{"name":"(anonymous_2)","decl":{"start":{"line":38,"column":4},"end":{"line":38,"column":5}},"loc":{"start":{"line":38,"column":49},"end":{"line":52,"column":5}},"line":38},"3":{"name":"(anonymous_3)","decl":{"start":{"line":54,"column":4},"end":{"line":54,"column":5}},"loc":{"start":{"line":54,"column":44},"end":{"line":97,"column":5}},"line":54},"4":{"name":"(anonymous_4)","decl":{"start":{"line":99,"column":4},"end":{"line":99,"column":5}},"loc":{"start":{"line":99,"column":44},"end":{"line":123,"column":5}},"line":99}},"branchMap":{"0":{"loc":{"start":{"line":17,"column":8},"end":{"line":19,"column":9}},"type":"if","locations":[{"start":{"line":17,"column":8},"end":{"line":19,"column":9}},{"start":{},"end":{}}],"line":17},"1":{"loc":{"start":{"line":21,"column":8},"end":{"line":21,"column":63}},"type":"if","locations":[{"start":{"line":21,"column":8},"end":{"line":21,"column":63}},{"start":{},"end":{}}],"line":21},"2":{"loc":{"start":{"line":47,"column":8},"end":{"line":49,"column":9}},"type":"if","locations":[{"start":{"line":47,"column":8},"end":{"line":49,"column":9}},{"start":{},"end":{}}],"line":47},"3":{"loc":{"start":{"line":69,"column":8},"end":{"line":71,"column":9}},"type":"if","locations":[{"start":{"line":69,"column":8},"end":{"line":71,"column":9}},{"start":{},"end":{}}],"line":69},"4":{"loc":{"start":{"line":73,"column":8},"end":{"line":83,"column":9}},"type":"if","locations":[{"start":{"line":73,"column":8},"end":{"line":83,"column":9}},{"start":{},"end":{}}],"line":73},"5":{"loc":{"start":{"line":80,"column":12},"end":{"line":82,"column":13}},"type":"if","locations":[{"start":{"line":80,"column":12},"end":{"line":82,"column":13}},{"start":{},"end":{}}],"line":80},"6":{"loc":{"start":{"line":80,"column":16},"end":{"line":80,"column":65}},"type":"binary-expr","locations":[{"start":{"line":80,"column":16},"end":{"line":80,"column":38}},{"start":{"line":80,"column":42},"end":{"line":80,"column":65}}],"line":80},"7":{"loc":{"start":{"line":85,"column":8},"end":{"line":85,"column":63}},"type":"if","locations":[{"start":{"line":85,"column":8},"end":{"line":85,"column":63}},{"start":{},"end":{}}],"line":85},"8":{"loc":{"start":{"line":110,"column":8},"end":{"line":112,"column":9}},"type":"if","locations":[{"start":{"line":110,"column":8},"end":{"line":112,"column":9}},{"start":{},"end":{}}],"line":110},"9":{"loc":{"start":{"line":114,"column":8},"end":{"line":114,"column":63}},"type":"if","locations":[{"start":{"line":114,"column":8},"end":{"line":114,"column":63}},{"start":{},"end":{}}],"line":114}},"s":{"0":3,"1":3,"2":3,"3":3,"4":1,"5":3,"6":1,"7":2,"8":2,"9":1,"10":1,"11":2,"12":2,"13":2,"14":1,"15":1,"16":3,"17":3,"18":3,"19":3,"20":3,"21":3,"22":1,"23":3,"24":3,"25":3,"26":1,"27":3,"28":2,"29":1,"30":1,"31":2,"32":2,"33":2,"34":2,"35":1,"36":2,"37":1,"38":1,"39":1},"f":{"0":3,"1":1,"2":2,"3":3,"4":2},"b":{"0":[1,2],"1":[1,2],"2":[1,1],"3":[1,2],"4":[3,0],"5":[1,2],"6":[3,1],"7":[2,1],"8":[1,1],"9":[1,1]},"_coverageSchema":"1a1c01bbd47fc00a2c39e90264f33305004495a9","hash":"914385f83efc8dc570e7a8532ba144f8d994ce51"}
,"C:\\Users\\pablo\\Desktop\\academia-fslab-back-end\\src\\controller\\certificadoController.js": {"path":"C:\\Users\\pablo\\Desktop\\academia-fslab-back-end\\src\\controller\\certificadoController.js","statementMap":{"0":{"start":{"line":9,"column":29},"end":{"line":27,"column":10}},"1":{"start":{"line":29,"column":8},"end":{"line":29,"column":52}},"2":{"start":{"line":33,"column":27},"end":{"line":33,"column":90}},"3":{"start":{"line":35,"column":25},"end":{"line":39,"column":10}},"4":{"start":{"line":41,"column":8},"end":{"line":43,"column":9}},"5":{"start":{"line":42,"column":12},"end":{"line":42,"column":122}},"6":{"start":{"line":45,"column":28},"end":{"line":66,"column":10}},"7":{"start":{"line":68,"column":8},"end":{"line":68,"column":50}},"8":{"start":{"line":72,"column":23},"end":{"line":72,"column":34}},"9":{"start":{"line":74,"column":28},"end":{"line":74,"column":81}},"10":{"start":{"line":76,"column":26},"end":{"line":80,"column":10}},"11":{"start":{"line":82,"column":8},"end":{"line":84,"column":9}},"12":{"start":{"line":83,"column":12},"end":{"line":83,"column":121}},"13":{"start":{"line":86,"column":28},"end":{"line":108,"column":10}},"14":{"start":{"line":110,"column":8},"end":{"line":110,"column":50}},"15":{"start":{"line":114,"column":30},"end":{"line":114,"column":40}},"16":{"start":{"line":116,"column":28},"end":{"line":137,"column":10}},"17":{"start":{"line":139,"column":8},"end":{"line":144,"column":9}},"18":{"start":{"line":140,"column":12},"end":{"line":143,"column":15}},"19":{"start":{"line":146,"column":22},"end":{"line":146,"column":96}},"20":{"start":{"line":147,"column":24},"end":{"line":147,"column":105}},"21":{"start":{"line":148,"column":34},"end":{"line":148,"column":94}},"22":{"start":{"line":150,"column":8},"end":{"line":150,"column":83}},"23":{"start":{"line":152,"column":8},"end":{"line":152,"column":51}}},"fnMap":{"0":{"name":"(anonymous_0)","decl":{"start":{"line":7,"column":4},"end":{"line":7,"column":5}},"loc":{"start":{"line":7,"column":46},"end":{"line":30,"column":5}},"line":7},"1":{"name":"(anonymous_1)","decl":{"start":{"line":32,"column":4},"end":{"line":32,"column":5}},"loc":{"start":{"line":32,"column":55},"end":{"line":69,"column":5}},"line":32},"2":{"name":"(anonymous_2)","decl":{"start":{"line":71,"column":4},"end":{"line":71,"column":5}},"loc":{"start":{"line":71,"column":68},"end":{"line":111,"column":5}},"line":71},"3":{"name":"(anonymous_3)","decl":{"start":{"line":113,"column":4},"end":{"line":113,"column":5}},"loc":{"start":{"line":113,"column":46},"end":{"line":153,"column":5}},"line":113}},"branchMap":{"0":{"loc":{"start":{"line":41,"column":8},"end":{"line":43,"column":9}},"type":"if","locations":[{"start":{"line":41,"column":8},"end":{"line":43,"column":9}},{"start":{},"end":{}}],"line":41},"1":{"loc":{"start":{"line":82,"column":8},"end":{"line":84,"column":9}},"type":"if","locations":[{"start":{"line":82,"column":8},"end":{"line":84,"column":9}},{"start":{},"end":{}}],"line":82},"2":{"loc":{"start":{"line":139,"column":8},"end":{"line":144,"column":9}},"type":"if","locations":[{"start":{"line":139,"column":8},"end":{"line":144,"column":9}},{"start":{},"end":{}}],"line":139}},"s":{"0":1,"1":1,"2":2,"3":2,"4":2,"5":1,"6":1,"7":1,"8":2,"9":2,"10":2,"11":2,"12":1,"13":1,"14":1,"15":2,"16":2,"17":2,"18":1,"19":1,"20":1,"21":1,"22":1,"23":1},"f":{"0":1,"1":2,"2":2,"3":2},"b":{"0":[1,1],"1":[1,1],"2":[1,1]},"_coverageSchema":"1a1c01bbd47fc00a2c39e90264f33305004495a9","hash":"45219d52f2389f8af9af3c0fd78887a75b476cc4"}
,"C:\\Users\\pablo\\Desktop\\academia-fslab-back-end\\src\\controller\\conteudoController.js": {"path":"C:\\Users\\pablo\\Desktop\\academia-fslab-back-end\\src\\controller\\conteudoController.js","statementMap":{"0":{"start":{"line":9,"column":22},"end":{"line":9,"column":24}},"1":{"start":{"line":11,"column":67},"end":{"line":11,"column":116}},"2":{"start":{"line":13,"column":27},"end":{"line":27,"column":10}},"3":{"start":{"line":29,"column":8},"end":{"line":34,"column":9}},"4":{"start":{"line":30,"column":12},"end":{"line":33,"column":15}},"5":{"start":{"line":36,"column":34},"end":{"line":41,"column":10}},"6":{"start":{"line":43,"column":8},"end":{"line":48,"column":9}},"7":{"start":{"line":44,"column":12},"end":{"line":47,"column":15}},"8":{"start":{"line":51,"column":24},"end":{"line":51,"column":78}},"9":{"start":{"line":53,"column":8},"end":{"line":58,"column":9}},"10":{"start":{"line":54,"column":12},"end":{"line":57,"column":15}},"11":{"start":{"line":60,"column":8},"end":{"line":60,"column":64}},"12":{"start":{"line":60,"column":30},"end":{"line":60,"column":64}},"13":{"start":{"line":62,"column":8},"end":{"line":71,"column":9}},"14":{"start":{"line":63,"column":27},"end":{"line":63,"column":38}},"15":{"start":{"line":65,"column":32},"end":{"line":65,"column":107}},"16":{"start":{"line":65,"column":79},"end":{"line":65,"column":106}},"17":{"start":{"line":66,"column":30},"end":{"line":66,"column":65}},"18":{"start":{"line":68,"column":12},"end":{"line":70,"column":13}},"19":{"start":{"line":69,"column":16},"end":{"line":69,"column":118}},"20":{"start":{"line":73,"column":35},"end":{"line":77,"column":10}},"21":{"start":{"line":79,"column":39},"end":{"line":79,"column":72}},"22":{"start":{"line":81,"column":39},"end":{"line":81,"column":73}},"23":{"start":{"line":82,"column":37},"end":{"line":82,"column":84}},"24":{"start":{"line":85,"column":8},"end":{"line":104,"column":10}},"25":{"start":{"line":87,"column":12},"end":{"line":92,"column":14}},"26":{"start":{"line":94,"column":12},"end":{"line":103,"column":14}},"27":{"start":{"line":105,"column":8},"end":{"line":105,"column":53}},"28":{"start":{"line":109,"column":22},"end":{"line":109,"column":24}},"29":{"start":{"line":111,"column":23},"end":{"line":111,"column":75}},"30":{"start":{"line":113,"column":30},"end":{"line":117,"column":10}},"31":{"start":{"line":119,"column":8},"end":{"line":121,"column":9}},"32":{"start":{"line":120,"column":12},"end":{"line":120,"column":65}},"33":{"start":{"line":123,"column":8},"end":{"line":123,"column":63}},"34":{"start":{"line":123,"column":30},"end":{"line":123,"column":63}},"35":{"start":{"line":125,"column":8},"end":{"line":125,"column":116}},"36":{"start":{"line":129,"column":22},"end":{"line":129,"column":24}},"37":{"start":{"line":131,"column":29},"end":{"line":131,"column":90}},"38":{"start":{"line":133,"column":30},"end":{"line":138,"column":10}},"39":{"start":{"line":140,"column":8},"end":{"line":142,"column":9}},"40":{"start":{"line":141,"column":12},"end":{"line":141,"column":65}},"41":{"start":{"line":144,"column":8},"end":{"line":144,"column":63}},"42":{"start":{"line":144,"column":30},"end":{"line":144,"column":63}},"43":{"start":{"line":146,"column":43},"end":{"line":149,"column":11}},"44":{"start":{"line":146,"column":74},"end":{"line":149,"column":9}},"45":{"start":{"line":151,"column":8},"end":{"line":151,"column":65}},"46":{"start":{"line":155,"column":22},"end":{"line":155,"column":24}},"47":{"start":{"line":157,"column":23},"end":{"line":157,"column":75}},"48":{"start":{"line":158,"column":64},"end":{"line":158,"column":115}},"49":{"start":{"line":160,"column":29},"end":{"line":178,"column":10}},"50":{"start":{"line":180,"column":8},"end":{"line":182,"column":9}},"51":{"start":{"line":181,"column":12},"end":{"line":181,"column":82}},"52":{"start":{"line":184,"column":8},"end":{"line":198,"column":9}},"53":{"start":{"line":185,"column":38},"end":{"line":190,"column":14}},"54":{"start":{"line":192,"column":12},"end":{"line":197,"column":13}},"55":{"start":{"line":193,"column":16},"end":{"line":196,"column":19}},"56":{"start":{"line":200,"column":8},"end":{"line":210,"column":9}},"57":{"start":{"line":202,"column":28},"end":{"line":202,"column":82}},"58":{"start":{"line":204,"column":12},"end":{"line":209,"column":13}},"59":{"start":{"line":205,"column":16},"end":{"line":208,"column":19}},"60":{"start":{"line":212,"column":8},"end":{"line":212,"column":64}},"61":{"start":{"line":212,"column":30},"end":{"line":212,"column":64}},"62":{"start":{"line":214,"column":8},"end":{"line":223,"column":9}},"63":{"start":{"line":215,"column":27},"end":{"line":215,"column":38}},"64":{"start":{"line":217,"column":32},"end":{"line":217,"column":116}},"65":{"start":{"line":217,"column":88},"end":{"line":217,"column":115}},"66":{"start":{"line":218,"column":30},"end":{"line":218,"column":74}},"67":{"start":{"line":220,"column":12},"end":{"line":222,"column":13}},"68":{"start":{"line":221,"column":16},"end":{"line":221,"column":120}},"69":{"start":{"line":226,"column":12},"end":{"line":228,"column":43}},"70":{"start":{"line":230,"column":39},"end":{"line":230,"column":77}},"71":{"start":{"line":231,"column":37},"end":{"line":231,"column":114}},"72":{"start":{"line":233,"column":31},"end":{"line":237,"column":10}},"73":{"start":{"line":239,"column":27},"end":{"line":239,"column":45}},"74":{"start":{"line":240,"column":26},"end":{"line":240,"column":91}},"75":{"start":{"line":242,"column":8},"end":{"line":296,"column":10}},"76":{"start":{"line":243,"column":12},"end":{"line":275,"column":13}},"77":{"start":{"line":244,"column":16},"end":{"line":274,"column":17}},"78":{"start":{"line":245,"column":20},"end":{"line":258,"column":22}},"79":{"start":{"line":259,"column":23},"end":{"line":274,"column":17}},"80":{"start":{"line":260,"column":20},"end":{"line":273,"column":22}},"81":{"start":{"line":277,"column":12},"end":{"line":288,"column":14}},"82":{"start":{"line":290,"column":12},"end":{"line":295,"column":14}},"83":{"start":{"line":298,"column":8},"end":{"line":298,"column":41}},"84":{"start":{"line":302,"column":22},"end":{"line":302,"column":24}},"85":{"start":{"line":304,"column":23},"end":{"line":304,"column":33}},"86":{"start":{"line":306,"column":29},"end":{"line":324,"column":10}},"87":{"start":{"line":327,"column":8},"end":{"line":329,"column":9}},"88":{"start":{"line":328,"column":12},"end":{"line":328,"column":72}},"89":{"start":{"line":331,"column":8},"end":{"line":331,"column":64}},"90":{"start":{"line":331,"column":30},"end":{"line":331,"column":64}},"91":{"start":{"line":333,"column":8},"end":{"line":342,"column":9}},"92":{"start":{"line":334,"column":27},"end":{"line":334,"column":38}},"93":{"start":{"line":336,"column":32},"end":{"line":336,"column":116}},"94":{"start":{"line":336,"column":88},"end":{"line":336,"column":115}},"95":{"start":{"line":337,"column":30},"end":{"line":337,"column":74}},"96":{"start":{"line":339,"column":12},"end":{"line":341,"column":13}},"97":{"start":{"line":340,"column":16},"end":{"line":340,"column":117}},"98":{"start":{"line":344,"column":37},"end":{"line":344,"column":103}},"99":{"start":{"line":346,"column":8},"end":{"line":374,"column":11}},"100":{"start":{"line":348,"column":12},"end":{"line":353,"column":15}},"101":{"start":{"line":355,"column":12},"end":{"line":359,"column":15}},"102":{"start":{"line":361,"column":12},"end":{"line":373,"column":15}},"103":{"start":{"line":376,"column":8},"end":{"line":376,"column":42}}},"fnMap":{"0":{"name":"(anonymous_0)","decl":{"start":{"line":8,"column":4},"end":{"line":8,"column":5}},"loc":{"start":{"line":8,"column":41},"end":{"line":106,"column":5}},"line":8},"1":{"name":"(anonymous_1)","decl":{"start":{"line":65,"column":66},"end":{"line":65,"column":67}},"loc":{"start":{"line":65,"column":79},"end":{"line":65,"column":106}},"line":65},"2":{"name":"(anonymous_2)","decl":{"start":{"line":85,"column":34},"end":{"line":85,"column":35}},"loc":{"start":{"line":85,"column":52},"end":{"line":104,"column":9}},"line":85},"3":{"name":"(anonymous_3)","decl":{"start":{"line":108,"column":4},"end":{"line":108,"column":5}},"loc":{"start":{"line":108,"column":47},"end":{"line":126,"column":5}},"line":108},"4":{"name":"(anonymous_4)","decl":{"start":{"line":128,"column":4},"end":{"line":128,"column":5}},"loc":{"start":{"line":128,"column":51},"end":{"line":152,"column":5}},"line":128},"5":{"name":"(anonymous_5)","decl":{"start":{"line":146,"column":61},"end":{"line":146,"column":62}},"loc":{"start":{"line":146,"column":74},"end":{"line":149,"column":9}},"line":146},"6":{"name":"(anonymous_6)","decl":{"start":{"line":154,"column":4},"end":{"line":154,"column":5}},"loc":{"start":{"line":154,"column":43},"end":{"line":299,"column":5}},"line":154},"7":{"name":"(anonymous_7)","decl":{"start":{"line":217,"column":75},"end":{"line":217,"column":76}},"loc":{"start":{"line":217,"column":88},"end":{"line":217,"column":115}},"line":217},"8":{"name":"(anonymous_8)","decl":{"start":{"line":242,"column":34},"end":{"line":242,"column":35}},"loc":{"start":{"line":242,"column":52},"end":{"line":296,"column":9}},"line":242},"9":{"name":"(anonymous_9)","decl":{"start":{"line":301,"column":4},"end":{"line":301,"column":5}},"loc":{"start":{"line":301,"column":43},"end":{"line":377,"column":5}},"line":301},"10":{"name":"(anonymous_10)","decl":{"start":{"line":336,"column":75},"end":{"line":336,"column":76}},"loc":{"start":{"line":336,"column":88},"end":{"line":336,"column":115}},"line":336},"11":{"name":"(anonymous_11)","decl":{"start":{"line":346,"column":34},"end":{"line":346,"column":35}},"loc":{"start":{"line":346,"column":52},"end":{"line":374,"column":9}},"line":346}},"branchMap":{"0":{"loc":{"start":{"line":29,"column":8},"end":{"line":34,"column":9}},"type":"if","locations":[{"start":{"line":29,"column":8},"end":{"line":34,"column":9}},{"start":{},"end":{}}],"line":29},"1":{"loc":{"start":{"line":43,"column":8},"end":{"line":48,"column":9}},"type":"if","locations":[{"start":{"line":43,"column":8},"end":{"line":48,"column":9}},{"start":{},"end":{}}],"line":43},"2":{"loc":{"start":{"line":53,"column":8},"end":{"line":58,"column":9}},"type":"if","locations":[{"start":{"line":53,"column":8},"end":{"line":58,"column":9}},{"start":{},"end":{}}],"line":53},"3":{"loc":{"start":{"line":60,"column":8},"end":{"line":60,"column":64}},"type":"if","locations":[{"start":{"line":60,"column":8},"end":{"line":60,"column":64}},{"start":{},"end":{}}],"line":60},"4":{"loc":{"start":{"line":62,"column":8},"end":{"line":71,"column":9}},"type":"if","locations":[{"start":{"line":62,"column":8},"end":{"line":71,"column":9}},{"start":{},"end":{}}],"line":62},"5":{"loc":{"start":{"line":68,"column":12},"end":{"line":70,"column":13}},"type":"if","locations":[{"start":{"line":68,"column":12},"end":{"line":70,"column":13}},{"start":{},"end":{}}],"line":68},"6":{"loc":{"start":{"line":68,"column":16},"end":{"line":68,"column":42}},"type":"binary-expr","locations":[{"start":{"line":68,"column":16},"end":{"line":68,"column":26}},{"start":{"line":68,"column":30},"end":{"line":68,"column":42}}],"line":68},"7":{"loc":{"start":{"line":81,"column":39},"end":{"line":81,"column":73}},"type":"binary-expr","locations":[{"start":{"line":81,"column":39},"end":{"line":81,"column":68}},{"start":{"line":81,"column":72},"end":{"line":81,"column":73}}],"line":81},"8":{"loc":{"start":{"line":119,"column":8},"end":{"line":121,"column":9}},"type":"if","locations":[{"start":{"line":119,"column":8},"end":{"line":121,"column":9}},{"start":{},"end":{}}],"line":119},"9":{"loc":{"start":{"line":123,"column":8},"end":{"line":123,"column":63}},"type":"if","locations":[{"start":{"line":123,"column":8},"end":{"line":123,"column":63}},{"start":{},"end":{}}],"line":123},"10":{"loc":{"start":{"line":140,"column":8},"end":{"line":142,"column":9}},"type":"if","locations":[{"start":{"line":140,"column":8},"end":{"line":142,"column":9}},{"start":{},"end":{}}],"line":140},"11":{"loc":{"start":{"line":144,"column":8},"end":{"line":144,"column":63}},"type":"if","locations":[{"start":{"line":144,"column":8},"end":{"line":144,"column":63}},{"start":{},"end":{}}],"line":144},"12":{"loc":{"start":{"line":180,"column":8},"end":{"line":182,"column":9}},"type":"if","locations":[{"start":{"line":180,"column":8},"end":{"line":182,"column":9}},{"start":{},"end":{}}],"line":180},"13":{"loc":{"start":{"line":184,"column":8},"end":{"line":198,"column":9}},"type":"if","locations":[{"start":{"line":184,"column":8},"end":{"line":198,"column":9}},{"start":{},"end":{}}],"line":184},"14":{"loc":{"start":{"line":192,"column":12},"end":{"line":197,"column":13}},"type":"if","locations":[{"start":{"line":192,"column":12},"end":{"line":197,"column":13}},{"start":{},"end":{}}],"line":192},"15":{"loc":{"start":{"line":192,"column":16},"end":{"line":192,"column":77}},"type":"binary-expr","locations":[{"start":{"line":192,"column":16},"end":{"line":192,"column":33}},{"start":{"line":192,"column":37},"end":{"line":192,"column":77}}],"line":192},"16":{"loc":{"start":{"line":200,"column":8},"end":{"line":210,"column":9}},"type":"if","locations":[{"start":{"line":200,"column":8},"end":{"line":210,"column":9}},{"start":{},"end":{}}],"line":200},"17":{"loc":{"start":{"line":204,"column":12},"end":{"line":209,"column":13}},"type":"if","locations":[{"start":{"line":204,"column":12},"end":{"line":209,"column":13}},{"start":{},"end":{}}],"line":204},"18":{"loc":{"start":{"line":212,"column":8},"end":{"line":212,"column":64}},"type":"if","locations":[{"start":{"line":212,"column":8},"end":{"line":212,"column":64}},{"start":{},"end":{}}],"line":212},"19":{"loc":{"start":{"line":214,"column":8},"end":{"line":223,"column":9}},"type":"if","locations":[{"start":{"line":214,"column":8},"end":{"line":223,"column":9}},{"start":{},"end":{}}],"line":214},"20":{"loc":{"start":{"line":220,"column":12},"end":{"line":222,"column":13}},"type":"if","locations":[{"start":{"line":220,"column":12},"end":{"line":222,"column":13}},{"start":{},"end":{}}],"line":220},"21":{"loc":{"start":{"line":220,"column":16},"end":{"line":220,"column":42}},"type":"binary-expr","locations":[{"start":{"line":220,"column":16},"end":{"line":220,"column":26}},{"start":{"line":220,"column":30},"end":{"line":220,"column":42}}],"line":220},"22":{"loc":{"start":{"line":226,"column":12},"end":{"line":228,"column":43}},"type":"cond-expr","locations":[{"start":{"line":227,"column":18},"end":{"line":227,"column":51}},{"start":{"line":228,"column":18},"end":{"line":228,"column":43}}],"line":226},"23":{"loc":{"start":{"line":240,"column":26},"end":{"line":240,"column":91}},"type":"cond-expr","locations":[{"start":{"line":240,"column":34},"end":{"line":240,"column":78}},{"start":{"line":240,"column":81},"end":{"line":240,"column":91}}],"line":240},"24":{"loc":{"start":{"line":243,"column":12},"end":{"line":275,"column":13}},"type":"if","locations":[{"start":{"line":243,"column":12},"end":{"line":275,"column":13}},{"start":{},"end":{}}],"line":243},"25":{"loc":{"start":{"line":244,"column":16},"end":{"line":274,"column":17}},"type":"if","locations":[{"start":{"line":244,"column":16},"end":{"line":274,"column":17}},{"start":{"line":259,"column":23},"end":{"line":274,"column":17}}],"line":244},"26":{"loc":{"start":{"line":259,"column":23},"end":{"line":274,"column":17}},"type":"if","locations":[{"start":{"line":259,"column":23},"end":{"line":274,"column":17}},{"start":{},"end":{}}],"line":259},"27":{"loc":{"start":{"line":327,"column":8},"end":{"line":329,"column":9}},"type":"if","locations":[{"start":{"line":327,"column":8},"end":{"line":329,"column":9}},{"start":{},"end":{}}],"line":327},"28":{"loc":{"start":{"line":331,"column":8},"end":{"line":331,"column":64}},"type":"if","locations":[{"start":{"line":331,"column":8},"end":{"line":331,"column":64}},{"start":{},"end":{}}],"line":331},"29":{"loc":{"start":{"line":333,"column":8},"end":{"line":342,"column":9}},"type":"if","locations":[{"start":{"line":333,"column":8},"end":{"line":342,"column":9}},{"start":{},"end":{}}],"line":333},"30":{"loc":{"start":{"line":339,"column":12},"end":{"line":341,"column":13}},"type":"if","locations":[{"start":{"line":339,"column":12},"end":{"line":341,"column":13}},{"start":{},"end":{}}],"line":339},"31":{"loc":{"start":{"line":339,"column":16},"end":{"line":339,"column":42}},"type":"binary-expr","locations":[{"start":{"line":339,"column":16},"end":{"line":339,"column":26}},{"start":{"line":339,"column":30},"end":{"line":339,"column":42}}],"line":339}},"s":{"0":5,"1":5,"2":5,"3":5,"4":1,"5":5,"6":5,"7":1,"8":5,"9":5,"10":1,"11":5,"12":3,"13":2,"14":1,"15":1,"16":0,"17":1,"18":1,"19":1,"20":1,"21":1,"22":1,"23":1,"24":1,"25":1,"26":1,"27":1,"28":2,"29":2,"30":2,"31":2,"32":1,"33":2,"34":1,"35":1,"36":2,"37":2,"38":2,"39":2,"40":1,"41":2,"42":1,"43":1,"44":1,"45":1,"46":7,"47":7,"48":7,"49":7,"50":7,"51":1,"52":6,"53":2,"54":2,"55":1,"56":6,"57":3,"58":3,"59":1,"60":6,"61":2,"62":4,"63":1,"64":1,"65":0,"66":1,"67":1,"68":1,"69":3,"70":3,"71":3,"72":3,"73":3,"74":3,"75":3,"76":3,"77":2,"78":1,"79":1,"80":1,"81":3,"82":3,"83":3,"84":3,"85":3,"86":3,"87":3,"88":1,"89":3,"90":1,"91":2,"92":1,"93":1,"94":0,"95":1,"96":1,"97":1,"98":1,"99":1,"100":1,"101":1,"102":1,"103":1},"f":{"0":5,"1":0,"2":1,"3":2,"4":2,"5":1,"6":7,"7":0,"8":3,"9":3,"10":0,"11":1},"b":{"0":[1,4],"1":[1,4],"2":[1,4],"3":[3,2],"4":[1,1],"5":[1,0],"6":[1,1],"7":[1,0],"8":[1,1],"9":[1,1],"10":[1,1],"11":[1,1],"12":[1,6],"13":[2,4],"14":[1,1],"15":[2,2],"16":[3,3],"17":[1,2],"18":[2,4],"19":[1,3],"20":[1,0],"21":[1,1],"22":[1,2],"23":[2,1],"24":[2,1],"25":[1,1],"26":[1,0],"27":[1,2],"28":[1,2],"29":[1,1],"30":[1,0],"31":[1,1]},"_coverageSchema":"1a1c01bbd47fc00a2c39e90264f33305004495a9","hash":"c2f2077ca4e95031481e8505f368e2f8467ecaba"}
,"C:\\Users\\pablo\\Desktop\\academia-fslab-back-end\\src\\controller\\cursosController.js": {"path":"C:\\Users\\pablo\\Desktop\\academia-fslab-back-end\\src\\controller\\cursosController.js","statementMap":{"0":{"start":{"line":12,"column":22},"end":{"line":12,"column":24}},"1":{"start":{"line":14,"column":50},"end":{"line":14,"column":88}},"2":{"start":{"line":16,"column":26},"end":{"line":20,"column":10}},"3":{"start":{"line":22,"column":8},"end":{"line":24,"column":9}},"4":{"start":{"line":23,"column":12},"end":{"line":23,"column":101}},"5":{"start":{"line":26,"column":8},"end":{"line":44,"column":9}},"6":{"start":{"line":27,"column":34},"end":{"line":34,"column":14}},"7":{"start":{"line":36,"column":42},"end":{"line":36,"column":76}},"8":{"start":{"line":36,"column":68},"end":{"line":36,"column":75}},"9":{"start":{"line":39,"column":45},"end":{"line":39,"column":104}},"10":{"start":{"line":39,"column":68},"end":{"line":39,"column":103}},"11":{"start":{"line":41,"column":12},"end":{"line":43,"column":13}},"12":{"start":{"line":42,"column":16},"end":{"line":42,"column":142}},"13":{"start":{"line":46,"column":8},"end":{"line":46,"column":63}},"14":{"start":{"line":46,"column":30},"end":{"line":46,"column":63}},"15":{"start":{"line":48,"column":28},"end":{"line":60,"column":10}},"16":{"start":{"line":54,"column":24},"end":{"line":54,"column":37}},"17":{"start":{"line":62,"column":8},"end":{"line":62,"column":51}},"18":{"start":{"line":66,"column":22},"end":{"line":66,"column":52}},"19":{"start":{"line":68,"column":52},"end":{"line":68,"column":61}},"20":{"start":{"line":70,"column":8},"end":{"line":77,"column":9}},"21":{"start":{"line":70,"column":20},"end":{"line":77,"column":9}},"22":{"start":{"line":79,"column":26},"end":{"line":79,"column":76}},"23":{"start":{"line":81,"column":23},"end":{"line":99,"column":10}},"24":{"start":{"line":101,"column":8},"end":{"line":109,"column":9}},"25":{"start":{"line":102,"column":12},"end":{"line":102,"column":85}},"26":{"start":{"line":102,"column":67},"end":{"line":102,"column":84}},"27":{"start":{"line":104,"column":26},"end":{"line":104,"column":88}},"28":{"start":{"line":105,"column":28},"end":{"line":105,"column":97}},"29":{"start":{"line":106,"column":38},"end":{"line":106,"column":86}},"30":{"start":{"line":108,"column":12},"end":{"line":108,"column":75}},"31":{"start":{"line":111,"column":8},"end":{"line":113,"column":9}},"32":{"start":{"line":117,"column":22},"end":{"line":117,"column":35}},"33":{"start":{"line":119,"column":63},"end":{"line":119,"column":72}},"34":{"start":{"line":121,"column":8},"end":{"line":128,"column":9}},"35":{"start":{"line":121,"column":20},"end":{"line":128,"column":9}},"36":{"start":{"line":130,"column":8},"end":{"line":153,"column":9}},"37":{"start":{"line":131,"column":30},"end":{"line":131,"column":41}},"38":{"start":{"line":132,"column":43},"end":{"line":145,"column":13}},"39":{"start":{"line":147,"column":12},"end":{"line":152,"column":14}},"40":{"start":{"line":155,"column":8},"end":{"line":155,"column":117}},"41":{"start":{"line":155,"column":57},"end":{"line":155,"column":117}},"42":{"start":{"line":157,"column":26},"end":{"line":157,"column":76}},"43":{"start":{"line":159,"column":23},"end":{"line":178,"column":10}},"44":{"start":{"line":180,"column":8},"end":{"line":188,"column":9}},"45":{"start":{"line":181,"column":12},"end":{"line":181,"column":85}},"46":{"start":{"line":181,"column":67},"end":{"line":181,"column":84}},"47":{"start":{"line":183,"column":26},"end":{"line":183,"column":88}},"48":{"start":{"line":184,"column":28},"end":{"line":184,"column":97}},"49":{"start":{"line":185,"column":38},"end":{"line":185,"column":86}},"50":{"start":{"line":187,"column":12},"end":{"line":187,"column":75}},"51":{"start":{"line":190,"column":8},"end":{"line":192,"column":9}},"52":{"start":{"line":196,"column":22},"end":{"line":196,"column":24}},"53":{"start":{"line":198,"column":22},"end":{"line":198,"column":35}},"54":{"start":{"line":200,"column":23},"end":{"line":200,"column":64}},"55":{"start":{"line":201,"column":30},"end":{"line":201,"column":38}},"56":{"start":{"line":203,"column":8},"end":{"line":203,"column":29}},"57":{"start":{"line":205,"column":8},"end":{"line":228,"column":9}},"58":{"start":{"line":207,"column":43},"end":{"line":220,"column":13}},"59":{"start":{"line":222,"column":12},"end":{"line":227,"column":14}},"60":{"start":{"line":230,"column":22},"end":{"line":239,"column":10}},"61":{"start":{"line":241,"column":8},"end":{"line":243,"column":9}},"62":{"start":{"line":242,"column":12},"end":{"line":242,"column":111}},"63":{"start":{"line":245,"column":8},"end":{"line":263,"column":9}},"64":{"start":{"line":247,"column":12},"end":{"line":249,"column":13}},"65":{"start":{"line":248,"column":16},"end":{"line":248,"column":103}},"66":{"start":{"line":251,"column":43},"end":{"line":253,"column":13}},"67":{"start":{"line":252,"column":16},"end":{"line":252,"column":66}},"68":{"start":{"line":255,"column":12},"end":{"line":260,"column":13}},"69":{"start":{"line":256,"column":16},"end":{"line":259,"column":19}},"70":{"start":{"line":262,"column":12},"end":{"line":262,"column":67}},"71":{"start":{"line":262,"column":34},"end":{"line":262,"column":67}},"72":{"start":{"line":264,"column":8},"end":{"line":269,"column":10}},"73":{"start":{"line":271,"column":8},"end":{"line":273,"column":10}},"74":{"start":{"line":277,"column":23},"end":{"line":277,"column":33}},"75":{"start":{"line":279,"column":26},"end":{"line":307,"column":10}},"76":{"start":{"line":309,"column":8},"end":{"line":311,"column":9}},"77":{"start":{"line":310,"column":12},"end":{"line":310,"column":113}},"78":{"start":{"line":313,"column":8},"end":{"line":313,"column":89}},"79":{"start":{"line":313,"column":71},"end":{"line":313,"column":88}},"80":{"start":{"line":315,"column":32},"end":{"line":320,"column":9}},"81":{"start":{"line":316,"column":26},"end":{"line":316,"column":78}},"82":{"start":{"line":317,"column":28},"end":{"line":317,"column":87}},"83":{"start":{"line":318,"column":38},"end":{"line":318,"column":76}},"84":{"start":{"line":319,"column":12},"end":{"line":319,"column":62}},"85":{"start":{"line":322,"column":8},"end":{"line":322,"column":72}},"86":{"start":{"line":324,"column":8},"end":{"line":328,"column":10}},"87":{"start":{"line":325,"column":12},"end":{"line":327,"column":14}},"88":{"start":{"line":326,"column":16},"end":{"line":326,"column":78}},"89":{"start":{"line":330,"column":8},"end":{"line":330,"column":49}},"90":{"start":{"line":334,"column":23},"end":{"line":334,"column":33}},"91":{"start":{"line":336,"column":22},"end":{"line":336,"column":39}},"92":{"start":{"line":338,"column":8},"end":{"line":352,"column":9}},"93":{"start":{"line":339,"column":30},"end":{"line":339,"column":41}},"94":{"start":{"line":340,"column":12},"end":{"line":351,"column":13}},"95":{"start":{"line":354,"column":26},"end":{"line":379,"column":10}},"96":{"start":{"line":381,"column":8},"end":{"line":383,"column":9}},"97":{"start":{"line":382,"column":12},"end":{"line":382,"column":103}},"98":{"start":{"line":385,"column":8},"end":{"line":385,"column":89}},"99":{"start":{"line":385,"column":71},"end":{"line":385,"column":88}},"100":{"start":{"line":387,"column":22},"end":{"line":387,"column":88}},"101":{"start":{"line":388,"column":24},"end":{"line":388,"column":97}},"102":{"start":{"line":389,"column":34},"end":{"line":389,"column":86}},"103":{"start":{"line":391,"column":8},"end":{"line":391,"column":75}},"104":{"start":{"line":393,"column":8},"end":{"line":393,"column":49}},"105":{"start":{"line":397,"column":28},"end":{"line":397,"column":38}},"106":{"start":{"line":399,"column":22},"end":{"line":430,"column":10}},"107":{"start":{"line":432,"column":8},"end":{"line":434,"column":9}},"108":{"start":{"line":433,"column":12},"end":{"line":433,"column":112}},"109":{"start":{"line":436,"column":27},"end":{"line":447,"column":9}},"110":{"start":{"line":437,"column":33},"end":{"line":437,"column":51}},"111":{"start":{"line":439,"column":33},"end":{"line":439,"column":62}},"112":{"start":{"line":440,"column":32},"end":{"line":440,"column":61}},"113":{"start":{"line":441,"column":37},"end":{"line":441,"column":66}},"114":{"start":{"line":443,"column":12},"end":{"line":446,"column":39}},"115":{"start":{"line":449,"column":33},"end":{"line":461,"column":9}},"116":{"start":{"line":450,"column":30},"end":{"line":450,"column":31}},"117":{"start":{"line":452,"column":12},"end":{"line":458,"column":13}},"118":{"start":{"line":453,"column":16},"end":{"line":457,"column":17}},"119":{"start":{"line":454,"column":20},"end":{"line":456,"column":21}},"120":{"start":{"line":455,"column":24},"end":{"line":455,"column":37}},"121":{"start":{"line":460,"column":12},"end":{"line":460,"column":30}},"122":{"start":{"line":463,"column":36},"end":{"line":467,"column":10}},"123":{"start":{"line":469,"column":31},"end":{"line":481,"column":9}},"124":{"start":{"line":476,"column":57},"end":{"line":476,"column":71}},"125":{"start":{"line":477,"column":60},"end":{"line":477,"column":77}},"126":{"start":{"line":483,"column":8},"end":{"line":483,"column":55}},"127":{"start":{"line":487,"column":23},"end":{"line":487,"column":33}},"128":{"start":{"line":489,"column":27},"end":{"line":496,"column":10}},"129":{"start":{"line":498,"column":8},"end":{"line":500,"column":9}},"130":{"start":{"line":499,"column":12},"end":{"line":499,"column":106}},"131":{"start":{"line":502,"column":8},"end":{"line":511,"column":9}},"132":{"start":{"line":503,"column":27},"end":{"line":503,"column":38}},"133":{"start":{"line":505,"column":32},"end":{"line":505,"column":101}},"134":{"start":{"line":505,"column":73},"end":{"line":505,"column":100}},"135":{"start":{"line":506,"column":30},"end":{"line":506,"column":59}},"136":{"start":{"line":508,"column":12},"end":{"line":510,"column":13}},"137":{"start":{"line":509,"column":16},"end":{"line":509,"column":89}},"138":{"start":{"line":513,"column":8},"end":{"line":552,"column":10}},"139":{"start":{"line":515,"column":12},"end":{"line":519,"column":14}},"140":{"start":{"line":521,"column":12},"end":{"line":525,"column":14}},"141":{"start":{"line":527,"column":12},"end":{"line":531,"column":14}},"142":{"start":{"line":533,"column":12},"end":{"line":539,"column":14}},"143":{"start":{"line":541,"column":12},"end":{"line":545,"column":14}},"144":{"start":{"line":547,"column":12},"end":{"line":551,"column":14}},"145":{"start":{"line":554,"column":8},"end":{"line":554,"column":41}},"146":{"start":{"line":558,"column":30},"end":{"line":558,"column":40}},"147":{"start":{"line":560,"column":32},"end":{"line":579,"column":10}},"148":{"start":{"line":581,"column":8},"end":{"line":583,"column":9}},"149":{"start":{"line":582,"column":12},"end":{"line":582,"column":113}},"150":{"start":{"line":585,"column":8},"end":{"line":585,"column":55}},"151":{"start":{"line":589,"column":24},"end":{"line":589,"column":37}},"152":{"start":{"line":591,"column":26},"end":{"line":609,"column":10}},"153":{"start":{"line":611,"column":8},"end":{"line":613,"column":9}},"154":{"start":{"line":612,"column":12},"end":{"line":612,"column":111}},"155":{"start":{"line":615,"column":28},"end":{"line":615,"column":85}},"156":{"start":{"line":615,"column":67},"end":{"line":615,"column":84}},"157":{"start":{"line":617,"column":8},"end":{"line":617,"column":51}},"158":{"start":{"line":621,"column":22},"end":{"line":621,"column":24}},"159":{"start":{"line":622,"column":24},"end":{"line":622,"column":37}},"160":{"start":{"line":623,"column":28},"end":{"line":623,"column":79}},"161":{"start":{"line":626,"column":26},"end":{"line":633,"column":10}},"162":{"start":{"line":635,"column":8},"end":{"line":637,"column":9}},"163":{"start":{"line":636,"column":12},"end":{"line":636,"column":105}},"164":{"start":{"line":640,"column":8},"end":{"line":650,"column":9}},"165":{"start":{"line":641,"column":29},"end":{"line":645,"column":14}},"166":{"start":{"line":647,"column":12},"end":{"line":649,"column":13}},"167":{"start":{"line":648,"column":16},"end":{"line":648,"column":120}},"168":{"start":{"line":652,"column":8},"end":{"line":652,"column":64}},"169":{"start":{"line":652,"column":30},"end":{"line":652,"column":64}},"170":{"start":{"line":654,"column":8},"end":{"line":663,"column":9}},"171":{"start":{"line":655,"column":27},"end":{"line":655,"column":38}},"172":{"start":{"line":657,"column":32},"end":{"line":657,"column":100}},"173":{"start":{"line":657,"column":72},"end":{"line":657,"column":99}},"174":{"start":{"line":658,"column":30},"end":{"line":658,"column":58}},"175":{"start":{"line":660,"column":12},"end":{"line":662,"column":13}},"176":{"start":{"line":661,"column":16},"end":{"line":661,"column":104}},"177":{"start":{"line":665,"column":28},"end":{"line":665,"column":30}},"178":{"start":{"line":666,"column":8},"end":{"line":678,"column":10}},"179":{"start":{"line":668,"column":12},"end":{"line":677,"column":13}},"180":{"start":{"line":669,"column":16},"end":{"line":676,"column":17}},"181":{"start":{"line":680,"column":8},"end":{"line":680,"column":43}},"182":{"start":{"line":684,"column":22},"end":{"line":684,"column":24}},"183":{"start":{"line":685,"column":24},"end":{"line":685,"column":37}},"184":{"start":{"line":686,"column":28},"end":{"line":686,"column":79}},"185":{"start":{"line":689,"column":26},"end":{"line":696,"column":10}},"186":{"start":{"line":698,"column":8},"end":{"line":700,"column":9}},"187":{"start":{"line":699,"column":12},"end":{"line":699,"column":105}},"188":{"start":{"line":702,"column":8},"end":{"line":712,"column":9}},"189":{"start":{"line":703,"column":29},"end":{"line":707,"column":14}},"190":{"start":{"line":709,"column":12},"end":{"line":711,"column":13}},"191":{"start":{"line":710,"column":16},"end":{"line":710,"column":120}},"192":{"start":{"line":714,"column":8},"end":{"line":714,"column":64}},"193":{"start":{"line":714,"column":30},"end":{"line":714,"column":64}},"194":{"start":{"line":716,"column":8},"end":{"line":725,"column":9}},"195":{"start":{"line":717,"column":27},"end":{"line":717,"column":38}},"196":{"start":{"line":719,"column":32},"end":{"line":719,"column":100}},"197":{"start":{"line":719,"column":72},"end":{"line":719,"column":99}},"198":{"start":{"line":720,"column":30},"end":{"line":720,"column":58}},"199":{"start":{"line":722,"column":12},"end":{"line":724,"column":13}},"200":{"start":{"line":723,"column":16},"end":{"line":723,"column":104}},"201":{"start":{"line":727,"column":8},"end":{"line":734,"column":10}},"202":{"start":{"line":728,"column":12},"end":{"line":733,"column":14}},"203":{"start":{"line":736,"column":8},"end":{"line":736,"column":41}},"204":{"start":{"line":740,"column":22},"end":{"line":740,"column":24}},"205":{"start":{"line":741,"column":32},"end":{"line":743,"column":9}},"206":{"start":{"line":745,"column":21},"end":{"line":745,"column":29}},"207":{"start":{"line":746,"column":24},"end":{"line":746,"column":37}},"208":{"start":{"line":748,"column":8},"end":{"line":750,"column":9}},"209":{"start":{"line":749,"column":12},"end":{"line":749,"column":121}},"210":{"start":{"line":752,"column":27},"end":{"line":759,"column":10}},"211":{"start":{"line":761,"column":8},"end":{"line":763,"column":9}},"212":{"start":{"line":762,"column":12},"end":{"line":762,"column":95}},"213":{"start":{"line":765,"column":8},"end":{"line":768,"column":9}},"214":{"start":{"line":766,"column":12},"end":{"line":766,"column":37}},"215":{"start":{"line":767,"column":12},"end":{"line":767,"column":45}},"216":{"start":{"line":770,"column":8},"end":{"line":780,"column":9}},"217":{"start":{"line":771,"column":27},"end":{"line":771,"column":38}},"218":{"start":{"line":773,"column":32},"end":{"line":773,"column":101}},"219":{"start":{"line":773,"column":73},"end":{"line":773,"column":100}},"220":{"start":{"line":774,"column":30},"end":{"line":774,"column":59}},"221":{"start":{"line":776,"column":12},"end":{"line":779,"column":13}},"222":{"start":{"line":777,"column":16},"end":{"line":777,"column":41}},"223":{"start":{"line":778,"column":16},"end":{"line":778,"column":97}},"224":{"start":{"line":782,"column":27},"end":{"line":782,"column":81}},"225":{"start":{"line":784,"column":8},"end":{"line":791,"column":10}},"226":{"start":{"line":793,"column":8},"end":{"line":796,"column":9}},"227":{"start":{"line":794,"column":12},"end":{"line":795,"column":24}},"228":{"start":{"line":798,"column":8},"end":{"line":798,"column":41}},"229":{"start":{"line":802,"column":22},"end":{"line":802,"column":24}},"230":{"start":{"line":803,"column":24},"end":{"line":803,"column":37}},"231":{"start":{"line":805,"column":27},"end":{"line":809,"column":10}},"232":{"start":{"line":811,"column":8},"end":{"line":813,"column":9}},"233":{"start":{"line":812,"column":12},"end":{"line":812,"column":95}},"234":{"start":{"line":815,"column":8},"end":{"line":817,"column":9}},"235":{"start":{"line":816,"column":12},"end":{"line":816,"column":45}},"236":{"start":{"line":819,"column":8},"end":{"line":825,"column":14}},"237":{"start":{"line":821,"column":16},"end":{"line":821,"column":79}},"238":{"start":{"line":824,"column":16},"end":{"line":824,"column":55}},"239":{"start":{"line":829,"column":22},"end":{"line":829,"column":24}},"240":{"start":{"line":830,"column":23},"end":{"line":830,"column":64}},"241":{"start":{"line":832,"column":27},"end":{"line":839,"column":10}},"242":{"start":{"line":841,"column":8},"end":{"line":843,"column":9}},"243":{"start":{"line":842,"column":12},"end":{"line":842,"column":95}},"244":{"start":{"line":845,"column":8},"end":{"line":847,"column":9}},"245":{"start":{"line":846,"column":12},"end":{"line":846,"column":45}},"246":{"start":{"line":849,"column":8},"end":{"line":858,"column":9}},"247":{"start":{"line":850,"column":27},"end":{"line":850,"column":38}},"248":{"start":{"line":852,"column":32},"end":{"line":852,"column":101}},"249":{"start":{"line":852,"column":73},"end":{"line":852,"column":100}},"250":{"start":{"line":853,"column":30},"end":{"line":853,"column":59}},"251":{"start":{"line":855,"column":12},"end":{"line":857,"column":13}},"252":{"start":{"line":856,"column":16},"end":{"line":856,"column":95}},"253":{"start":{"line":860,"column":8},"end":{"line":872,"column":9}},"254":{"start":{"line":861,"column":12},"end":{"line":862,"column":24}},"255":{"start":{"line":864,"column":12},"end":{"line":871,"column":14}},"256":{"start":{"line":874,"column":8},"end":{"line":874,"column":41}}},"fnMap":{"0":{"name":"(anonymous_0)","decl":{"start":{"line":11,"column":4},"end":{"line":11,"column":5}},"loc":{"start":{"line":11,"column":38},"end":{"line":63,"column":5}},"line":11},"1":{"name":"(anonymous_1)","decl":{"start":{"line":36,"column":60},"end":{"line":36,"column":61}},"loc":{"start":{"line":36,"column":68},"end":{"line":36,"column":75}},"line":36},"2":{"name":"(anonymous_2)","decl":{"start":{"line":39,"column":62},"end":{"line":39,"column":63}},"loc":{"start":{"line":39,"column":68},"end":{"line":39,"column":103}},"line":39},"3":{"name":"(anonymous_3)","decl":{"start":{"line":53,"column":43},"end":{"line":53,"column":44}},"loc":{"start":{"line":53,"column":51},"end":{"line":55,"column":21}},"line":53},"4":{"name":"(anonymous_4)","decl":{"start":{"line":65,"column":4},"end":{"line":65,"column":5}},"loc":{"start":{"line":65,"column":50},"end":{"line":114,"column":5}},"line":65},"5":{"name":"(anonymous_5)","decl":{"start":{"line":102,"column":54},"end":{"line":102,"column":55}},"loc":{"start":{"line":102,"column":67},"end":{"line":102,"column":84}},"line":102},"6":{"name":"(anonymous_6)","decl":{"start":{"line":116,"column":4},"end":{"line":116,"column":5}},"loc":{"start":{"line":116,"column":45},"end":{"line":193,"column":5}},"line":116},"7":{"name":"(anonymous_7)","decl":{"start":{"line":181,"column":54},"end":{"line":181,"column":55}},"loc":{"start":{"line":181,"column":67},"end":{"line":181,"column":84}},"line":181},"8":{"name":"(anonymous_8)","decl":{"start":{"line":195,"column":4},"end":{"line":195,"column":5}},"loc":{"start":{"line":195,"column":46},"end":{"line":274,"column":5}},"line":195},"9":{"name":"(anonymous_9)","decl":{"start":{"line":251,"column":65},"end":{"line":251,"column":66}},"loc":{"start":{"line":252,"column":16},"end":{"line":252,"column":66}},"line":252},"10":{"name":"(anonymous_10)","decl":{"start":{"line":276,"column":4},"end":{"line":276,"column":5}},"loc":{"start":{"line":276,"column":53},"end":{"line":331,"column":5}},"line":276},"11":{"name":"(anonymous_11)","decl":{"start":{"line":313,"column":58},"end":{"line":313,"column":59}},"loc":{"start":{"line":313,"column":71},"end":{"line":313,"column":88}},"line":313},"12":{"name":"(anonymous_12)","decl":{"start":{"line":315,"column":32},"end":{"line":315,"column":33}},"loc":{"start":{"line":315,"column":46},"end":{"line":320,"column":9}},"line":315},"13":{"name":"(anonymous_13)","decl":{"start":{"line":324,"column":34},"end":{"line":324,"column":35}},"loc":{"start":{"line":324,"column":44},"end":{"line":328,"column":9}},"line":324},"14":{"name":"(anonymous_14)","decl":{"start":{"line":325,"column":37},"end":{"line":325,"column":38}},"loc":{"start":{"line":325,"column":49},"end":{"line":327,"column":13}},"line":325},"15":{"name":"(anonymous_15)","decl":{"start":{"line":333,"column":4},"end":{"line":333,"column":5}},"loc":{"start":{"line":333,"column":50},"end":{"line":394,"column":5}},"line":333},"16":{"name":"(anonymous_16)","decl":{"start":{"line":385,"column":58},"end":{"line":385,"column":59}},"loc":{"start":{"line":385,"column":71},"end":{"line":385,"column":88}},"line":385},"17":{"name":"(anonymous_17)","decl":{"start":{"line":396,"column":4},"end":{"line":396,"column":5}},"loc":{"start":{"line":396,"column":50},"end":{"line":484,"column":5}},"line":396},"18":{"name":"(anonymous_18)","decl":{"start":{"line":436,"column":27},"end":{"line":436,"column":28}},"loc":{"start":{"line":436,"column":33},"end":{"line":447,"column":9}},"line":436},"19":{"name":"(anonymous_19)","decl":{"start":{"line":449,"column":33},"end":{"line":449,"column":34}},"loc":{"start":{"line":449,"column":43},"end":{"line":461,"column":9}},"line":449},"20":{"name":"(anonymous_20)","decl":{"start":{"line":476,"column":44},"end":{"line":476,"column":45}},"loc":{"start":{"line":476,"column":57},"end":{"line":476,"column":71}},"line":476},"21":{"name":"(anonymous_21)","decl":{"start":{"line":477,"column":47},"end":{"line":477,"column":48}},"loc":{"start":{"line":477,"column":60},"end":{"line":477,"column":77}},"line":477},"22":{"name":"(anonymous_22)","decl":{"start":{"line":486,"column":4},"end":{"line":486,"column":5}},"loc":{"start":{"line":486,"column":40},"end":{"line":555,"column":5}},"line":486},"23":{"name":"(anonymous_23)","decl":{"start":{"line":505,"column":60},"end":{"line":505,"column":61}},"loc":{"start":{"line":505,"column":73},"end":{"line":505,"column":100}},"line":505},"24":{"name":"(anonymous_24)","decl":{"start":{"line":513,"column":34},"end":{"line":513,"column":35}},"loc":{"start":{"line":513,"column":52},"end":{"line":552,"column":9}},"line":513},"25":{"name":"(anonymous_25)","decl":{"start":{"line":557,"column":4},"end":{"line":557,"column":5}},"loc":{"start":{"line":557,"column":59},"end":{"line":586,"column":5}},"line":557},"26":{"name":"(anonymous_26)","decl":{"start":{"line":588,"column":4},"end":{"line":588,"column":5}},"loc":{"start":{"line":588,"column":52},"end":{"line":618,"column":5}},"line":588},"27":{"name":"(anonymous_27)","decl":{"start":{"line":615,"column":54},"end":{"line":615,"column":55}},"loc":{"start":{"line":615,"column":67},"end":{"line":615,"column":84}},"line":615},"28":{"name":"(anonymous_28)","decl":{"start":{"line":620,"column":4},"end":{"line":620,"column":5}},"loc":{"start":{"line":620,"column":48},"end":{"line":681,"column":5}},"line":620},"29":{"name":"(anonymous_29)","decl":{"start":{"line":657,"column":59},"end":{"line":657,"column":60}},"loc":{"start":{"line":657,"column":72},"end":{"line":657,"column":99}},"line":657},"30":{"name":"(anonymous_30)","decl":{"start":{"line":666,"column":34},"end":{"line":666,"column":35}},"loc":{"start":{"line":666,"column":52},"end":{"line":678,"column":9}},"line":666},"31":{"name":"(anonymous_31)","decl":{"start":{"line":683,"column":4},"end":{"line":683,"column":5}},"loc":{"start":{"line":683,"column":46},"end":{"line":737,"column":5}},"line":683},"32":{"name":"(anonymous_32)","decl":{"start":{"line":719,"column":59},"end":{"line":719,"column":60}},"loc":{"start":{"line":719,"column":72},"end":{"line":719,"column":99}},"line":719},"33":{"name":"(anonymous_33)","decl":{"start":{"line":727,"column":34},"end":{"line":727,"column":35}},"loc":{"start":{"line":727,"column":52},"end":{"line":734,"column":9}},"line":727},"34":{"name":"(anonymous_34)","decl":{"start":{"line":739,"column":4},"end":{"line":739,"column":5}},"loc":{"start":{"line":739,"column":38},"end":{"line":799,"column":5}},"line":739},"35":{"name":"(anonymous_35)","decl":{"start":{"line":773,"column":60},"end":{"line":773,"column":61}},"loc":{"start":{"line":773,"column":73},"end":{"line":773,"column":100}},"line":773},"36":{"name":"(anonymous_36)","decl":{"start":{"line":801,"column":4},"end":{"line":801,"column":5}},"loc":{"start":{"line":801,"column":42},"end":{"line":826,"column":5}},"line":801},"37":{"name":"(anonymous_37)","decl":{"start":{"line":820,"column":18},"end":{"line":820,"column":19}},"loc":{"start":{"line":820,"column":27},"end":{"line":822,"column":13}},"line":820},"38":{"name":"(anonymous_38)","decl":{"start":{"line":823,"column":19},"end":{"line":823,"column":20}},"loc":{"start":{"line":823,"column":26},"end":{"line":825,"column":13}},"line":823},"39":{"name":"(anonymous_39)","decl":{"start":{"line":828,"column":4},"end":{"line":828,"column":5}},"loc":{"start":{"line":828,"column":39},"end":{"line":875,"column":5}},"line":828},"40":{"name":"(anonymous_40)","decl":{"start":{"line":852,"column":60},"end":{"line":852,"column":61}},"loc":{"start":{"line":852,"column":73},"end":{"line":852,"column":100}},"line":852}},"branchMap":{"0":{"loc":{"start":{"line":14,"column":31},"end":{"line":14,"column":45}},"type":"default-arg","locations":[{"start":{"line":14,"column":43},"end":{"line":14,"column":45}}],"line":14},"1":{"loc":{"start":{"line":22,"column":8},"end":{"line":24,"column":9}},"type":"if","locations":[{"start":{"line":22,"column":8},"end":{"line":24,"column":9}},{"start":{},"end":{}}],"line":22},"2":{"loc":{"start":{"line":26,"column":8},"end":{"line":44,"column":9}},"type":"if","locations":[{"start":{"line":26,"column":8},"end":{"line":44,"column":9}},{"start":{},"end":{}}],"line":26},"3":{"loc":{"start":{"line":26,"column":12},"end":{"line":26,"column":45}},"type":"binary-expr","locations":[{"start":{"line":26,"column":12},"end":{"line":26,"column":21}},{"start":{"line":26,"column":25},"end":{"line":26,"column":45}}],"line":26},"4":{"loc":{"start":{"line":41,"column":12},"end":{"line":43,"column":13}},"type":"if","locations":[{"start":{"line":41,"column":12},"end":{"line":43,"column":13}},{"start":{},"end":{}}],"line":41},"5":{"loc":{"start":{"line":46,"column":8},"end":{"line":46,"column":63}},"type":"if","locations":[{"start":{"line":46,"column":8},"end":{"line":46,"column":63}},{"start":{},"end":{}}],"line":46},"6":{"loc":{"start":{"line":68,"column":24},"end":{"line":68,"column":34}},"type":"default-arg","locations":[{"start":{"line":68,"column":33},"end":{"line":68,"column":34}}],"line":68},"7":{"loc":{"start":{"line":68,"column":36},"end":{"line":68,"column":47}},"type":"default-arg","locations":[{"start":{"line":68,"column":45},"end":{"line":68,"column":47}}],"line":68},"8":{"loc":{"start":{"line":70,"column":8},"end":{"line":77,"column":9}},"type":"if","locations":[{"start":{"line":70,"column":8},"end":{"line":77,"column":9}},{"start":{},"end":{}}],"line":70},"9":{"loc":{"start":{"line":119,"column":35},"end":{"line":119,"column":45}},"type":"default-arg","locations":[{"start":{"line":119,"column":44},"end":{"line":119,"column":45}}],"line":119},"10":{"loc":{"start":{"line":119,"column":47},"end":{"line":119,"column":58}},"type":"default-arg","locations":[{"start":{"line":119,"column":56},"end":{"line":119,"column":58}}],"line":119},"11":{"loc":{"start":{"line":121,"column":8},"end":{"line":128,"column":9}},"type":"if","locations":[{"start":{"line":121,"column":8},"end":{"line":128,"column":9}},{"start":{},"end":{}}],"line":121},"12":{"loc":{"start":{"line":130,"column":8},"end":{"line":153,"column":9}},"type":"if","locations":[{"start":{"line":130,"column":8},"end":{"line":153,"column":9}},{"start":{},"end":{}}],"line":130},"13":{"loc":{"start":{"line":155,"column":8},"end":{"line":155,"column":117}},"type":"if","locations":[{"start":{"line":155,"column":8},"end":{"line":155,"column":117}},{"start":{},"end":{}}],"line":155},"14":{"loc":{"start":{"line":155,"column":12},"end":{"line":155,"column":55}},"type":"binary-expr","locations":[{"start":{"line":155,"column":12},"end":{"line":155,"column":31}},{"start":{"line":155,"column":35},"end":{"line":155,"column":55}}],"line":155},"15":{"loc":{"start":{"line":155,"column":83},"end":{"line":155,"column":117}},"type":"cond-expr","locations":[{"start":{"line":155,"column":105},"end":{"line":155,"column":109}},{"start":{"line":155,"column":112},"end":{"line":155,"column":117}}],"line":155},"16":{"loc":{"start":{"line":205,"column":8},"end":{"line":228,"column":9}},"type":"if","locations":[{"start":{"line":205,"column":8},"end":{"line":228,"column":9}},{"start":{},"end":{}}],"line":205},"17":{"loc":{"start":{"line":241,"column":8},"end":{"line":243,"column":9}},"type":"if","locations":[{"start":{"line":241,"column":8},"end":{"line":243,"column":9}},{"start":{},"end":{}}],"line":241},"18":{"loc":{"start":{"line":245,"column":8},"end":{"line":263,"column":9}},"type":"if","locations":[{"start":{"line":245,"column":8},"end":{"line":263,"column":9}},{"start":{},"end":{}}],"line":245},"19":{"loc":{"start":{"line":247,"column":12},"end":{"line":249,"column":13}},"type":"if","locations":[{"start":{"line":247,"column":12},"end":{"line":249,"column":13}},{"start":{},"end":{}}],"line":247},"20":{"loc":{"start":{"line":252,"column":16},"end":{"line":252,"column":66}},"type":"binary-expr","locations":[{"start":{"line":252,"column":16},"end":{"line":252,"column":33}},{"start":{"line":252,"column":37},"end":{"line":252,"column":66}}],"line":252},"21":{"loc":{"start":{"line":255,"column":12},"end":{"line":260,"column":13}},"type":"if","locations":[{"start":{"line":255,"column":12},"end":{"line":260,"column":13}},{"start":{},"end":{}}],"line":255},"22":{"loc":{"start":{"line":262,"column":12},"end":{"line":262,"column":67}},"type":"if","locations":[{"start":{"line":262,"column":12},"end":{"line":262,"column":67}},{"start":{},"end":{}}],"line":262},"23":{"loc":{"start":{"line":309,"column":8},"end":{"line":311,"column":9}},"type":"if","locations":[{"start":{"line":309,"column":8},"end":{"line":311,"column":9}},{"start":{},"end":{}}],"line":309},"24":{"loc":{"start":{"line":338,"column":8},"end":{"line":352,"column":9}},"type":"if","locations":[{"start":{"line":338,"column":8},"end":{"line":352,"column":9}},{"start":{},"end":{}}],"line":338},"25":{"loc":{"start":{"line":381,"column":8},"end":{"line":383,"column":9}},"type":"if","locations":[{"start":{"line":381,"column":8},"end":{"line":383,"column":9}},{"start":{},"end":{}}],"line":381},"26":{"loc":{"start":{"line":432,"column":8},"end":{"line":434,"column":9}},"type":"if","locations":[{"start":{"line":432,"column":8},"end":{"line":434,"column":9}},{"start":{},"end":{}}],"line":432},"27":{"loc":{"start":{"line":444,"column":16},"end":{"line":444,"column":52}},"type":"cond-expr","locations":[{"start":{"line":444,"column":30},"end":{"line":444,"column":47}},{"start":{"line":444,"column":50},"end":{"line":444,"column":52}}],"line":444},"28":{"loc":{"start":{"line":445,"column":16},"end":{"line":445,"column":62}},"type":"cond-expr","locations":[{"start":{"line":445,"column":35},"end":{"line":445,"column":57}},{"start":{"line":445,"column":60},"end":{"line":445,"column":62}}],"line":445},"29":{"loc":{"start":{"line":454,"column":20},"end":{"line":456,"column":21}},"type":"if","locations":[{"start":{"line":454,"column":20},"end":{"line":456,"column":21}},{"start":{},"end":{}}],"line":454},"30":{"loc":{"start":{"line":498,"column":8},"end":{"line":500,"column":9}},"type":"if","locations":[{"start":{"line":498,"column":8},"end":{"line":500,"column":9}},{"start":{},"end":{}}],"line":498},"31":{"loc":{"start":{"line":502,"column":8},"end":{"line":511,"column":9}},"type":"if","locations":[{"start":{"line":502,"column":8},"end":{"line":511,"column":9}},{"start":{},"end":{}}],"line":502},"32":{"loc":{"start":{"line":508,"column":12},"end":{"line":510,"column":13}},"type":"if","locations":[{"start":{"line":508,"column":12},"end":{"line":510,"column":13}},{"start":{},"end":{}}],"line":508},"33":{"loc":{"start":{"line":508,"column":16},"end":{"line":508,"column":42}},"type":"binary-expr","locations":[{"start":{"line":508,"column":16},"end":{"line":508,"column":26}},{"start":{"line":508,"column":30},"end":{"line":508,"column":42}}],"line":508},"34":{"loc":{"start":{"line":581,"column":8},"end":{"line":583,"column":9}},"type":"if","locations":[{"start":{"line":581,"column":8},"end":{"line":583,"column":9}},{"start":{},"end":{}}],"line":581},"35":{"loc":{"start":{"line":611,"column":8},"end":{"line":613,"column":9}},"type":"if","locations":[{"start":{"line":611,"column":8},"end":{"line":613,"column":9}},{"start":{},"end":{}}],"line":611},"36":{"loc":{"start":{"line":635,"column":8},"end":{"line":637,"column":9}},"type":"if","locations":[{"start":{"line":635,"column":8},"end":{"line":637,"column":9}},{"start":{},"end":{}}],"line":635},"37":{"loc":{"start":{"line":647,"column":12},"end":{"line":649,"column":13}},"type":"if","locations":[{"start":{"line":647,"column":12},"end":{"line":649,"column":13}},{"start":{},"end":{}}],"line":647},"38":{"loc":{"start":{"line":652,"column":8},"end":{"line":652,"column":64}},"type":"if","locations":[{"start":{"line":652,"column":8},"end":{"line":652,"column":64}},{"start":{},"end":{}}],"line":652},"39":{"loc":{"start":{"line":654,"column":8},"end":{"line":663,"column":9}},"type":"if","locations":[{"start":{"line":654,"column":8},"end":{"line":663,"column":9}},{"start":{},"end":{}}],"line":654},"40":{"loc":{"start":{"line":660,"column":12},"end":{"line":662,"column":13}},"type":"if","locations":[{"start":{"line":660,"column":12},"end":{"line":662,"column":13}},{"start":{},"end":{}}],"line":660},"41":{"loc":{"start":{"line":660,"column":16},"end":{"line":660,"column":42}},"type":"binary-expr","locations":[{"start":{"line":660,"column":16},"end":{"line":660,"column":26}},{"start":{"line":660,"column":30},"end":{"line":660,"column":42}}],"line":660},"42":{"loc":{"start":{"line":698,"column":8},"end":{"line":700,"column":9}},"type":"if","locations":[{"start":{"line":698,"column":8},"end":{"line":700,"column":9}},{"start":{},"end":{}}],"line":698},"43":{"loc":{"start":{"line":709,"column":12},"end":{"line":711,"column":13}},"type":"if","locations":[{"start":{"line":709,"column":12},"end":{"line":711,"column":13}},{"start":{},"end":{}}],"line":709},"44":{"loc":{"start":{"line":714,"column":8},"end":{"line":714,"column":64}},"type":"if","locations":[{"start":{"line":714,"column":8},"end":{"line":714,"column":64}},{"start":{},"end":{}}],"line":714},"45":{"loc":{"start":{"line":716,"column":8},"end":{"line":725,"column":9}},"type":"if","locations":[{"start":{"line":716,"column":8},"end":{"line":725,"column":9}},{"start":{},"end":{}}],"line":716},"46":{"loc":{"start":{"line":722,"column":12},"end":{"line":724,"column":13}},"type":"if","locations":[{"start":{"line":722,"column":12},"end":{"line":724,"column":13}},{"start":{},"end":{}}],"line":722},"47":{"loc":{"start":{"line":722,"column":16},"end":{"line":722,"column":42}},"type":"binary-expr","locations":[{"start":{"line":722,"column":16},"end":{"line":722,"column":26}},{"start":{"line":722,"column":30},"end":{"line":722,"column":42}}],"line":722},"48":{"loc":{"start":{"line":748,"column":8},"end":{"line":750,"column":9}},"type":"if","locations":[{"start":{"line":748,"column":8},"end":{"line":750,"column":9}},{"start":{},"end":{}}],"line":748},"49":{"loc":{"start":{"line":761,"column":8},"end":{"line":763,"column":9}},"type":"if","locations":[{"start":{"line":761,"column":8},"end":{"line":763,"column":9}},{"start":{},"end":{}}],"line":761},"50":{"loc":{"start":{"line":765,"column":8},"end":{"line":768,"column":9}},"type":"if","locations":[{"start":{"line":765,"column":8},"end":{"line":768,"column":9}},{"start":{},"end":{}}],"line":765},"51":{"loc":{"start":{"line":770,"column":8},"end":{"line":780,"column":9}},"type":"if","locations":[{"start":{"line":770,"column":8},"end":{"line":780,"column":9}},{"start":{},"end":{}}],"line":770},"52":{"loc":{"start":{"line":776,"column":12},"end":{"line":779,"column":13}},"type":"if","locations":[{"start":{"line":776,"column":12},"end":{"line":779,"column":13}},{"start":{},"end":{}}],"line":776},"53":{"loc":{"start":{"line":776,"column":16},"end":{"line":776,"column":42}},"type":"binary-expr","locations":[{"start":{"line":776,"column":16},"end":{"line":776,"column":26}},{"start":{"line":776,"column":30},"end":{"line":776,"column":42}}],"line":776},"54":{"loc":{"start":{"line":793,"column":8},"end":{"line":796,"column":9}},"type":"if","locations":[{"start":{"line":793,"column":8},"end":{"line":796,"column":9}},{"start":{},"end":{}}],"line":793},"55":{"loc":{"start":{"line":811,"column":8},"end":{"line":813,"column":9}},"type":"if","locations":[{"start":{"line":811,"column":8},"end":{"line":813,"column":9}},{"start":{},"end":{}}],"line":811},"56":{"loc":{"start":{"line":815,"column":8},"end":{"line":817,"column":9}},"type":"if","locations":[{"start":{"line":815,"column":8},"end":{"line":817,"column":9}},{"start":{},"end":{}}],"line":815},"57":{"loc":{"start":{"line":841,"column":8},"end":{"line":843,"column":9}},"type":"if","locations":[{"start":{"line":841,"column":8},"end":{"line":843,"column":9}},{"start":{},"end":{}}],"line":841},"58":{"loc":{"start":{"line":845,"column":8},"end":{"line":847,"column":9}},"type":"if","locations":[{"start":{"line":845,"column":8},"end":{"line":847,"column":9}},{"start":{},"end":{}}],"line":845},"59":{"loc":{"start":{"line":849,"column":8},"end":{"line":858,"column":9}},"type":"if","locations":[{"start":{"line":849,"column":8},"end":{"line":858,"column":9}},{"start":{},"end":{}}],"line":849},"60":{"loc":{"start":{"line":855,"column":12},"end":{"line":857,"column":13}},"type":"if","locations":[{"start":{"line":855,"column":12},"end":{"line":857,"column":13}},{"start":{},"end":{}}],"line":855},"61":{"loc":{"start":{"line":855,"column":16},"end":{"line":855,"column":42}},"type":"binary-expr","locations":[{"start":{"line":855,"column":16},"end":{"line":855,"column":26}},{"start":{"line":855,"column":30},"end":{"line":855,"column":42}}],"line":855},"62":{"loc":{"start":{"line":860,"column":8},"end":{"line":872,"column":9}},"type":"if","locations":[{"start":{"line":860,"column":8},"end":{"line":872,"column":9}},{"start":{},"end":{}}],"line":860}},"s":{"0":3,"1":3,"2":3,"3":3,"4":1,"5":3,"6":2,"7":2,"8":1,"9":2,"10":2,"11":2,"12":1,"13":3,"14":2,"15":1,"16":1,"17":
[...]
,"C:\\Users\\pablo\\Desktop\\academia-fslab-back-end\\src\\utils\\zod.js": {"path":"C:\\Users\\pablo\\Desktop\\academia-fslab-back-end\\src\\utils\\zod.js","statementMap":{"0":{"start":{"line":5,"column":19},"end":{"line":66,"column":1}},"1":{"start":{"line":6,"column":20},"end":{"line":8,"column":46}},"2":{"start":{"line":8,"column":28},"end":{"line":8,"column":45}},"3":{"start":{"line":10,"column":22},"end":{"line":12,"column":44}},"4":{"start":{"line":12,"column":28},"end":{"line":12,"column":43}},"5":{"start":{"line":14,"column":22},"end":{"line":16,"column":42}},"6":{"start":{"line":16,"column":28},"end":{"line":16,"column":41}},"7":{"start":{"line":18,"column":21},"end":{"line":20,"column":42}},"8":{"start":{"line":20,"column":28},"end":{"line":20,"column":41}},"9":{"start":{"line":22,"column":24},"end":{"line":24,"column":43}},"10":{"start":{"line":23,"column":25},"end":{"line":23,"column":58}},"11":{"start":{"line":24,"column":28},"end":{"line":24,"column":42}},"12":{"start":{"line":25,"column":15},"end":{"line":26,"column":52}},"13":{"start":{"line":26,"column":25},"end":{"line":26,"column":35}},"14":{"start":{"line":28,"column":16},"end":{"line":29,"column":56}},"15":{"start":{"line":29,"column":26},"end":{"line":29,"column":38}},"16":{"start":{"line":31,"column":15},"end":{"line":32,"column":52}},"17":{"start":{"line":32,"column":25},"end":{"line":32,"column":35}},"18":{"start":{"line":34,"column":15},"end":{"line":35,"column":41}},"19":{"start":{"line":37,"column":17},"end":{"line":39,"column":41}},"20":{"start":{"line":41,"column":17},"end":{"line":43,"column":98}},"21":{"start":{"line":45,"column":24},"end":{"line":47,"column":81}},"22":{"start":{"line":50,"column":18},"end":{"line":51,"column":76}},"23":{"start":{"line":62,"column":29},"end":{"line":65,"column":25}},"24":{"start":{"line":63,"column":8},"end":{"line":64,"column":23}},"25":{"start":{"line":63,"column":24},"end":{"line":63,"column":35}},"26":{"start":{"line":64,"column":13},"end":{"line":64,"column":23}},"27":{"start":{"line":68,"column":32},"end":{"line":72,"column":1}},"28":{"start":{"line":69,"column":23},"end":{"line":71,"column":6}},"29":{"start":{"line":75,"column":4},"end":{"line":98,"column":5}},"30":{"start":{"line":76,"column":23},"end":{"line":76,"column":37}},"31":{"start":{"line":77,"column":20},"end":{"line":77,"column":44}},"32":{"start":{"line":78,"column":23},"end":{"line":78,"column":38}},"33":{"start":{"line":79,"column":24},"end":{"line":79,"column":40}},"34":{"start":{"line":80,"column":22},"end":{"line":80,"column":56}},"35":{"start":{"line":81,"column":24},"end":{"line":81,"column":52}},"36":{"start":{"line":82,"column":21},"end":{"line":82,"column":34}},"37":{"start":{"line":83,"column":23},"end":{"line":83,"column":45}},"38":{"start":{"line":84,"column":23},"end":{"line":84,"column":39}},"39":{"start":{"line":85,"column":25},"end":{"line":85,"column":40}},"40":{"start":{"line":86,"column":26},"end":{"line":86,"column":39}},"41":{"start":{"line":87,"column":21},"end":{"line":87,"column":34}},"42":{"start":{"line":88,"column":22},"end":{"line":88,"column":36}},"43":{"start":{"line":89,"column":23},"end":{"line":89,"column":38}},"44":{"start":{"line":90,"column":24},"end":{"line":90,"column":45}},"45":{"start":{"line":91,"column":24},"end":{"line":91,"column":41}},"46":{"start":{"line":92,"column":21},"end":{"line":92,"column":35}},"47":{"start":{"line":93,"column":22},"end":{"line":93,"column":36}},"48":{"start":{"line":94,"column":20},"end":{"line":94,"column":33}},"49":{"start":{"line":95,"column":20},"end":{"line":95,"column":37}},"50":{"start":{"line":97,"column":12},"end":{"line":97,"column":23}},"51":{"start":{"line":105,"column":35},"end":{"line":163,"column":1}},"52":{"start":{"line":106,"column":4},"end":{"line":162,"column":5}},"53":{"start":{"line":108,"column":12},"end":{"line":110,"column":13}},"54":{"start":{"line":109,"column":16},"end":{"line":109,"column":50}},"55":{"start":{"line":111,"column":12},"end":{"line":111,"column":132}},"56":{"start":{"line":113,"column":12},"end":{"line":113,"column":69}},"57":{"start":{"line":115,"column":12},"end":{"line":115,"column":72}},"58":{"start":{"line":117,"column":12},"end":{"line":117,"column":98}},"59":{"start":{"line":119,"column":12},"end":{"line":119,"column":73}},"60":{"start":{"line":121,"column":12},"end":{"line":121,"column":70}},"61":{"start":{"line":123,"column":12},"end":{"line":123,"column":74}},"62":{"start":{"line":125,"column":12},"end":{"line":125,"column":75}},"63":{"start":{"line":127,"column":12},"end":{"line":127,"column":79}},"64":{"start":{"line":129,"column":12},"end":{"line":129,"column":47}},"65":{"start":{"line":131,"column":12},"end":{"line":135,"column":13}},"66":{"start":{"line":132,"column":16},"end":{"line":132,"column":104}},"67":{"start":{"line":134,"column":16},"end":{"line":134,"column":72}},"68":{"start":{"line":137,"column":12},"end":{"line":144,"column":103}},"69":{"start":{"line":138,"column":16},"end":{"line":138,"column":92}},"70":{"start":{"line":139,"column":17},"end":{"line":144,"column":103}},"71":{"start":{"line":140,"column":16},"end":{"line":140,"column":103}},"72":{"start":{"line":141,"column":17},"end":{"line":144,"column":103}},"73":{"start":{"line":142,"column":16},"end":{"line":142,"column":119}},"74":{"start":{"line":144,"column":16},"end":{"line":144,"column":103}},"75":{"start":{"line":146,"column":12},"end":{"line":153,"column":71}},"76":{"start":{"line":147,"column":16},"end":{"line":147,"column":61}},"77":{"start":{"line":148,"column":17},"end":{"line":153,"column":71}},"78":{"start":{"line":149,"column":16},"end":{"line":149,"column":72}},"79":{"start":{"line":150,"column":17},"end":{"line":153,"column":71}},"80":{"start":{"line":151,"column":16},"end":{"line":151,"column":91}},"81":{"start":{"line":153,"column":16},"end":{"line":153,"column":71}},"82":{"start":{"line":155,"column":12},"end":{"line":155,"column":51}},"83":{"start":{"line":157,"column":12},"end":{"line":157,"column":67}},"84":{"start":{"line":159,"column":12},"end":{"line":159,"column":42}},"85":{"start":{"line":161,"column":12},"end":{"line":161,"column":81}},"86":{"start":{"line":166,"column":37},"end":{"line":172,"column":1}},"87":{"start":{"line":167,"column":4},"end":{"line":171,"column":6}},"88":{"start":{"line":168,"column":8},"end":{"line":170,"column":9}}},"fnMap":{"0":{"name":"(anonymous_0)","decl":{"start":{"line":6,"column":14},"end":{"line":6,"column":15}},"loc":{"start":{"line":6,"column":20},"end":{"line":8,"column":46}},"line":6},"1":{"name":"(anonymous_1)","decl":{"start":{"line":8,"column":19},"end":{"line":8,"column":20}},"loc":{"start":{"line":8,"column":28},"end":{"line":8,"column":45}},"line":8},"2":{"name":"(anonymous_2)","decl":{"start":{"line":10,"column":16},"end":{"line":10,"column":17}},"loc":{"start":{"line":10,"column":22},"end":{"line":12,"column":44}},"line":10},"3":{"name":"(anonymous_3)","decl":{"start":{"line":12,"column":19},"end":{"line":12,"column":20}},"loc":{"start":{"line":12,"column":28},"end":{"line":12,"column":43}},"line":12},"4":{"name":"(anonymous_4)","decl":{"start":{"line":14,"column":16},"end":{"line":14,"column":17}},"loc":{"start":{"line":14,"column":22},"end":{"line":16,"column":42}},"line":14},"5":{"name":"(anonymous_5)","decl":{"start":{"line":16,"column":19},"end":{"line":16,"column":20}},"loc":{"start":{"line":16,"column":28},"end":{"line":16,"column":41}},"line":16},"6":{"name":"(anonymous_6)","decl":{"start":{"line":18,"column":15},"end":{"line":18,"column":16}},"loc":{"start":{"line":18,"column":21},"end":{"line":20,"column":42}},"line":18},"7":{"name":"(anonymous_7)","decl":{"start":{"line":20,"column":19},"end":{"line":20,"column":20}},"loc":{"start":{"line":20,"column":28},"end":{"line":20,"column":41}},"line":20},"8":{"name":"(anonymous_8)","decl":{"start":{"line":22,"column":18},"end":{"line":22,"column":19}},"loc":{"start":{"line":22,"column":24},"end":{"line":24,"column":43}},"line":22},"9":{"name":"(anonymous_9)","decl":{"start":{"line":23,"column":16},"end":{"line":23,"column":17}},"loc":{"start":{"line":23,"column":25},"end":{"line":23,"column":58}},"line":23},"10":{"name":"(anonymous_10)","decl":{"start":{"line":24,"column":19},"end":{"line":24,"column":20}},"loc":{"start":{"line":24,"column":28},"end":{"line":24,"column":42}},"line":24},"11":{"name":"(anonymous_11)","decl":{"start":{"line":25,"column":9},"end":{"line":25,"column":10}},"loc":{"start":{"line":25,"column":15},"end":{"line":26,"column":52}},"line":25},"12":{"name":"(anonymous_12)","decl":{"start":{"line":26,"column":16},"end":{"line":26,"column":17}},"loc":{"start":{"line":26,"column":25},"end":{"line":26,"column":35}},"line":26},"13":{"name":"(anonymous_13)","decl":{"start":{"line":28,"column":10},"end":{"line":28,"column":11}},"loc":{"start":{"line":28,"column":16},"end":{"line":29,"column":56}},"line":28},"14":{"name":"(anonymous_14)","decl":{"start":{"line":29,"column":16},"end":{"line":29,"column":17}},"loc":{"start":{"line":29,"column":26},"end":{"line":29,"column":38}},"line":29},"15":{"name":"(anonymous_15)","decl":{"start":{"line":31,"column":9},"end":{"line":31,"column":10}},"loc":{"start":{"line":31,"column":15},"end":{"line":32,"column":52}},"line":31},"16":{"name":"(anonymous_16)","decl":{"start":{"line":32,"column":16},"end":{"line":32,"column":17}},"loc":{"start":{"line":32,"column":25},"end":{"line":32,"column":35}},"line":32},"17":{"name":"(anonymous_17)","decl":{"start":{"line":34,"column":9},"end":{"line":34,"column":10}},"loc":{"start":{"line":34,"column":15},"end":{"line":35,"column":41}},"line":34},"18":{"name":"(anonymous_18)","decl":{"start":{"line":37,"column":11},"end":{"line":37,"column":12}},"loc":{"start":{"line":37,"column":17},"end":{"line":39,"column":41}},"line":37},"19":{"name":"(anonymous_19)","decl":{"start":{"line":41,"column":11},"end":{"line":41,"column":12}},"loc":{"start":{"line":41,"column":17},"end":{"line":43,"column":98}},"line":41},"20":{"name":"(anonymous_20)","decl":{"start":{"line":45,"column":18},"end":{"line":45,"column":19}},"loc":{"start":{"line":45,"column":24},"end":{"line":47,"column":81}},"line":45},"21":{"name":"(anonymous_21)","decl":{"start":{"line":50,"column":12},"end":{"line":50,"column":13}},"loc":{"start":{"line":50,"column":18},"end":{"line":51,"column":76}},"line":50},"22":{"name":"(anonymous_22)","decl":{"start":{"line":62,"column":17},"end":{"line":62,"column":18}},"loc":{"start":{"line":62,"column":29},"end":{"line":65,"column":25}},"line":62},"23":{"name":"(anonymous_23)","decl":{"start":{"line":62,"column":42},"end":{"line":62,"column":43}},"loc":{"start":{"line":62,"column":51},"end":{"line":65,"column":5}},"line":62},"24":{"name":"(anonymous_24)","decl":{"start":{"line":69,"column":17},"end":{"line":69,"column":18}},"loc":{"start":{"line":69,"column":23},"end":{"line":71,"column":6}},"line":69},"25":{"name":"traduzirNomeTipo","decl":{"start":{"line":74,"column":9},"end":{"line":74,"column":25}},"loc":{"start":{"line":74,"column":32},"end":{"line":99,"column":1}},"line":74},"26":{"name":"(anonymous_26)","decl":{"start":{"line":105,"column":35},"end":{"line":105,"column":36}},"loc":{"start":{"line":105,"column":46},"end":{"line":163,"column":1}},"line":105},"27":{"name":"(anonymous_27)","decl":{"start":{"line":166,"column":37},"end":{"line":166,"column":38}},"loc":{"start":{"line":166,"column":43},"end":{"line":172,"column":1}},"line":166},"28":{"name":"(anonymous_28)","decl":{"start":{"line":167,"column":18},"end":{"line":167,"column":19}},"loc":{"start":{"line":167,"column":34},"end":{"line":171,"column":5}},"line":167}},"branchMap":{"0":{"loc":{"start":{"line":23,"column":25},"end":{"line":23,"column":58}},"type":"binary-expr","locations":[{"start":{"line":23,"column":25},"end":{"line":23,"column":39}},{"start":{"line":23,"column":43},"end":{"line":23,"column":58}}],"line":23},"1":{"loc":{"start":{"line":63,"column":8},"end":{"line":64,"column":23}},"type":"if","locations":[{"start":{"line":63,"column":8},"end":{"line":64,"column":23}},{"start":{"line":64,"column":13},"end":{"line":64,"column":23}}],"line":63},"2":{"loc":{"start":{"line":75,"column":4},"end":{"line":98,"column":5}},"type":"switch","locations":[{"start":{"line":76,"column":8},"end":{"line":76,"column":37}},{"start":{"line":77,"column":8},"end":{"line":77,"column":44}},{"start":{"line":78,"column":8},"end":{"line":78,"column":38}},{"start":{"line":79,"column":8},"end":{"line":79,"column":40}},{"start":{"line":80,"column":8},"end":{"line":80,"column":56}},{"start":{"line":81,"column":8},"end":{"line":81,"column":52}},{"start":{"line":82,"column":8},"end":{"line":82,"column":34}},{"start":{"line":83,"column":8},"end":{"line":83,"column":45}},{"start":{"line":84,"column":8},"end":{"line":84,"column":39}},{"start":{"line":85,"column":8},"end":{"line":85,"column":40}},{"start":{"line":86,"column":8},"end":{"line":86,"column":39}},{"start":{"line":87,"column":8},"end":{"line":87,"column":34}},{"start":{"line":88,"column":8},"end":{"line":88,"column":36}},{"start":{"line":89,"column":8},"end":{"line":89,"column":38}},{"start":{"line":90,"column":8},"end":{"line":90,"column":45}},{"start":{"line":91,"column":8},"end":{"line":91,"column":41}},{"start":{"line":92,"column":8},"end":{"line":92,"column":35}},{"start":{"line":93,"column":8},"end":{"line":93,"column":36}},{"start":{"line":94,"column":8},"end":{"line":94,"column":33}},{"start":{"line":95,"column":8},"end":{"line":95,"column":37}},{"start":{"line":96,"column":8},"end":{"line":97,"column":23}}],"line":75},"3":{"loc":{"start":{"line":106,"column":4},"end":{"line":162,"column":5}},"type":"switch","locations":[{"start":{"line":107,"column":8},"end":{"line":111,"column":132}},{"start":{"line":112,"column":8},"end":{"line":113,"column":69}},{"start":{"line":114,"column":8},"end":{"line":115,"column":72}},{"start":{"line":116,"column":8},"end":{"line":117,"column":98}},{"start":{"line":118,"column":8},"end":{"line":119,"column":73}},{"start":{"line":120,"column":8},"end":{"line":121,"column":70}},{"start":{"line":122,"column":8},"end":{"line":123,"column":74}},{"start":{"line":124,"column":8},"end":{"line":125,"column":75}},{"start":{"line":126,"column":8},"end":{"line":127,"column":79}},{"start":{"line":128,"column":8},"end":{"line":129,"column":47}},{"start":{"line":130,"column":8},"end":{"line":135,"column":13}},{"start":{"line":136,"column":8},"end":{"line":144,"column":103}},{"start":{"line":145,"column":8},"end":{"line":153,"column":71}},{"start":{"line":154,"column":8},"end":{"line":155,"column":51}},{"start":{"line":156,"column":8},"end":{"line":157,"column":67}},{"start":{"line":158,"column":8},"end":{"line":159,"column":42}},{"start":{"line":160,"column":8},"end":{"line":161,"column":81}}],"line":106},"4":{"loc":{"start":{"line":108,"column":12},"end":{"line":110,"column":13}},"type":"if","locations":[{"start":{"line":108,"column":12},"end":{"line":110,"column":13}},{"start":{},"end":{}}],"line":108},"5":{"loc":{"start":{"line":108,"column":16},"end":{"line":108,"column":75}},"type":"binary-expr","locations":[{"start":{"line":108,"column":16},"end":{"line":108,"column":46}},{"start":{"line":108,"column":50},"end":{"line":108,"column":75}}],"line":108},"6":{"loc":{"start":{"line":131,"column":12},"end":{"line":135,"column":13}},"type":"if","locations":[{"start":{"line":131,"column":12},"end":{"line":135,"column":13}},{"start":{"line":133,"column":19},"end":{"line":135,"column":13}}],"line":131},"7":{"loc":{"start":{"line":137,"column":12},"end":{"line":144,"column":103}},"type":"if","locations":[{"start":{"line":137,"column":12},"end":{"line":144,"column":103}},{"start":{"line":139,"column":17},"end":{"line":144,"column":103}}],"line":137},"8":{"loc":{"start":{"line":137,"column":16},"end":{"line":137,"column":66}},"type":"binary-expr","locations":[{"start":{"line":137,"column":16},"end":{"line":137,"column":39}},{"start":{"line":137,"column":43},"end":{"line":137,"column":66}}],"line":137},"9":{"loc":{"start":{"line":139,"column":17},"end":{"line":144,"column":103}},"type":"if","locations":[{"start":{"line":139,"column":17},"end":{"line":144,"column":103}},{"start":{"line":141,"column":17},"end":{"line":144,"column":103}}],"line":139},"10":{"loc":{"start":{"line":141,"column":17},"end":{"line":144,"column":103}},"type":"if","locations":[{"start":{"line":141,"column":17},"end":{"line":144,"column":103}},{"start":{"line":144,"column":16},"end":{"line":144,"column":103}}],"line":141},"11":{"loc":{"start":{"line":146,"column":12},"end":{"line":153,"column":71}},"type":"if","locations":[{"start":{"line":146,"column":12},"end":{"line":153,"column":71}},{"start":{"line":148,"column":17},"end":{"line":153,"column":71}}],"line":146},"12":{"loc":{"start":{"line":146,"column":16},"end":{"line":146,"column":66}},"type":"binary-expr","locations":[{"start":{"line":146,"column":16},"end":{"line":146,"column":39}},{"start":{"line":146,"column":43},"end":{"line":146,"column":66}}],"line":146},"13":{"loc":{"start":{"line":148,"column":17},"end":{"line":153,"column":71}},"type":"if","locations":[{"start":{"line":148,"column":17},"end":{"line":153,"column":71}},{"start":{"line":150,"column":17},"end":{"line":153,"column":71}}],"line":148},"14":{"loc":{"start":{"line":150,"column":17},"end":{"line":153,"column":71}},"type":"if","locations":[{"start":{"line":150,"column":17},"end":{"line":153,"column":71}},{"start":{"line":153,"column":16},"end":{"line":153,"column":71}}],"line":150},"15":{"loc":{"start":{"line":161,"column":19},"end":{"line":161,"column":81}},"type":"binary-expr","locations":[{"start":{"line":161,"column":19},"end":{"line":161,"column":32}},{"start":{"line":161,"column":36},"end":{"line":161,"column":81}}],"line":161}},"s":{"0":11,"1":0,"2":0,"3":0,"4":0,"5":0,"6":0,"7":0,"8":0,"9":0,"10":0,"11":0,"12":0,"13":0,"14":0,"15":0,"16":0,"17":0,"18":0,"19":44,"20":33,"21":22,"22":0,"23":0,"24":0,"25":0,"26":0,"27":11,"28":0,"29":0,"30":0,"31":0,"32":0,"33":0,"34":0,"35":0,"36":0,"37":0,"38":0,"39":0,"40":0,"41":0,"42":0,"43":0,"44":0,"45":0,"46":0,"47":0,"48":0,"49":0,"50":0,"51":11,"52":0,"53":0,"54":0,"55":0,"56":0,"57":0,"58":0,"59":0,"60":0,"61":0,"62":0,"63":0,"64":0,"65":0,"66":0,"67":0,"68":0,"69":0,"70":0,"71":0,"72":0,"73":0,"74":0,"75":0,"76":0,"77":0,"78":0,"79":0,"80":0,"81":0,"82":0,"83":0,"84":0,"85":0,"86":11,"87":11,"88":0},"f":{"0":0,"1":0,"2":0,"3":0,"4":0,"5":0,"6":0,"7":0,"8":0,"9":0,"10":0,"11":0,"12":0,"13":0,"14":0,"15":0,"16":0,"17":0,"18":44,"19":33,"20":22,"21":0,"22":0,"23":0,"24":0,"25":0,"26":0,"27":11,"28":0},"b":{"0":[0,0],"1":[0,0],"2":[0,0,0,0,0,0,0,0,0,0,0,0,0,0,0,0,0,0,0,0,0],"3":[0,0,0,0,0,0,0,0,0,0,0,0,0,0,0,0,0],"4":[0,0],"5":[0,0],"6":[0,0],"7":[0,0],"8":[0,0],"9":[0,0],"10":[0,0],"11":[0,0],"12":[0,0],"13":[0,0],"14":[0,0],"15":[0,0]},"_coverageSchema":"1a1c01bbd47fc00a2c39e90264f33305004495a9","hash":"85ded1bbe9cf71e518725d365e8d000880536c6a"}
}
