TN:
SF:src\app.js
FN:13,(anonymous_0)
FN:16,(anonymous_1)
FN:20,(anonymous_2)
FN:23,(anonymous_3)
FNF:4
FNH:4
FNDA:228,(anonymous_0)
FNDA:12,(anonymous_1)
FNDA:708,(anonymous_2)
FNDA:708,(anonymous_3)
DA:5,12
DA:7,12
DA:8,12
DA:9,12
DA:11,12
DA:13,12
DA:14,228
DA:15,12
DA:16,12
DA:18,12
DA:19,216
DA:20,144
DA:21,708
DA:22,708
DA:23,708
DA:25,708
LF:16
LH:16
BRDA:14,0,0,12
BRDA:14,0,1,216
BRDA:19,1,0,144
BRDA:19,1,1,72
BRDA:21,2,0,708
BRDA:21,2,1,0
BRF:6
BRH:5
end_of_record
TN:
SF:src\config\initialConfig.js
FN:7,verificarMinio
FN:8,(anonymous_1)
FN:14,(anonymous_2)
FN:16,(anonymous_3)
FN:18,(anonymous_4)
FN:32,verificarGrupos
FN:59,verificarAdministradorPadrao
FNF:7
FNH:6
FNDA:19,verificarMinio
FNDA:19,(anonymous_1)
FNDA:38,(anonymous_2)
FNDA:38,(anonymous_3)
FNDA:0,(anonymous_4)
FNDA:19,verificarGrupos
FNDA:19,verificarAdministradorPadrao
DA:8,19
DA:9,19
DA:10,0
DA:11,0
DA:14,38
DA:16,19
DA:17,38
DA:18,0
DA:19,0
DA:20,0
DA:21,0
DA:22,0
DA:25,0
DA:33,19
DA:35,19
DA:36,19
DA:48,19
DA:50,57
DA:54,57
DA:60,19
DA:61,19
DA:63,19
DA:64,0
DA:65,0
DA:68,19
DA:74,19
DA:75,19
DA:83,19
DA:93,19
LF:29
LH:19
BRDA:9,0,0,0
BRDA:9,0,1,19
BRDA:17,1,0,0
BRDA:17,1,1,38
BRDA:19,2,0,0
BRDA:19,2,1,0
BRDA:35,3,0,19
BRDA:35,3,1,0
BRDA:63,4,0,0
BRDA:63,4,1,19
BRDA:63,5,0,19
BRDA:63,5,1,19
BRDA:74,6,0,19
BRDA:74,6,1,0
BRF:14
BRH:7
end_of_record
TN:
SF:src\config\minioConfig.js
FNF:0
FNH:0
DA:3,19
LF:1
LH:1
BRDA:6,0,0,0
BRDA:6,0,1,19
BRF:2
BRH:1
end_of_record
TN:
SF:src\config\prismaClient.js
FN:21,verifyConnection
FNF:1
FNH:1
FNDA:19,verifyConnection
DA:5,19
DA:7,19
DA:10,19
DA:22,19
DA:24,19
DA:25,19
DA:28,0
DA:29,0
LF:8
LH:6
BRF:0
BRH:0
end_of_record
TN:
SF:src\config\zodConfig.js
FN:6,(anonymous_0)
FNF:1
FNH:1
FNDA:19,(anonymous_0)
DA:3,19
DA:6,19
DA:7,19
DA:8,19
DA:11,19
LF:5
LH:5
BRDA:7,0,0,0
BRDA:7,0,1,19
BRF:2
BRH:1
end_of_record
TN:
SF:src\controller\authController.js
FN:9,(anonymous_0)
FN:56,(anonymous_1)
FNF:2
FNH:2
FNDA:25,(anonymous_0)
FNDA:1,(anonymous_1)
DA:10,25
DA:12,25
DA:14,24
DA:16,24
DA:27,24
DA:29,23
DA:31,23
DA:33,22
DA:35,21
DA:48,21
DA:50,21
DA:57,1
DA:59,1
DA:72,1
DA:81,1
LF:15
LH:15
BRDA:14,0,0,0
BRDA:14,0,1,24
BRDA:27,1,0,1
BRDA:27,1,1,23
BRDA:31,2,0,1
BRDA:31,2,1,22
BRDA:33,3,0,1
BRDA:33,3,1,21
BRF:8
BRH:7
end_of_record
TN:
SF:src\controller\categoriaController.js
FN:6,(anonymous_0)
FN:32,(anonymous_1)
FN:38,(anonymous_2)
FN:54,(anonymous_3)
FN:99,(anonymous_4)
FNF:5
FNH:5
FNDA:3,(anonymous_0)
FNDA:1,(anonymous_1)
FNDA:2,(anonymous_2)
FNDA:3,(anonymous_3)
FNDA:2,(anonymous_4)
DA:7,3
DA:9,3
DA:11,3
DA:17,3
DA:18,1
DA:21,3
DA:23,2
DA:29,2
DA:33,1
DA:35,1
DA:39,2
DA:41,2
DA:47,2
DA:48,1
DA:51,1
DA:55,3
DA:57,3
DA:59,3
DA:61,3
DA:63,3
DA:69,3
DA:70,1
DA:73,3
DA:74,3
DA:80,3
DA:81,1
DA:85,3
DA:87,1
DA:96,1
DA:100,2
DA:101,2
DA:104,2
DA:110,2
DA:111,1
DA:114,2
DA:116,1
DA:122,1
LF:37
LH:37
BRDA:17,0,0,1
BRDA:17,0,1,2
BRDA:21,1,0,1
BRDA:21,1,1,2
BRDA:47,2,0,1
BRDA:47,2,1,1
BRDA:69,3,0,1
BRDA:69,3,1,2
BRDA:73,4,0,3
BRDA:73,4,1,0
BRDA:80,5,0,1
BRDA:80,5,1,2
BRDA:80,6,0,3
BRDA:80,6,1,1
BRDA:85,7,0,2
BRDA:85,7,1,1
BRDA:110,8,0,1
BRDA:110,8,1,1
BRDA:114,9,0,1
BRDA:114,9,1,1
BRF:20
BRH:19
end_of_record
TN:
SF:src\controller\certificadoController.js
FN:9,(anonymous_0)
FN:87,(anonymous_1)
FN:124,(anonymous_2)
FN:176,(anonymous_3)
FNF:4
FNH:4
FNDA:2,(anonymous_0)
FNDA:1,(anonymous_1)
FNDA:3,(anonymous_2)
FNDA:2,(anonymous_3)
DA:10,2
DA:12,2
DA:14,2
DA:15,2
DA:17,2
DA:18,1
DA:20,1
DA:41,1
DA:49,2
DA:51,2
DA:74,2
DA:75,1
DA:76,1
DA:77,1
DA:79,1
DA:82,2
DA:88,1
DA:90,1
DA:113,1
DA:114,1
DA:115,1
DA:116,1
DA:118,1
DA:121,1
DA:125,3
DA:127,3
DA:129,3
DA:135,3
DA:136,1
DA:139,2
DA:163,2
DA:164,1
DA:167,1
DA:168,1
DA:169,1
DA:171,1
DA:173,1
DA:177,2
DA:179,2
DA:202,2
DA:203,1
DA:209,1
DA:210,1
DA:211,1
DA:213,1
DA:215,1
LF:46
LH:46
BRDA:12,0,0,2
BRDA:12,1,0,2
BRDA:14,2,0,2
BRDA:14,2,1,0
BRDA:15,3,0,2
BRDA:15,3,1,0
BRDA:17,4,0,1
BRDA:17,4,1,1
BRDA:135,5,0,1
BRDA:135,5,1,2
BRDA:163,6,0,1
BRDA:163,6,1,1
BRDA:202,7,0,1
BRDA:202,7,1,1
BRF:14
BRH:12
end_of_record
TN:
SF:src\controller\conteudoController.js
FN:8,(anonymous_0)
FN:39,(anonymous_1)
FN:85,(anonymous_2)
FN:108,(anonymous_3)
FN:128,(anonymous_4)
FN:146,(anonymous_5)
FN:154,(anonymous_6)
FN:187,(anonymous_7)
FN:242,(anonymous_8)
FN:301,(anonymous_9)
FN:336,(anonymous_10)
FN:346,(anonymous_11)
FNF:12
FNH:9
FNDA:5,(anonymous_0)
FNDA:0,(anonymous_1)
FNDA:1,(anonymous_2)
FNDA:2,(anonymous_3)
FNDA:2,(anonymous_4)
FNDA:1,(anonymous_5)
FNDA:7,(anonymous_6)
FNDA:0,(anonymous_7)
FNDA:3,(anonymous_8)
FNDA:3,(anonymous_9)
FNDA:0,(anonymous_10)
FNDA:1,(anonymous_11)
DA:9,5
DA:11,5
DA:13,5
DA:29,5
DA:30,1
DA:36,4
DA:37,1
DA:39,1
DA:40,1
DA:42,1
DA:43,1
DA:47,3
DA:54,3
DA:55,1
DA:62,3
DA:64,3
DA:65,1
DA:71,3
DA:73,1
DA:79,1
DA:81,1
DA:82,1
DA:85,1
DA:87,1
DA:94,1
DA:105,1
DA:109,2
DA:111,2
DA:113,2
DA:119,2
DA:120,1
DA:123,2
DA:125,1
DA:129,2
DA:131,2
DA:133,2
DA:140,2
DA:141,1
DA:144,2
DA:146,1
DA:151,1
DA:155,7
DA:157,7
DA:158,7
DA:160,7
DA:180,7
DA:181,1
DA:184,6
DA:185,1
DA:187,1
DA:188,1
DA:190,1
DA:191,1
DA:195,5
DA:196,2
DA:203,2
DA:204,1
DA:211,5
DA:213,2
DA:215,2
DA:216,1
DA:223,5
DA:226,3
DA:230,3
DA:231,3
DA:233,3
DA:239,3
DA:240,3
DA:242,3
DA:243,3
DA:244,2
DA:245,1
DA:259,1
DA:260,1
DA:277,3
DA:290,3
DA:298,3
DA:302,3
DA:304,3
DA:306,3
DA:327,3
DA:328,1
DA:331,3
DA:333,2
DA:334,1
DA:336,1
DA:337,1
DA:339,1
DA:340,1
DA:344,1
DA:346,1
DA:348,1
DA:355,1
DA:361,1
DA:376,1
LF:95
LH:95
BRDA:29,0,0,1
BRDA:29,0,1,4
BRDA:36,1,0,1
BRDA:36,1,1,3
BRDA:42,2,0,1
BRDA:42,2,1,0
BRDA:42,3,0,1
BRDA:42,3,1,1
BRDA:54,4,0,1
BRDA:54,4,1,2
BRDA:64,5,0,1
BRDA:64,5,1,2
BRDA:71,6,0,2
BRDA:71,6,1,1
BRDA:81,7,0,1
BRDA:81,7,1,0
BRDA:119,8,0,1
BRDA:119,8,1,1
BRDA:123,9,0,1
BRDA:123,9,1,1
BRDA:140,10,0,1
BRDA:140,10,1,1
BRDA:144,11,0,1
BRDA:144,11,1,1
BRDA:180,12,0,1
BRDA:180,12,1,6
BRDA:184,13,0,1
BRDA:184,13,1,5
BRDA:190,14,0,1
BRDA:190,14,1,0
BRDA:190,15,0,1
BRDA:190,15,1,1
BRDA:195,16,0,2
BRDA:195,16,1,3
BRDA:203,17,0,1
BRDA:203,17,1,1
BRDA:203,18,0,2
BRDA:203,18,1,2
BRDA:211,19,0,2
BRDA:211,19,1,3
BRDA:215,20,0,1
BRDA:215,20,1,1
BRDA:223,21,0,2
BRDA:223,21,1,3
BRDA:226,22,0,1
BRDA:226,22,1,2
BRDA:240,23,0,2
BRDA:240,23,1,1
BRDA:243,24,0,2
BRDA:243,24,1,1
BRDA:244,25,0,1
BRDA:244,25,1,1
BRDA:259,26,0,1
BRDA:259,26,1,0
BRDA:327,27,0,1
BRDA:327,27,1,2
BRDA:331,28,0,1
BRDA:331,28,1,2
BRDA:333,29,0,1
BRDA:333,29,1,1
BRDA:339,30,0,1
BRDA:339,30,1,0
BRDA:339,31,0,1
BRDA:339,31,1,1
BRF:64
BRH:59
end_of_record
TN:
SF:src\controller\cursosController.js
FN:11,(anonymous_0)
FN:36,(anonymous_1)
FN:39,(anonymous_2)
FN:53,(anonymous_3)
FN:65,(anonymous_4)
FN:89,(anonymous_5)
FN:122,(anonymous_6)
FN:124,(anonymous_7)
FN:133,(anonymous_8)
FN:136,(anonymous_9)
FN:137,(anonymous_10)
FN:147,(anonymous_11)
FN:148,(anonymous_12)
FN:156,(anonymous_13)
FN:193,(anonymous_14)
FN:207,(anonymous_15)
FN:272,(anonymous_16)
FN:286,(anonymous_17)
FN:342,(anonymous_18)
FN:367,(anonymous_19)
FN:404,(anonymous_20)
FN:406,(anonymous_21)
FN:415,(anonymous_22)
FN:416,(anonymous_23)
FN:424,(anonymous_24)
FN:476,(anonymous_25)
FN:487,(anonymous_26)
FN:527,(anonymous_27)
FN:540,(anonymous_28)
FN:567,(anonymous_29)
FN:568,(anonymous_30)
FN:577,(anonymous_31)
FN:596,(anonymous_32)
FN:604,(anonymous_33)
FN:648,(anonymous_34)
FN:679,(anonymous_35)
FN:706,(anonymous_36)
FN:711,(anonymous_37)
FN:748,(anonymous_38)
FN:757,(anonymous_39)
FN:774,(anonymous_40)
FN:810,(anonymous_41)
FN:818,(anonymous_42)
FN:830,(anonymous_43)
FN:864,(anonymous_44)
FN:892,(anonymous_45)
FN:911,(anonymous_46)
FN:914,(anonymous_47)
FN:919,(anonymous_48)
FN:943,(anonymous_49)
FNF:50
FNH:44
FNDA:3,(anonymous_0)
FNDA:1,(anonymous_1)
FNDA:2,(anonymous_2)
FNDA:1,(anonymous_3)
FNDA:4,(anonymous_4)
FNDA:0,(anonymous_5)
FNDA:1,(anonymous_6)
FNDA:2,(anonymous_7)
FNDA:1,(anonymous_8)
FNDA:1,(anonymous_9)
FNDA:1,(anonymous_10)
FNDA:1,(anonymous_11)
FNDA:1,(anonymous_12)
FNDA:1,(anonymous_13)
FNDA:1,(anonymous_14)
FNDA:2,(anonymous_15)
FNDA:2,(anonymous_16)
FNDA:6,(anonymous_17)
FNDA:3,(anonymous_18)
FNDA:2,(anonymous_19)
FNDA:1,(anonymous_20)
FNDA:2,(anonymous_21)
FNDA:1,(anonymous_22)
FNDA:1,(anonymous_23)
FNDA:3,(anonymous_24)
FNDA:2,(anonymous_25)
FNDA:2,(anonymous_26)
FNDA:1,(anonymous_27)
FNDA:3,(anonymous_28)
FNDA:1,(anonymous_29)
FNDA:1,(anonymous_30)
FNDA:3,(anonymous_31)
FNDA:0,(anonymous_32)
FNDA:1,(anonymous_33)
FNDA:2,(anonymous_34)
FNDA:2,(anonymous_35)
FNDA:1,(anonymous_36)
FNDA:4,(anonymous_37)
FNDA:0,(anonymous_38)
FNDA:1,(anonymous_39)
FNDA:4,(anonymous_40)
FNDA:0,(anonymous_41)
FNDA:1,(anonymous_42)
FNDA:5,(anonymous_43)
FNDA:0,(anonymous_44)
FNDA:3,(anonymous_45)
FNDA:1,(anonymous_46)
FNDA:1,(anonymous_47)
FNDA:3,(anonymous_48)
FNDA:0,(anonymous_49)
DA:12,3
DA:14,3
DA:16,3
DA:22,3
DA:23,1
DA:26,3
DA:27,2
DA:36,2
DA:39,2
DA:41,2
DA:42,1
DA:46,3
DA:48,1
DA:54,1
DA:62,1
DA:66,4
DA:68,4
DA:70,4
DA:72,4
DA:82,4
DA:83,1
DA:86,3
DA:87,2
DA:89,2
DA:90,2
DA:92,2
DA:93,1
DA:97,2
DA:98,2
DA:104,2
DA:105,1
DA:112,2
DA:113,2
DA:122,2
DA:124,2
DA:126,2
DA:127,1
DA:131,2
DA:133,1
DA:134,1
DA:136,1
DA:137,1
DA:139,1
DA:147,1
DA:148,1
DA:153,1
DA:157,1
DA:159,1
DA:161,1
DA:170,1
DA:172,1
DA:192,1
DA:193,2
DA:195,2
DA:196,2
DA:197,2
DA:199,2
DA:202,1
DA:208,2
DA:210,2
DA:212,2
DA:221,2
DA:222,1
DA:223,1
DA:238,1
DA:246,2
DA:248,2
DA:250,2
DA:271,2
DA:272,4
DA:274,4
DA:275,4
DA:276,4
DA:278,4
DA:281,2
DA:287,6
DA:289,6
DA:291,6
DA:292,6
DA:294,6
DA:296,6
DA:298,2
DA:313,2
DA:321,6
DA:332,6
DA:333,1
DA:336,5
DA:338,4
DA:339,1
DA:342,4
DA:343,3
DA:346,4
DA:347,1
DA:353,4
DA:355,3
DA:362,3
DA:368,2
DA:370,2
DA:400,2
DA:401,1
DA:404,1
DA:406,1
DA:407,2
DA:408,2
DA:409,2
DA:410,2
DA:413,1
DA:415,1
DA:416,1
DA:417,1
DA:421,1
DA:425,3
DA:427,3
DA:429,3
DA:430,2
DA:431,2
DA:445,3
DA:472,3
DA:473,1
DA:476,2
DA:478,2
DA:479,2
DA:480,2
DA:482,2
DA:484,2
DA:488,2
DA:490,2
DA:523,2
DA:524,1
DA:527,1
DA:528,1
DA:530,1
DA:531,1
DA:532,1
DA:534,1
DA:540,1
DA:541,3
DA:543,3
DA:544,3
DA:545,3
DA:546,1
DA:551,3
DA:554,1
DA:560,1
DA:567,1
DA:568,1
DA:574,1
DA:578,3
DA:580,3
DA:589,3
DA:590,1
DA:593,2
DA:594,1
DA:596,1
DA:597,1
DA:599,1
DA:600,1
DA:604,1
DA:606,1
DA:612,1
DA:618,1
DA:624,1
DA:632,1
DA:638,1
DA:645,1
DA:649,2
DA:651,2
DA:672,2
DA:673,1
DA:676,1
DA:680,2
DA:682,2
DA:702,2
DA:703,1
DA:706,1
DA:708,1
DA:712,4
DA:713,4
DA:714,4
DA:717,4
DA:726,4
DA:727,1
DA:731,4
DA:732,4
DA:738,4
DA:739,1
DA:743,4
DA:745,2
DA:746,1
DA:748,1
DA:749,1
DA:751,1
DA:752,1
DA:756,1
DA:757,1
DA:759,1
DA:760,1
DA:771,1
DA:775,4
DA:776,4
DA:777,4
DA:780,4
DA:789,4
DA:790,1
DA:793,4
DA:794,4
DA:800,4
DA:801,1
DA:805,4
DA:807,2
DA:808,1
DA:810,1
DA:811,1
DA:813,1
DA:814,1
DA:818,1
DA:819,1
DA:827,1
DA:831,5
DA:832,5
DA:836,5
DA:837,5
DA:839,5
DA:840,1
DA:843,5
DA:852,5
DA:853,1
DA:856,5
DA:857,2
DA:858,2
DA:861,3
DA:862,1
DA:864,1
DA:865,1
DA:867,1
DA:868,1
DA:869,1
DA:873,2
DA:875,2
DA:884,2
DA:885,1
DA:889,2
DA:893,3
DA:894,3
DA:896,3
DA:902,3
DA:903,1
DA:906,3
DA:907,1
DA:910,2
DA:912,1
DA:915,1
DA:920,3
DA:921,3
DA:923,3
DA:932,3
DA:933,1
DA:936,3
DA:937,1
DA:940,2
DA:941,1
DA:943,1
DA:944,1
DA:946,1
DA:947,1
DA:951,1
DA:952,1
DA:955,1
DA:965,1
LF:269
LH:269
BRDA:14,0,0,1
BRDA:22,1,0,1
BRDA:22,1,1,2
BRDA:26,2,0,2
BRDA:26,2,1,1
BRDA:26,3,0,3
BRDA:26,3,1,3
BRDA:41,4,0,1
BRDA:41,4,1,1
BRDA:46,5,0,2
BRDA:46,5,1,1
BRDA:70,6,0,2
BRDA:82,7,0,1
BRDA:82,7,1,3
BRDA:86,8,0,2
BRDA:86,8,1,1
BRDA:92,9,0,1
BRDA:92,9,1,1
BRDA:92,10,0,2
BRDA:92,10,1,1
BRDA:97,11,0,2
BRDA:97,11,1,0
BRDA:104,12,0,1
BRDA:104,12,1,1
BRDA:104,13,0,2
BRDA:104,13,1,1
BRDA:112,14,0,2
BRDA:112,14,1,0
BRDA:112,15,0,2
BRDA:112,15,1,2
BRDA:126,16,0,1
BRDA:126,16,1,1
BRDA:131,17,0,1
BRDA:131,17,1,1
BRDA:159,18,0,1
BRDA:159,19,0,1
BRDA:161,20,0,1
BRDA:161,20,1,0
BRDA:210,21,0,2
BRDA:210,22,0,2
BRDA:212,23,0,0
BRDA:212,23,1,2
BRDA:221,24,0,1
BRDA:221,24,1,1
BRDA:246,25,0,0
BRDA:246,25,1,2
BRDA:246,26,0,2
BRDA:246,26,1,2
BRDA:246,27,0,0
BRDA:246,27,1,0
BRDA:296,28,0,2
BRDA:296,28,1,4
BRDA:332,29,0,1
BRDA:332,29,1,5
BRDA:336,30,0,4
BRDA:336,30,1,1
BRDA:338,31,0,1
BRDA:338,31,1,3
BRDA:343,32,0,3
BRDA:343,32,1,3
BRDA:346,33,0,1
BRDA:346,33,1,3
BRDA:353,34,0,2
BRDA:353,34,1,2
BRDA:400,35,0,1
BRDA:400,35,1,1
BRDA:429,36,0,2
BRDA:429,36,1,1
BRDA:472,37,0,1
BRDA:472,37,1,2
BRDA:523,38,0,1
BRDA:523,38,1,1
BRDA:535,39,0,0
BRDA:535,39,1,1
BRDA:536,40,0,0
BRDA:536,40,1,1
BRDA:545,41,0,1
BRDA:545,41,1,2
BRDA:589,42,0,1
BRDA:589,42,1,2
BRDA:593,43,0,1
BRDA:593,43,1,1
BRDA:599,44,0,1
BRDA:599,44,1,0
BRDA:599,45,0,1
BRDA:599,45,1,1
BRDA:672,46,0,1
BRDA:672,46,1,1
BRDA:702,47,0,1
BRDA:702,47,1,1
BRDA:726,48,0,1
BRDA:726,48,1,3
BRDA:738,49,0,1
BRDA:738,49,1,3
BRDA:743,50,0,2
BRDA:743,50,1,2
BRDA:745,51,0,1
BRDA:745,51,1,1
BRDA:751,52,0,1
BRDA:751,52,1,0
BRDA:751,53,0,1
BRDA:751,53,1,1
BRDA:789,54,0,1
BRDA:789,54,1,3
BRDA:800,55,0,1
BRDA:800,55,1,3
BRDA:805,56,0,2
BRDA:805,56,1,2
BRDA:807,57,0,1
BRDA:807,57,1,1
BRDA:813,58,0,1
BRDA:813,58,1,0
BRDA:813,59,0,1
BRDA:813,59,1,1
BRDA:839,60,0,1
BRDA:839,60,1,4
BRDA:852,61,0,1
BRDA:852,61,1,4
BRDA:856,62,0,2
BRDA:856,62,1,3
BRDA:861,63,0,1
BRDA:861,63,1,2
BRDA:867,64,0,1
BRDA:867,64,1,0
BRDA:867,65,0,1
BRDA:867,65,1,1
BRDA:884,66,0,1
BRDA:884,66,1,1
BRDA:902,67,0,1
BRDA:902,67,1,2
BRDA:906,68,0,1
BRDA:906,68,1,2
BRDA:932,69,0,1
BRDA:932,69,1,2
BRDA:936,70,0,1
BRDA:936,70,1,2
BRDA:940,71,0,1
BRDA:940,71,1,1
BRDA:946,72,0,1
BRDA:946,72,1,0
BRDA:946,73,0,1
BRDA:946,73,1,1
BRDA:951,74,0,1
BRDA:951,74,1,0
BRF:144
BRH:129
end_of_record
TN:
SF:src\controller\gruposController.js
FN:5,(anonymous_0)
FNF:1
FNH:1
FNDA:1,(anonymous_0)
DA:6,1
DA:8,1
LF:2
LH:2
BRF:0
BRH:0
end_of_record
TN:
SF:src\controller\inscricoesController.js
FN:8,(anonymous_0)
FN:54,(anonymous_1)
FN:55,(anonymous_2)
FN:58,(anonymous_3)
FN:85,(anonymous_4)
FN:154,(anonymous_5)
FN:177,(anonymous_6)
FN:213,(anonymous_7)
FN:252,(anonymous_8)
FNF:9
FNH:9
FNDA:7,(anonymous_0)
FNDA:4,(anonymous_1)
FNDA:4,(anonymous_2)
FNDA:4,(anonymous_3)
FNDA:2,(anonymous_4)
FNDA:1,(anonymous_5)
FNDA:2,(anonymous_6)
FNDA:5,(anonymous_7)
FNDA:2,(anonymous_8)
DA:9,7
DA:11,7
DA:13,7
DA:15,7
DA:32,7
DA:33,1
DA:36,6
DA:37,1
DA:40,6
DA:47,6
DA:48,1
DA:52,7
DA:54,4
DA:55,4
DA:58,4
DA:60,4
DA:71,4
DA:82,4
DA:86,2
DA:88,2
DA:90,2
DA:91,2
DA:93,2
DA:94,1
DA:96,1
DA:117,1
DA:125,2
DA:127,2
DA:149,2
DA:156,1
DA:158,1
DA:173,1
DA:179,2
DA:181,2
DA:183,2
DA:189,2
DA:190,1
DA:193,1
DA:209,1
DA:215,5
DA:216,5
DA:218,5
DA:224,5
DA:225,1
DA:228,4
DA:244,4
DA:245,1
DA:248,3
DA:249,1
DA:252,2
DA:254,2
DA:263,2
DA:274,2
LF:53
LH:53
BRDA:32,0,0,1
BRDA:32,0,1,6
BRDA:36,1,0,1
BRDA:36,1,1,5
BRDA:47,2,0,1
BRDA:47,2,1,5
BRDA:52,3,0,3
BRDA:52,3,1,4
BRDA:88,4,0,2
BRDA:88,5,0,2
BRDA:90,6,0,1
BRDA:90,6,1,1
BRDA:91,7,0,1
BRDA:91,7,1,1
BRDA:93,8,0,1
BRDA:93,8,1,1
BRDA:189,9,0,1
BRDA:189,9,1,1
BRDA:224,10,0,1
BRDA:224,10,1,4
BRDA:244,11,0,1
BRDA:244,11,1,3
BRDA:248,12,0,1
BRDA:248,12,1,2
BRF:24
BRH:24
end_of_record
TN:
SF:src\controller\progressoController.js
FN:8,(anonymous_0)
FN:77,(anonymous_1)
FN:106,(anonymous_2)
FN:193,(anonymous_3)
FN:212,(anonymous_4)
FNF:5
FNH:5
FNDA:2,(anonymous_0)
FNDA:3,(anonymous_1)
FNDA:6,(anonymous_2)
FNDA:3,(anonymous_3)
FNDA:2,(anonymous_4)
DA:9,2
DA:11,2
DA:13,2
DA:14,2
DA:16,2
DA:17,1
DA:19,1
DA:40,1
DA:48,2
DA:50,2
DA:72,2
DA:78,3
DA:80,3
DA:82,3
DA:88,3
DA:89,1
DA:92,2
DA:99,2
DA:100,1
DA:103,1
DA:108,6
DA:110,6
DA:127,6
DA:128,1
DA:131,5
DA:133,5
DA:142,5
DA:143,1
DA:146,4
DA:159,4
DA:160,4
DA:161,2
DA:164,4
DA:165,3
DA:168,1
DA:171,3
DA:181,3
DA:183,3
DA:184,3
DA:185,5
DA:186,1
DA:187,1
DA:190,3
DA:193,3
DA:194,3
DA:196,3
DA:210,3
DA:212,2
DA:214,2
DA:221,2
DA:235,2
DA:238,1
LF:52
LH:52
BRDA:11,0,0,2
BRDA:11,1,0,2
BRDA:13,2,0,2
BRDA:13,2,1,0
BRDA:14,3,0,2
BRDA:14,3,1,0
BRDA:16,4,0,1
BRDA:16,4,1,1
BRDA:88,5,0,1
BRDA:88,5,1,2
BRDA:99,6,0,1
BRDA:99,6,1,1
BRDA:127,7,0,1
BRDA:127,7,1,5
BRDA:142,8,0,1
BRDA:142,8,1,4
BRDA:160,9,0,2
BRDA:160,9,1,2
BRDA:160,10,0,4
BRDA:160,10,1,4
BRDA:164,11,0,3
BRDA:164,11,1,1
BRDA:185,12,0,1
BRDA:185,12,1,4
BRDA:190,13,0,1
BRDA:190,13,1,2
BRDA:210,14,0,2
BRDA:210,14,1,1
BRF:28
BRH:26
end_of_record
TN:
SF:src\controller\recuperaSenhaController.js
FN:9,(anonymous_0)
FN:51,(anonymous_1)
FNF:2
FNH:2
FNDA:3,(anonymous_0)
FNDA:6,(anonymous_1)
DA:10,3
DA:12,3
DA:18,3
DA:20,2
DA:22,1
DA:23,1
DA:25,1
DA:29,1
DA:31,1
DA:38,1
DA:48,1
DA:52,6
DA:53,6
DA:55,6
DA:61,6
DA:63,5
DA:65,4
DA:67,3
DA:69,2
DA:70,2
DA:72,1
DA:75,1
DA:83,1
LF:23
LH:23
BRDA:18,0,0,1
BRDA:18,0,1,2
BRDA:20,1,0,1
BRDA:20,1,1,1
BRDA:29,2,0,0
BRDA:29,2,1,1
BRDA:61,3,0,1
BRDA:61,3,1,5
BRDA:63,4,0,1
BRDA:63,4,1,4
BRDA:65,5,0,1
BRDA:65,5,1,3
BRDA:67,6,0,1
BRDA:67,6,1,2
BRF:14
BRH:13
end_of_record
TN:
SF:src\controller\topicoController.js
FN:8,(anonymous_0)
FN:32,(anonymous_1)
FN:73,(anonymous_2)
FN:89,(anonymous_3)
FN:106,(anonymous_4)
FN:139,(anonymous_5)
FN:160,(anonymous_6)
FN:201,(anonymous_7)
FN:227,(anonymous_8)
FN:268,(anonymous_9)
FNF:10
FNH:7
FNDA:4,(anonymous_0)
FNDA:0,(anonymous_1)
FNDA:2,(anonymous_2)
FNDA:2,(anonymous_3)
FNDA:3,(anonymous_4)
FNDA:0,(anonymous_5)
FNDA:1,(anonymous_6)
FNDA:6,(anonymous_7)
FNDA:0,(anonymous_8)
FNDA:3,(anonymous_9)
DA:9,4
DA:11,4
DA:13,4
DA:22,4
DA:23,1
DA:29,3
DA:30,1
DA:32,1
DA:33,1
DA:35,1
DA:36,1
DA:40,2
DA:47,2
DA:48,1
DA:54,2
DA:56,1
DA:62,1
DA:70,1
DA:74,2
DA:76,2
DA:82,2
DA:83,1
DA:86,1
DA:90,2
DA:92,2
DA:99,2
DA:100,1
DA:103,1
DA:107,3
DA:109,3
DA:111,3
DA:130,3
DA:131,1
DA:134,3
DA:136,2
DA:137,1
DA:139,1
DA:140,1
DA:142,1
DA:143,1
DA:147,1
DA:156,1
DA:158,1
DA:160,1
DA:162,1
DA:168,1
DA:174,1
DA:183,1
DA:198,1
DA:202,6
DA:204,6
DA:205,6
DA:207,6
DA:220,6
DA:221,1
DA:224,5
DA:225,1
DA:227,1
DA:228,1
DA:230,1
DA:231,1
DA:235,4
DA:236,4
DA:243,4
DA:244,1
DA:251,4
DA:253,3
DA:259,3
DA:262,3
DA:263,2
DA:265,1
DA:268,3
DA:269,3
DA:270,2
DA:271,1
DA:285,1
DA:286,1
DA:303,3
DA:314,3
LF:79
LH:79
BRDA:22,0,0,1
BRDA:22,0,1,3
BRDA:29,1,0,1
BRDA:29,1,1,2
BRDA:35,2,0,1
BRDA:35,2,1,0
BRDA:35,3,0,1
BRDA:35,3,1,1
BRDA:47,4,0,1
BRDA:47,4,1,1
BRDA:54,5,0,1
BRDA:54,5,1,1
BRDA:82,6,0,1
BRDA:82,6,1,1
BRDA:99,7,0,1
BRDA:99,7,1,1
BRDA:130,8,0,1
BRDA:130,8,1,2
BRDA:134,9,0,1
BRDA:134,9,1,2
BRDA:136,10,0,1
BRDA:136,10,1,1
BRDA:142,11,0,1
BRDA:142,11,1,0
BRDA:142,12,0,1
BRDA:142,12,1,1
BRDA:156,13,0,1
BRDA:156,13,1,1
BRDA:220,14,0,1
BRDA:220,14,1,5
BRDA:224,15,0,1
BRDA:224,15,1,4
BRDA:230,16,0,1
BRDA:230,16,1,0
BRDA:230,17,0,1
BRDA:230,17,1,1
BRDA:235,18,0,4
BRDA:235,18,1,0
BRDA:243,19,0,1
BRDA:243,19,1,3
BRDA:243,20,0,4
BRDA:243,20,1,3
BRDA:251,21,0,1
BRDA:251,21,1,3
BRDA:262,22,0,2
BRDA:262,22,1,1
BRDA:269,23,0,2
BRDA:269,23,1,1
BRDA:270,24,0,1
BRDA:270,24,1,1
BRDA:285,25,0,1
BRDA:285,25,1,0
BRF:52
BRH:47
end_of_record
TN:
SF:src\controller\usuarioController.js
FN:13,(anonymous_0)
FN:65,(anonymous_1)
FN:96,(anonymous_2)
FN:135,(anonymous_3)
FN:214,(anonymous_4)
FN:260,(anonymous_5)
FN:281,(anonymous_6)
FN:311,(anonymous_7)
FN:358,(anonymous_8)
FN:393,(anonymous_9)
FN:412,(anonymous_10)
FN:415,(anonymous_11)
FNF:12
FNH:12
FNDA:2,(anonymous_0)
FNDA:2,(anonymous_1)
FNDA:2,(anonymous_2)
FNDA:4,(anonymous_3)
FNDA:4,(anonymous_4)
FNDA:3,(anonymous_5)
FNDA:1,(anonymous_6)
FNDA:4,(anonymous_7)
FNDA:2,(anonymous_8)
FNDA:3,(anonymous_9)
FNDA:1,(anonymous_10)
FNDA:1,(anonymous_11)
DA:14,2
DA:15,2
DA:17,2
DA:21,2
DA:22,1
DA:25,2
DA:27,1
DA:34,1
DA:36,1
DA:38,1
DA:49,1
DA:50,1
DA:52,1
DA:62,1
DA:66,2
DA:68,2
DA:70,2
DA:71,2
DA:73,2
DA:75,2
DA:92,2
DA:97,2
DA:99,2
DA:101,2
DA:124,2
DA:125,1
DA:128,2
DA:130,1
DA:132,1
DA:136,4
DA:138,4
DA:140,4
DA:142,4
DA:148,4
DA:149,1
DA:152,4
DA:153,3
DA:157,3
DA:158,1
DA:161,3
DA:162,1
DA:166,4
DA:168,1
DA:169,1
DA:170,1
DA:172,1
DA:174,1
DA:185,1
DA:198,1
DA:200,1
DA:211,1
DA:215,4
DA:217,4
DA:219,4
DA:221,4
DA:227,4
DA:228,1
DA:231,4
DA:237,4
DA:238,1
DA:241,4
DA:242,1
DA:245,4
DA:248,1
DA:257,1
DA:261,3
DA:263,3
DA:265,3
DA:271,3
DA:272,1
DA:275,3
DA:276,1
DA:279,3
DA:281,1
DA:282,1
DA:287,1
DA:291,1
DA:295,1
DA:299,1
DA:303,1
DA:308,1
DA:312,4
DA:313,4
DA:317,4
DA:318,4
DA:320,4
DA:321,1
DA:324,4
DA:330,4
DA:331,1
DA:334,4
DA:335,2
DA:336,2
DA:339,2
DA:341,2
DA:350,2
DA:351,1
DA:355,2
DA:359,2
DA:360,2
DA:362,2
DA:368,2
DA:369,1
DA:372,2
DA:373,1
DA:376,1
DA:377,1
DA:380,1
DA:390,1
DA:394,3
DA:395,3
DA:397,3
DA:403,3
DA:404,1
DA:407,3
DA:408,1
DA:411,2
DA:413,1
DA:416,1
LF:119
LH:119
BRDA:21,0,0,1
BRDA:21,0,1,1
BRDA:25,1,0,1
BRDA:25,1,1,1
BRDA:68,2,0,2
BRDA:68,3,0,2
BRDA:70,4,0,1
BRDA:70,4,1,1
BRDA:71,5,0,1
BRDA:71,5,1,1
BRDA:124,6,0,1
BRDA:124,6,1,1
BRDA:128,7,0,1
BRDA:128,7,1,1
BRDA:148,8,0,1
BRDA:148,8,1,3
BRDA:152,9,0,3
BRDA:152,9,1,1
BRDA:157,10,0,1
BRDA:157,10,1,2
BRDA:157,11,0,3
BRDA:157,11,1,1
BRDA:161,12,0,1
BRDA:161,12,1,2
BRDA:161,13,0,3
BRDA:161,13,1,1
BRDA:166,14,0,3
BRDA:166,14,1,1
BRDA:168,15,0,1
BRDA:168,15,1,0
BRDA:169,16,0,1
BRDA:169,16,1,0
BRDA:198,17,0,1
BRDA:198,17,1,0
BRDA:227,18,0,1
BRDA:227,18,1,3
BRDA:237,19,0,1
BRDA:237,19,1,3
BRDA:241,20,0,1
BRDA:241,20,1,3
BRDA:245,21,0,3
BRDA:245,21,1,1
BRDA:271,22,0,1
BRDA:271,22,1,2
BRDA:275,23,0,1
BRDA:275,23,1,2
BRDA:279,24,0,2
BRDA:279,24,1,1
BRDA:320,25,0,1
BRDA:320,25,1,3
BRDA:330,26,0,1
BRDA:330,26,1,3
BRDA:334,27,0,2
BRDA:334,27,1,2
BRDA:350,28,0,1
BRDA:350,28,1,1
BRDA:368,29,0,1
BRDA:368,29,1,1
BRDA:372,30,0,1
BRDA:372,30,1,1
BRDA:376,31,0,1
BRDA:376,31,1,0
BRDA:403,32,0,1
BRDA:403,32,1,2
BRDA:407,33,0,1
BRDA:407,33,1,2
BRF:66
BRH:62
end_of_record
TN:
SF:src\controller\verificarEmailController.js
FN:7,(anonymous_0)
FN:40,(anonymous_1)
FNF:2
FNH:2
FNDA:4,(anonymous_0)
FNDA:2,(anonymous_1)
DA:8,4
DA:10,4
DA:16,4
DA:17,1
DA:20,3
DA:21,1
DA:24,2
DA:25,1
DA:28,1
DA:37,1
DA:41,2
DA:47,2
DA:48,1
DA:51,1
DA:53,1
DA:55,1
DA:63,1
DA:73,1
LF:18
LH:18
BRDA:16,0,0,1
BRDA:16,0,1,3
BRDA:20,1,0,1
BRDA:20,1,1,2
BRDA:24,2,0,1
BRDA:24,2,1,1
BRDA:47,3,0,1
BRDA:47,3,1,1
BRF:8
BRH:8
end_of_record
TN:
SF:src\middleware\EmailVerificadoMiddleware.js
FN:3,EmailVerificadoMiddleware
FNF:1
FNH:1
FNDA:133,EmailVerificadoMiddleware
DA:4,133
DA:6,133
DA:7,1
DA:10,132
LF:4
LH:4
BRDA:6,0,0,1
BRDA:6,0,1,132
BRF:2
BRH:2
end_of_record
TN:
SF:src\middleware\authMiddleware.js
FN:5,AuthMiddleware
FN:12,(anonymous_1)
FNF:2
FNH:2
FNDA:153,AuthMiddleware
FNDA:153,(anonymous_1)
DA:6,153
DA:8,153
DA:10,153
DA:12,153
DA:13,153
DA:15,153
DA:28,153
DA:29,0
DA:32,153
DA:33,0
DA:36,153
DA:44,153
LF:12
LH:10
BRDA:8,0,0,0
BRDA:8,0,1,153
BRDA:13,1,0,0
BRDA:13,1,1,153
BRDA:28,2,0,0
BRDA:28,2,1,153
BRDA:32,3,0,0
BRDA:32,3,1,153
BRF:8
BRH:4
end_of_record
TN:
SF:src\middleware\logRoutesMiddleware.js
FN:1,(anonymous_0)
FNF:1
FNH:1
FNDA:202,(anonymous_0)
DA:1,12
DA:2,202
DA:3,202
DA:5,202
DA:9,202
DA:10,202
DA:12,0
LF:7
LH:6
BRDA:5,0,0,202
BRDA:5,0,1,202
BRDA:5,0,2,0
BRF:3
BRH:2
end_of_record
TN:
SF:src\middleware\multerMiddleware.js
FN:4,uploadMulter
FN:7,(anonymous_1)
FNF:2
FNH:2
FNDA:10,uploadMulter
FNDA:10,(anonymous_1)
DA:5,10
DA:7,10
DA:8,10
DA:9,0
DA:10,0
DA:14,10
DA:15,1
DA:18,9
LF:8
LH:6
BRDA:8,0,0,0
BRDA:8,0,1,10
BRDA:9,1,0,0
BRDA:9,1,1,0
BRDA:14,2,0,1
BRDA:14,2,1,9
BRF:6
BRH:3
end_of_record
TN:
SF:src\middleware\permissaoMiddleware.js
FN:4,(anonymous_0)
FN:4,(anonymous_1)
FNF:2
FNH:2
FNDA:360,(anonymous_0)
FNDA:102,(anonymous_1)
DA:4,360
DA:6,102
DA:8,102
DA:9,101
DA:12,1
DA:13,1
DA:14,1
DA:15,1
DA:21,0
LF:9
LH:8
BRDA:8,0,0,101
BRDA:8,0,1,1
BRDA:12,1,0,1
BRDA:12,1,1,0
BRDA:13,2,0,1
BRDA:13,2,1,0
BRDA:14,3,0,1
BRDA:14,3,1,0
BRF:8
BRH:5
end_of_record
TN:
SF:src\routes\TopicoRouter.js
FNF:0
FNH:0
DA:9,12
DA:11,12
LF:2
LH:2
BRF:0
BRH:0
end_of_record
TN:
SF:src\routes\authRouter.js
FNF:0
FNH:0
DA:6,12
DA:8,12
LF:2
LH:2
BRF:0
BRH:0
end_of_record
TN:
SF:src\routes\categoriaRouter.js
FNF:0
FNH:0
DA:9,12
DA:11,12
LF:2
LH:2
BRF:0
BRH:0
end_of_record
TN:
SF:src\routes\certificadoRouter.js
FNF:0
FNH:0
DA:9,12
DA:11,12
LF:2
LH:2
BRF:0
BRH:0
end_of_record
TN:
SF:src\routes\conteudoRouter.js
FNF:0
FNH:0
DA:9,12
DA:11,12
LF:2
LH:2
BRF:0
BRH:0
end_of_record
TN:
SF:src\routes\cursoRouter.js
FNF:0
FNH:0
DA:10,12
DA:12,12
LF:2
LH:2
BRF:0
BRH:0
end_of_record
TN:
SF:src\routes\grupoRouter.js
FNF:0
FNH:0
DA:9,12
DA:11,12
LF:2
LH:2
BRF:0
BRH:0
end_of_record
TN:
SF:src\routes\index.js
FN:15,(anonymous_0)
FN:21,(anonymous_1)
FNF:2
FNH:1
FNDA:12,(anonymous_0)
FNDA:0,(anonymous_1)
DA:15,12
DA:17,12
DA:18,12
DA:21,12
DA:22,0
DA:25,12
LF:6
LH:5
BRDA:17,0,0,12
BRDA:17,0,1,0
BRF:2
BRH:1
end_of_record
TN:
SF:src\routes\inscricoesRouter.js
FNF:0
FNH:0
DA:9,12
DA:11,12
LF:2
LH:2
BRF:0
BRH:0
end_of_record
TN:
SF:src\routes\progressoRouter.js
FNF:0
FNH:0
DA:10,12
DA:12,12
LF:2
LH:2
BRF:0
BRH:0
end_of_record
TN:
SF:src\routes\recuperaSenhaRouter.js
FNF:0
FNH:0
DA:5,12
DA:7,12
LF:2
LH:2
BRF:0
BRH:0
end_of_record
TN:
SF:src\routes\usuarioRouter.js
FNF:0
FNH:0
DA:10,12
DA:12,12
LF:2
LH:2
BRF:0
BRH:0
end_of_record
TN:
SF:src\routes\verificarEmailRouter.js
FNF:0
FNH:0
DA:6,12
DA:8,12
LF:2
LH:2
BRF:0
BRH:0
end_of_record
TN:
SF:src\schema\categoriaSchema.js
FNF:0
FNH:0
DA:4,12
DA:7,12
LF:2
LH:2
BRF:0
BRH:0
end_of_record
TN:
SF:src\schema\certificadoSchema.js
FNF:0
FNH:0
DA:4,12
DA:8,12
DA:12,12
LF:3
LH:3
BRF:0
BRH:0
end_of_record
TN:
SF:src\schema\conteudoCursoSchema.js
FNF:0
FNH:0
DA:6,12
DA:14,12
DA:22,12
DA:26,12
LF:4
LH:4
BRF:0
BRH:0
end_of_record
TN:
SF:src\schema\cursoSchema.js
FNF:0
FNH:0
DA:5,12
DA:11,12
DA:17,12
LF:3
LH:3
BRF:0
BRH:0
end_of_record
TN:
SF:src\schema\inscricaoSchema.js
FNF:0
FNH:0
DA:5,12
DA:9,12
DA:13,12
LF:3
LH:3
BRF:0
BRH:0
end_of_record
TN:
SF:src\schema\instrutorSchema.js
FNF:0
FNH:0
DA:5,12
LF:1
LH:1
BRF:0
BRH:0
end_of_record
TN:
SF:src\schema\loginSchema.js
FNF:0
FNH:0
DA:5,12
LF:1
LH:1
BRF:0
BRH:0
end_of_record
TN:
SF:src\schema\progressoCursoSchema.js
FNF:0
FNH:0
DA:4,12
DA:8,12
DA:12,12
LF:3
LH:3
BRF:0
BRH:0
end_of_record
TN:
SF:src\schema\recuperaSenhaSchema.js
FNF:0
FNH:0
DA:5,12
DA:10,12
DA:14,12
LF:3
LH:3
BRF:0
BRH:0
end_of_record
TN:
SF:src\schema\topicoSchema.js
FNF:0
FNH:0
DA:4,12
DA:9,12
LF:2
LH:2
BRF:0
BRH:0
end_of_record
TN:
SF:src\schema\usuarioSchema.js
FNF:0
FNH:0
DA:5,12
DA:11,12
DA:18,12
DA:22,12
LF:4
LH:4
BRF:0
BRH:0
end_of_record
TN:
SF:src\schema\verificarEmailSchema.js
FN:7,(anonymous_0)
FNF:1
FNH:1
FNDA:4,(anonymous_0)
DA:4,12
DA:7,4
LF:2
LH:2
BRF:0
BRH:0
end_of_record
TN:
SF:src\services\emailService.js
FN:5,(anonymous_0)
FN:40,(anonymous_1)
FNF:2
FNH:2
FNDA:7,(anonymous_0)
FNDA:1,(anonymous_1)
DA:3,13
DA:6,7
DA:7,1
DA:10,6
DA:21,6
DA:22,1
DA:23,1
DA:27,5
DA:28,5
DA:30,5
DA:34,5
DA:35,5
DA:37,5
DA:41,1
DA:45,1
DA:46,1
DA:49,1
LF:17
LH:17
BRDA:5,0,0,0
BRDA:6,1,0,1
BRDA:6,1,1,6
BRDA:6,2,0,7
BRDA:6,2,1,7
BRDA:6,2,2,7
BRDA:6,2,3,6
BRDA:13,3,0,0
BRDA:13,3,1,6
BRDA:14,4,0,0
BRDA:14,4,1,6
BRDA:14,5,0,0
BRDA:14,5,1,0
BRDA:15,6,0,0
BRDA:15,6,1,6
BRDA:15,7,0,0
BRDA:15,7,1,0
BRDA:21,8,0,1
BRDA:21,8,1,5
BRDA:21,9,0,6
BRDA:21,9,1,6
BRDA:21,9,2,5
BRDA:27,10,0,5
BRDA:27,10,1,0
BRDA:34,11,0,5
BRDA:34,11,1,0
BRDA:45,12,0,1
BRDA:45,12,1,0
BRF:28
BRH:17
end_of_record
TN:
SF:src\utils\apiFetch.js
FN:4,(anonymous_0)
FN:31,(anonymous_1)
FN:34,(anonymous_2)
FNF:3
FNH:3
FNDA:10,(anonymous_0)
FNDA:9,(anonymous_1)
FNDA:9,(anonymous_2)
DA:4,13
DA:5,10
DA:6,10
DA:8,10
DA:10,10
DA:11,1
DA:13,9
DA:14,1
DA:15,8
DA:16,7
DA:17,1
DA:18,1
DA:23,10
DA:24,10
DA:32,9
DA:33,9
DA:34,9
DA:35,9
DA:36,9
DA:38,9
DA:39,1
DA:40,1
DA:42,0
DA:45,8
DA:49,0
DA:53,2
DA:54,1
DA:56,1
DA:60,8
LF:29
LH:27
BRDA:4,0,0,8
BRDA:8,1,0,0
BRDA:8,1,1,10
BRDA:10,2,0,1
BRDA:10,2,1,9
BRDA:13,3,0,1
BRDA:13,3,1,8
BRDA:15,4,0,7
BRDA:15,4,1,1
BRDA:17,5,0,1
BRDA:17,5,1,0
BRDA:28,6,0,10
BRDA:28,6,1,10
BRDA:33,7,0,9
BRDA:33,7,1,0
BRDA:33,8,0,9
BRDA:33,8,1,9
BRDA:35,9,0,9
BRDA:35,9,1,4
BRDA:36,10,0,9
BRDA:36,10,1,5
BRDA:38,11,0,1
BRDA:38,11,1,8
BRDA:39,12,0,1
BRDA:39,12,1,0
BRDA:53,13,0,1
BRDA:53,13,1,1
BRF:27
BRH:23
end_of_record
TN:
SF:src\utils\enums.js
FNF:0
FNH:0
DA:1,19
DA:5,19
DA:10,19
DA:16,19
LF:4
LH:4
BRF:0
BRH:0
end_of_record
TN:
SF:src\utils\mensagens.js
FN:45,(anonymous_0)
FN:63,(anonymous_1)
FN:69,(anonymous_2)
FN:72,(anonymous_3)
FN:75,(anonymous_4)
FN:78,(anonymous_5)
FN:81,(anonymous_6)
FN:84,(anonymous_7)
FN:87,(anonymous_8)
FN:90,(anonymous_9)
FN:93,(anonymous_10)
FN:111,(anonymous_11)
FN:112,(anonymous_12)
FN:116,(anonymous_13)
FN:119,(anonymous_14)
FN:126,(anonymous_15)
FN:132,(anonymous_16)
FN:160,(anonymous_17)
FNF:18
FNH:18
FNDA:1,(anonymous_0)
FNDA:1,(anonymous_1)
FNDA:1,(anonymous_2)
FNDA:4,(anonymous_3)
FNDA:1,(anonymous_4)
FNDA:1,(anonymous_5)
FNDA:1,(anonymous_6)
FNDA:4,(anonymous_7)
FNDA:2,(anonymous_8)
FNDA:28,(anonymous_9)
FNDA:1,(anonymous_10)
FNDA:3,(anonymous_11)
FNDA:2,(anonymous_12)
FNDA:8,(anonymous_13)
FNDA:1,(anonymous_14)
FNDA:3,(anonymous_15)
FNDA:103,(anonymous_16)
FNDA:102,(anonymous_17)
DA:1,14
DA:45,1
DA:63,1
DA:70,1
DA:73,4
DA:76,1
DA:79,1
DA:82,1
DA:85,4
DA:88,2
DA:91,28
DA:94,1
DA:111,3
DA:112,2
DA:116,8
DA:119,1
DA:126,3
DA:132,14
DA:134,103
DA:135,103
DA:137,58
DA:140,45
DA:142,103
DA:160,14
DA:161,102
DA:162,102
DA:164,53
DA:167,49
DA:170,102
LF:29
LH:29
BRDA:111,0,0,1
BRDA:111,0,1,2
BRDA:112,1,0,1
BRDA:112,1,1,1
BRDA:132,2,0,0
BRDA:135,3,0,58
BRDA:135,3,1,45
BRDA:160,4,0,0
BRDA:162,5,0,53
BRDA:162,5,1,49
BRF:10
BRH:8
end_of_record
TN:
SF:src\utils\minioFunctions.js
FN:8,(anonymous_0)
FN:29,(anonymous_1)
FN:32,(anonymous_2)
FN:48,(anonymous_3)
FN:49,(anonymous_4)
FN:56,(anonymous_5)
FNF:6
FNH:6
FNDA:6,(anonymous_0)
FNDA:6,(anonymous_1)
FNDA:6,(anonymous_2)
FNDA:6,(anonymous_3)
FNDA:6,(anonymous_4)
FNDA:2,(anonymous_5)
DA:10,6
DA:12,6
DA:13,6
DA:15,6
DA:16,5
DA:17,5
DA:19,5
DA:22,6
DA:24,6
DA:26,6
DA:30,6
DA:32,6
DA:33,6
DA:34,3
DA:36,3
DA:39,3
DA:40,286
DA:43,3
DA:45,3
DA:49,6
DA:50,6
DA:51,1
DA:57,2
DA:59,2
DA:60,2
DA:61,1503
DA:63,1503
DA:64,1
DA:66,1
DA:67,1
DA:71,2
DA:72,2
DA:73,2
LF:33
LH:33
BRDA:15,0,0,5
BRDA:15,0,1,1
BRDA:33,1,0,3
BRDA:33,1,1,3
BRDA:50,2,0,1
BRDA:50,2,1,5
BRDA:63,3,0,1
BRDA:63,3,1,1502
BRDA:71,4,0,2
BRDA:71,4,1,0
BRF:10
BRH:9
end_of_record
TN:
SF:src\utils\pagination.js
FN:3,(anonymous_0)
FNF:1
FNH:1
FNDA:16,(anonymous_0)
DA:3,13
DA:5,16
DA:6,16
DA:8,16
DA:9,16
DA:10,16
DA:12,16
DA:19,16
LF:8
LH:8
BRDA:3,0,0,1
BRDA:3,1,0,1
BRF:2
BRH:2
end_of_record
TN:
SF:src\utils\utils.js
FN:1,timeToSeconds
FN:6,secondsToTime
FNF:2
FNH:2
FNDA:2,timeToSeconds
FNDA:2,secondsToTime
DA:2,2
DA:3,2
DA:7,2
DA:8,2
DA:9,2
DA:11,2
LF:6
LH:6
BRF:0
BRH:0
end_of_record
TN:
SF:src\utils\wrapException.js
FN:5,(anonymous_0)
FN:12,(anonymous_1)
FN:13,(anonymous_2)
FNF:3
FNH:3
FNDA:2,(anonymous_0)
FNDA:712,(anonymous_1)
FNDA:204,(anonymous_2)
DA:6,2
DA:7,2
DA:8,2
DA:12,14
DA:13,712
DA:17,204
DA:18,204
DA:21,204
DA:22,204
DA:25,4
DA:27,4
DA:29,1
DA:30,3
DA:32,2
DA:33,2
DA:34,4
DA:40,2
DA:43,1
DA:44,1
DA:48,204
DA:49,204
DA:50,204
LF:22
LH:22
BRDA:5,0,0,0
BRDA:5,1,0,2
BRDA:6,2,0,2
BRDA:6,2,1,0
BRDA:7,3,0,2
BRDA:7,3,1,2
BRDA:17,4,0,204
BRDA:17,4,1,0
BRDA:25,5,0,4
BRDA:25,5,1,0
BRDA:27,6,0,1
BRDA:27,6,1,3
BRDA:29,7,0,1
BRDA:29,7,1,0
BRDA:30,8,0,2
BRDA:30,8,1,1
BRDA:44,9,0,1
BRDA:44,9,1,0
BRDA:48,10,0,204
BRDA:48,10,1,0
BRDA:50,11,0,204
BRDA:50,11,1,0
BRF:22
BRH:14
end_of_record
TN:
SF:src\utils\zod.js
FN:6,(anonymous_0)
FN:8,(anonymous_1)
FN:10,(anonymous_2)
FN:12,(anonymous_3)
FN:14,(anonymous_4)
FN:16,(anonymous_5)
FN:18,(anonymous_6)
FN:20,(anonymous_7)
FN:22,(anonymous_8)
FN:23,(anonymous_9)
FN:24,(anonymous_10)
FN:25,(anonymous_11)
FN:26,(anonymous_12)
FN:28,(anonymous_13)
FN:29,(anonymous_14)
FN:31,(anonymous_15)
FN:32,(anonymous_16)
FN:34,(anonymous_17)
FN:37,(anonymous_18)
FN:41,(anonymous_19)
FN:45,(anonymous_20)
FN:58,(anonymous_21)
FN:58,(anonymous_22)
FN:64,traduzirNomeTipo
FN:95,(anonymous_24)
FN:156,(anonymous_25)
FN:157,(anonymous_26)
FNF:27
FNH:27
FNDA:1,(anonymous_0)
FNDA:1,(anonymous_1)
FNDA:1,(anonymous_2)
FNDA:1,(anonymous_3)
FNDA:1,(anonymous_4)
FNDA:1,(anonymous_5)
FNDA:1,(anonymous_6)
FNDA:1,(anonymous_7)
FNDA:1,(anonymous_8)
FNDA:2,(anonymous_9)
FNDA:1,(anonymous_10)
FNDA:1,(anonymous_11)
FNDA:2,(anonymous_12)
FNDA:1,(anonymous_13)
FNDA:2,(anonymous_14)
FNDA:1,(anonymous_15)
FNDA:2,(anonymous_16)
FNDA:1,(anonymous_17)
FNDA:61,(anonymous_18)
FNDA:49,(anonymous_19)
FNDA:25,(anonymous_20)
FNDA:1,(anonymous_21)
FNDA:2,(anonymous_22)
FNDA:42,traduzirNomeTipo
FNDA:49,(anonymous_24)
FNDA:20,(anonymous_25)
FNDA:3,(anonymous_26)
DA:5,19
DA:6,1
DA:8,1
DA:10,1
DA:12,1
DA:14,1
DA:16,1
DA:18,1
DA:20,1
DA:22,1
DA:23,2
DA:24,1
DA:25,1
DA:26,2
DA:28,1
DA:29,2
DA:31,1
DA:32,2
DA:34,1
DA:37,61
DA:41,49
DA:45,25
DA:58,1
DA:59,2
DA:60,1
DA:65,42
DA:66,7
DA:67,1
DA:68,5
DA:69,2
DA:70,2
DA:71,2
DA:72,1
DA:73,1
DA:74,1
DA:75,1
DA:76,1
DA:77,1
DA:78,3
DA:79,5
DA:80,1
DA:81,1
DA:82,1
DA:83,1
DA:84,1
DA:85,1
DA:87,3
DA:95,19
DA:96,49
DA:98,24
DA:99,3
DA:101,21
DA:103,1
DA:105,1
DA:107,1
DA:109,1
DA:111,1
DA:113,2
DA:115,1
DA:117,1
DA:119,1
DA:121,2
DA:122,1
DA:124,1
DA:127,4
DA:128,1
DA:129,3
DA:130,1
DA:131,2
DA:132,1
DA:134,1
DA:136,5
DA:137,2
DA:138,3
DA:139,1
DA:140,2
DA:141,1
DA:143,1
DA:145,1
DA:147,1
DA:149,1
DA:151,1
DA:156,19
DA:157,20
DA:158,3
LF:85
LH:85
BRDA:23,0,0,2
BRDA:23,0,1,1
BRDA:59,1,0,1
BRDA:59,1,1,1
BRDA:65,2,0,7
BRDA:65,2,1,1
BRDA:65,2,2,5
BRDA:65,2,3,2
BRDA:65,2,4,2
BRDA:65,2,5,2
BRDA:65,2,6,1
BRDA:65,2,7,1
BRDA:65,2,8,1
BRDA:65,2,9,1
BRDA:65,2,10,1
BRDA:65,2,11,1
BRDA:65,2,12,3
BRDA:65,2,13,5
BRDA:65,2,14,1
BRDA:65,2,15,1
BRDA:65,2,16,1
BRDA:65,2,17,1
BRDA:65,2,18,1
BRDA:65,2,19,1
BRDA:65,2,20,3
BRDA:96,3,0,24
BRDA:96,3,1,1
BRDA:96,3,2,1
BRDA:96,3,3,1
BRDA:96,3,4,1
BRDA:96,3,5,1
BRDA:96,3,6,2
BRDA:96,3,7,1
BRDA:96,3,8,1
BRDA:96,3,9,1
BRDA:96,3,10,2
BRDA:96,3,11,4
BRDA:96,3,12,5
BRDA:96,3,13,1
BRDA:96,3,14,1
BRDA:96,3,15,1
BRDA:96,3,16,1
BRDA:98,4,0,3
BRDA:98,4,1,21
BRDA:98,5,0,24
BRDA:98,5,1,21
BRDA:121,6,0,1
BRDA:121,6,1,1
BRDA:127,7,0,1
BRDA:127,7,1,3
BRDA:127,8,0,4
BRDA:127,8,1,3
BRDA:129,9,0,1
BRDA:129,9,1,2
BRDA:131,10,0,1
BRDA:131,10,1,1
BRDA:136,11,0,2
BRDA:136,11,1,3
BRDA:136,12,0,5
BRDA:136,12,1,4
BRDA:138,13,0,1
BRDA:138,13,1,2
BRDA:140,14,0,1
BRDA:140,14,1,1
BRDA:151,15,0,1
BRDA:151,15,1,0
BRF:66
BRH:65
end_of_record
