TN:
SF:src\app.js
FNF:0
FNH:0
DA:5,8
DA:7,8
DA:8,8
DA:9,8
DA:11,8
LF:5
LH:5
BRF:0
BRH:0
end_of_record
TN:
SF:src\config\initialConfig.js
FN:7,verificarMinio
FN:8,(anonymous_1)
FN:14,(anonymous_2)
FN:16,(anonymous_3)
FN:18,(anonymous_4)
FN:32,verificarGrupos
FN:59,verificarAdministradorPadrao
FNF:7
FNH:6
FNDA:8,verificarMinio
FNDA:8,(anonymous_1)
FNDA:16,(anonymous_2)
FNDA:16,(anonymous_3)
FNDA:0,(anonymous_4)
FNDA:8,verificarGrupos
FNDA:8,verificarAdministradorPadrao
DA:8,8
DA:9,8
DA:10,0
DA:11,0
DA:14,16
DA:16,8
DA:17,16
DA:18,0
DA:19,0
DA:20,0
DA:21,0
DA:22,0
DA:25,0
DA:33,8
DA:35,8
DA:36,8
DA:48,8
DA:50,24
DA:54,24
DA:60,8
DA:61,8
DA:63,8
DA:64,0
DA:65,0
DA:68,8
DA:74,8
DA:75,8
DA:83,8
DA:93,8
LF:29
LH:19
BRDA:9,0,0,0
BRDA:9,0,1,8
BRDA:17,1,0,0
BRDA:17,1,1,16
BRDA:19,2,0,0
BRDA:19,2,1,0
BRDA:35,3,0,8
BRDA:35,3,1,0
BRDA:63,4,0,0
BRDA:63,4,1,8
BRDA:63,5,0,8
BRDA:63,5,1,8
BRDA:74,6,0,8
BRDA:74,6,1,0
BRF:14
BRH:7
end_of_record
TN:
SF:src\config\minioConfig.js
FNF:0
FNH:0
DA:3,8
LF:1
LH:1
BRDA:6,0,0,0
BRDA:6,0,1,8
BRF:2
BRH:1
end_of_record
TN:
SF:src\config\prismaClient.js
FN:21,verifyConnection
FNF:1
FNH:0
FNDA:0,verifyConnection
DA:5,8
DA:7,8
DA:10,8
DA:22,0
DA:24,0
DA:25,0
DA:28,0
DA:29,0
LF:8
LH:3
BRF:0
BRH:0
end_of_record
TN:
SF:src\config\zodConfig.js
FN:6,(anonymous_0)
FNF:1
FNH:1
FNDA:8,(anonymous_0)
DA:3,8
DA:6,8
DA:7,8
DA:8,8
DA:11,8
LF:5
LH:5
BRDA:7,0,0,0
BRDA:7,0,1,8
BRF:2
BRH:1
end_of_record
TN:
SF:src\controller\authController.js
FN:9,(anonymous_0)
FN:66,(anonymous_1)
FNF:2
FNH:2
FNDA:15,(anonymous_0)
FNDA:1,(anonymous_1)
DA:10,15
DA:12,15
DA:14,15
DA:15,1
DA:17,14
DA:20,15
DA:21,1
DA:24,15
DA:26,14
DA:37,14
DA:39,13
DA:41,13
DA:43,12
DA:45,11
DA:58,11
DA:60,11
DA:67,1
DA:69,1
DA:82,1
DA:91,1
LF:20
LH:20
BRDA:14,0,0,1
BRDA:14,0,1,14
BRDA:20,1,0,1
BRDA:20,1,1,14
BRDA:24,2,0,1
BRDA:24,2,1,14
BRDA:37,3,0,1
BRDA:37,3,1,13
BRDA:41,4,0,1
BRDA:41,4,1,12
BRDA:43,5,0,1
BRDA:43,5,1,11
BRF:12
BRH:12
end_of_record
TN:
SF:src\controller\categoriaController.js
FN:6,(anonymous_0)
FN:32,(anonymous_1)
FN:38,(anonymous_2)
FN:54,(anonymous_3)
FN:99,(anonymous_4)
FNF:5
FNH:5
FNDA:3,(anonymous_0)
FNDA:1,(anonymous_1)
FNDA:2,(anonymous_2)
FNDA:3,(anonymous_3)
FNDA:2,(anonymous_4)
DA:7,3
DA:9,3
DA:11,3
DA:17,3
DA:18,1
DA:21,3
DA:23,2
DA:29,2
DA:33,1
DA:35,1
DA:39,2
DA:41,2
DA:47,2
DA:48,1
DA:51,1
DA:55,3
DA:57,3
DA:59,3
DA:61,3
DA:63,3
DA:69,3
DA:70,1
DA:73,3
DA:74,3
DA:80,3
DA:81,1
DA:85,3
DA:87,1
DA:96,1
DA:100,2
DA:101,2
DA:104,2
DA:110,2
DA:111,1
DA:114,2
DA:116,1
DA:122,1
LF:37
LH:37
BRDA:17,0,0,1
BRDA:17,0,1,2
BRDA:21,1,0,1
BRDA:21,1,1,2
BRDA:47,2,0,1
BRDA:47,2,1,1
BRDA:69,3,0,1
BRDA:69,3,1,2
BRDA:73,4,0,3
BRDA:73,4,1,0
BRDA:80,5,0,1
BRDA:80,5,1,2
BRDA:80,6,0,3
BRDA:80,6,1,1
BRDA:85,7,0,2
BRDA:85,7,1,1
BRDA:110,8,0,1
BRDA:110,8,1,1
BRDA:114,9,0,1
BRDA:114,9,1,1
BRF:20
BRH:19
end_of_record
TN:
SF:src\controller\certificadoController.js
FN:7,(anonymous_0)
FN:32,(anonymous_1)
FN:71,(anonymous_2)
FN:113,(anonymous_3)
FNF:4
FNH:4
FNDA:1,(anonymous_0)
FNDA:2,(anonymous_1)
FNDA:2,(anonymous_2)
FNDA:2,(anonymous_3)
DA:9,1
DA:29,1
DA:33,2
DA:35,2
DA:41,2
DA:42,1
DA:45,1
DA:68,1
DA:72,2
DA:74,2
DA:76,2
DA:82,2
DA:83,1
DA:86,1
DA:110,1
DA:114,2
DA:116,2
DA:139,2
DA:140,1
DA:146,1
DA:147,1
DA:148,1
DA:150,1
DA:152,1
LF:24
LH:24
BRDA:41,0,0,1
BRDA:41,0,1,1
BRDA:82,1,0,1
BRDA:82,1,1,1
BRDA:139,2,0,1
BRDA:139,2,1,1
BRF:6
BRH:6
end_of_record
TN:
SF:src\controller\conteudoController.js
FN:8,(anonymous_0)
FN:65,(anonymous_1)
FN:85,(anonymous_2)
FN:108,(anonymous_3)
FN:128,(anonymous_4)
FN:146,(anonymous_5)
FN:154,(anonymous_6)
FN:217,(anonymous_7)
FN:242,(anonymous_8)
FN:301,(anonymous_9)
FN:336,(anonymous_10)
FN:346,(anonymous_11)
FNF:12
FNH:9
FNDA:5,(anonymous_0)
FNDA:0,(anonymous_1)
FNDA:1,(anonymous_2)
FNDA:2,(anonymous_3)
FNDA:2,(anonymous_4)
FNDA:1,(anonymous_5)
FNDA:7,(anonymous_6)
FNDA:0,(anonymous_7)
FNDA:3,(anonymous_8)
FNDA:3,(anonymous_9)
FNDA:0,(anonymous_10)
FNDA:1,(anonymous_11)
DA:9,5
DA:11,5
DA:13,5
DA:29,5
DA:30,1
DA:36,5
DA:43,5
DA:44,1
DA:51,5
DA:53,5
DA:54,1
DA:60,5
DA:62,2
DA:63,1
DA:65,1
DA:66,1
DA:68,1
DA:69,1
DA:73,1
DA:79,1
DA:81,1
DA:82,1
DA:85,1
DA:87,1
DA:94,1
DA:105,1
DA:109,2
DA:111,2
DA:113,2
DA:119,2
DA:120,1
DA:123,2
DA:125,1
DA:129,2
DA:131,2
DA:133,2
DA:140,2
DA:141,1
DA:144,2
DA:146,1
DA:151,1
DA:155,7
DA:157,7
DA:158,7
DA:160,7
DA:180,7
DA:181,1
DA:184,6
DA:185,2
DA:192,2
DA:193,1
DA:200,6
DA:202,3
DA:204,3
DA:205,1
DA:212,6
DA:214,4
DA:215,1
DA:217,1
DA:218,1
DA:220,1
DA:221,1
DA:226,3
DA:230,3
DA:231,3
DA:233,3
DA:239,3
DA:240,3
DA:242,3
DA:243,3
DA:244,2
DA:245,1
DA:259,1
DA:260,1
DA:277,3
DA:290,3
DA:298,3
DA:302,3
DA:304,3
DA:306,3
DA:327,3
DA:328,1
DA:331,3
DA:333,2
DA:334,1
DA:336,1
DA:337,1
DA:339,1
DA:340,1
DA:344,1
DA:346,1
DA:348,1
DA:355,1
DA:361,1
DA:376,1
LF:95
LH:95
BRDA:29,0,0,1
BRDA:29,0,1,4
BRDA:43,1,0,1
BRDA:43,1,1,4
BRDA:53,2,0,1
BRDA:53,2,1,4
BRDA:60,3,0,3
BRDA:60,3,1,2
BRDA:62,4,0,1
BRDA:62,4,1,1
BRDA:68,5,0,1
BRDA:68,5,1,0
BRDA:68,6,0,1
BRDA:68,6,1,1
BRDA:81,7,0,1
BRDA:81,7,1,0
BRDA:119,8,0,1
BRDA:119,8,1,1
BRDA:123,9,0,1
BRDA:123,9,1,1
BRDA:140,10,0,1
BRDA:140,10,1,1
BRDA:144,11,0,1
BRDA:144,11,1,1
BRDA:180,12,0,1
BRDA:180,12,1,6
BRDA:184,13,0,2
BRDA:184,13,1,4
BRDA:192,14,0,1
BRDA:192,14,1,1
BRDA:192,15,0,2
BRDA:192,15,1,2
BRDA:200,16,0,3
BRDA:200,16,1,3
BRDA:204,17,0,1
BRDA:204,17,1,2
BRDA:212,18,0,2
BRDA:212,18,1,4
BRDA:214,19,0,1
BRDA:214,19,1,3
BRDA:220,20,0,1
BRDA:220,20,1,0
BRDA:220,21,0,1
BRDA:220,21,1,1
BRDA:226,22,0,1
BRDA:226,22,1,2
BRDA:240,23,0,2
BRDA:240,23,1,1
BRDA:243,24,0,2
BRDA:243,24,1,1
BRDA:244,25,0,1
BRDA:244,25,1,1
BRDA:259,26,0,1
BRDA:259,26,1,0
BRDA:327,27,0,1
BRDA:327,27,1,2
BRDA:331,28,0,1
BRDA:331,28,1,2
BRDA:333,29,0,1
BRDA:333,29,1,1
BRDA:339,30,0,1
BRDA:339,30,1,0
BRDA:339,31,0,1
BRDA:339,31,1,1
BRF:64
BRH:59
end_of_record
TN:
SF:src\controller\cursosController.js
FN:11,(anonymous_0)
FN:36,(anonymous_1)
FN:39,(anonymous_2)
FN:53,(anonymous_3)
FN:65,(anonymous_4)
FN:102,(anonymous_5)
FN:116,(anonymous_6)
FN:181,(anonymous_7)
FN:195,(anonymous_8)
FN:251,(anonymous_9)
FN:276,(anonymous_10)
FN:313,(anonymous_11)
FN:315,(anonymous_12)
FN:324,(anonymous_13)
FN:325,(anonymous_14)
FN:333,(anonymous_15)
FN:385,(anonymous_16)
FN:396,(anonymous_17)
FN:436,(anonymous_18)
FN:449,(anonymous_19)
FN:476,(anonymous_20)
FN:477,(anonymous_21)
FN:486,(anonymous_22)
FN:505,(anonymous_23)
FN:513,(anonymous_24)
FN:557,(anonymous_25)
FN:588,(anonymous_26)
FN:615,(anonymous_27)
FN:620,(anonymous_28)
FN:657,(anonymous_29)
FN:666,(anonymous_30)
FN:683,(anonymous_31)
FN:719,(anonymous_32)
FN:727,(anonymous_33)
FN:739,(anonymous_34)
FN:773,(anonymous_35)
FN:801,(anonymous_36)
FN:820,(anonymous_37)
FN:823,(anonymous_38)
FN:828,(anonymous_39)
FN:852,(anonymous_40)
FNF:41
FNH:36
FNDA:3,(anonymous_0)
FNDA:1,(anonymous_1)
FNDA:2,(anonymous_2)
FNDA:1,(anonymous_3)
FNDA:1,(anonymous_4)
FNDA:1,(anonymous_5)
FNDA:2,(anonymous_6)
FNDA:2,(anonymous_7)
FNDA:6,(anonymous_8)
FNDA:3,(anonymous_9)
FNDA:2,(anonymous_10)
FNDA:1,(anonymous_11)
FNDA:2,(anonymous_12)
FNDA:1,(anonymous_13)
FNDA:1,(anonymous_14)
FNDA:3,(anonymous_15)
FNDA:2,(anonymous_16)
FNDA:2,(anonymous_17)
FNDA:1,(anonymous_18)
FNDA:3,(anonymous_19)
FNDA:1,(anonymous_20)
FNDA:1,(anonymous_21)
FNDA:3,(anonymous_22)
FNDA:0,(anonymous_23)
FNDA:1,(anonymous_24)
FNDA:2,(anonymous_25)
FNDA:2,(anonymous_26)
FNDA:1,(anonymous_27)
FNDA:4,(anonymous_28)
FNDA:0,(anonymous_29)
FNDA:1,(anonymous_30)
FNDA:4,(anonymous_31)
FNDA:0,(anonymous_32)
FNDA:1,(anonymous_33)
FNDA:5,(anonymous_34)
FNDA:0,(anonymous_35)
FNDA:3,(anonymous_36)
FNDA:1,(anonymous_37)
FNDA:1,(anonymous_38)
FNDA:3,(anonymous_39)
FNDA:0,(anonymous_40)
DA:12,3
DA:14,3
DA:16,3
DA:22,3
DA:23,1
DA:26,3
DA:27,2
DA:36,2
DA:39,2
DA:41,2
DA:42,1
DA:46,3
DA:48,1
DA:54,1
DA:62,1
DA:66,1
DA:68,1
DA:70,1
DA:79,1
DA:81,1
DA:101,1
DA:102,1
DA:104,1
DA:105,1
DA:106,1
DA:108,1
DA:111,1
DA:117,2
DA:119,2
DA:121,2
DA:130,2
DA:131,1
DA:132,1
DA:147,1
DA:155,2
DA:157,2
DA:159,2
DA:180,2
DA:181,2
DA:183,2
DA:184,2
DA:185,2
DA:187,2
DA:190,2
DA:196,6
DA:198,6
DA:200,6
DA:201,6
DA:203,6
DA:205,6
DA:207,2
DA:222,2
DA:230,6
DA:241,6
DA:242,1
DA:245,5
DA:247,4
DA:248,1
DA:251,4
DA:252,3
DA:255,4
DA:256,1
DA:262,4
DA:264,3
DA:271,3
DA:277,2
DA:279,2
DA:309,2
DA:310,1
DA:313,1
DA:315,1
DA:316,2
DA:317,2
DA:318,2
DA:319,2
DA:322,1
DA:324,1
DA:325,1
DA:326,1
DA:330,1
DA:334,3
DA:336,3
DA:338,3
DA:339,2
DA:340,2
DA:354,3
DA:381,3
DA:382,1
DA:385,2
DA:387,2
DA:388,2
DA:389,2
DA:391,2
DA:393,2
DA:397,2
DA:399,2
DA:432,2
DA:433,1
DA:436,1
DA:437,1
DA:439,1
DA:440,1
DA:441,1
DA:443,1
DA:449,1
DA:450,3
DA:452,3
DA:453,3
DA:454,3
DA:455,1
DA:460,3
DA:463,1
DA:469,1
DA:476,1
DA:477,1
DA:483,1
DA:487,3
DA:489,3
DA:498,3
DA:499,1
DA:502,2
DA:503,1
DA:505,1
DA:506,1
DA:508,1
DA:509,1
DA:513,1
DA:515,1
DA:521,1
DA:527,1
DA:533,1
DA:541,1
DA:547,1
DA:554,1
DA:558,2
DA:560,2
DA:581,2
DA:582,1
DA:585,1
DA:589,2
DA:591,2
DA:611,2
DA:612,1
DA:615,1
DA:617,1
DA:621,4
DA:622,4
DA:623,4
DA:626,4
DA:635,4
DA:636,1
DA:640,4
DA:641,4
DA:647,4
DA:648,1
DA:652,4
DA:654,2
DA:655,1
DA:657,1
DA:658,1
DA:660,1
DA:661,1
DA:665,1
DA:666,1
DA:668,1
DA:669,1
DA:680,1
DA:684,4
DA:685,4
DA:686,4
DA:689,4
DA:698,4
DA:699,1
DA:702,4
DA:703,4
DA:709,4
DA:710,1
DA:714,4
DA:716,2
DA:717,1
DA:719,1
DA:720,1
DA:722,1
DA:723,1
DA:727,1
DA:728,1
DA:736,1
DA:740,5
DA:741,5
DA:745,5
DA:746,5
DA:748,5
DA:749,1
DA:752,5
DA:761,5
DA:762,1
DA:765,5
DA:766,2
DA:767,2
DA:770,3
DA:771,1
DA:773,1
DA:774,1
DA:776,1
DA:777,1
DA:778,1
DA:782,2
DA:784,2
DA:793,2
DA:794,1
DA:798,2
DA:802,3
DA:803,3
DA:805,3
DA:811,3
DA:812,1
DA:815,3
DA:816,1
DA:819,2
DA:821,1
DA:824,1
DA:829,3
DA:830,3
DA:832,3
DA:841,3
DA:842,1
DA:845,3
DA:846,1
DA:849,2
DA:850,1
DA:852,1
DA:853,1
DA:855,1
DA:856,1
DA:860,1
DA:861,1
DA:864,1
DA:874,1
LF:238
LH:238
BRDA:14,0,0,1
BRDA:22,1,0,1
BRDA:22,1,1,2
BRDA:26,2,0,2
BRDA:26,2,1,1
BRDA:26,3,0,3
BRDA:26,3,1,3
BRDA:41,4,0,1
BRDA:41,4,1,1
BRDA:46,5,0,2
BRDA:46,5,1,1
BRDA:68,6,0,1
BRDA:68,7,0,1
BRDA:70,8,0,0
BRDA:70,8,1,1
BRDA:119,9,0,2
BRDA:119,10,0,2
BRDA:121,11,0,0
BRDA:121,11,1,2
BRDA:130,12,0,1
BRDA:130,12,1,1
BRDA:155,13,0,0
BRDA:155,13,1,2
BRDA:155,14,0,2
BRDA:155,14,1,2
BRDA:155,15,0,0
BRDA:155,15,1,0
BRDA:205,16,0,2
BRDA:205,16,1,4
BRDA:241,17,0,1
BRDA:241,17,1,5
BRDA:245,18,0,4
BRDA:245,18,1,1
BRDA:247,19,0,1
BRDA:247,19,1,3
BRDA:252,20,0,3
BRDA:252,20,1,3
BRDA:255,21,0,1
BRDA:255,21,1,3
BRDA:262,22,0,2
BRDA:262,22,1,2
BRDA:309,23,0,1
BRDA:309,23,1,1
BRDA:338,24,0,2
BRDA:338,24,1,1
BRDA:381,25,0,1
BRDA:381,25,1,2
BRDA:432,26,0,1
BRDA:432,26,1,1
BRDA:444,27,0,0
BRDA:444,27,1,1
BRDA:445,28,0,0
BRDA:445,28,1,1
BRDA:454,29,0,1
BRDA:454,29,1,2
BRDA:498,30,0,1
BRDA:498,30,1,2
BRDA:502,31,0,1
BRDA:502,31,1,1
BRDA:508,32,0,1
BRDA:508,32,1,0
BRDA:508,33,0,1
BRDA:508,33,1,1
BRDA:581,34,0,1
BRDA:581,34,1,1
BRDA:611,35,0,1
BRDA:611,35,1,1
BRDA:635,36,0,1
BRDA:635,36,1,3
BRDA:647,37,0,1
BRDA:647,37,1,3
BRDA:652,38,0,2
BRDA:652,38,1,2
BRDA:654,39,0,1
BRDA:654,39,1,1
BRDA:660,40,0,1
BRDA:660,40,1,0
BRDA:660,41,0,1
BRDA:660,41,1,1
BRDA:698,42,0,1
BRDA:698,42,1,3
BRDA:709,43,0,1
BRDA:709,43,1,3
BRDA:714,44,0,2
BRDA:714,44,1,2
BRDA:716,45,0,1
BRDA:716,45,1,1
BRDA:722,46,0,1
BRDA:722,46,1,0
BRDA:722,47,0,1
BRDA:722,47,1,1
BRDA:748,48,0,1
BRDA:748,48,1,4
BRDA:761,49,0,1
BRDA:761,49,1,4
BRDA:765,50,0,2
BRDA:765,50,1,3
BRDA:770,51,0,1
BRDA:770,51,1,2
BRDA:776,52,0,1
BRDA:776,52,1,0
BRDA:776,53,0,1
BRDA:776,53,1,1
BRDA:793,54,0,1
BRDA:793,54,1,1
BRDA:811,55,0,1
BRDA:811,55,1,2
BRDA:815,56,0,1
BRDA:815,56,1,2
BRDA:841,57,0,1
BRDA:841,57,1,2
BRDA:845,58,0,1
BRDA:845,58,1,2
BRDA:849,59,0,1
BRDA:849,59,1,1
BRDA:855,60,0,1
BRDA:855,60,1,0
BRDA:855,61,0,1
BRDA:855,61,1,1
BRDA:860,62,0,1
BRDA:860,62,1,0
BRF:121
BRH:108
end_of_record
TN:
SF:src\controller\inscricoesController.js
FN:7,(anonymous_0)
FN:53,(anonymous_1)
FN:54,(anonymous_2)
FN:57,(anonymous_3)
FN:84,(anonymous_4)
FN:121,(anonymous_5)
FN:144,(anonymous_6)
FN:179,(anonymous_7)
FN:218,(anonymous_8)
FNF:9
FNH:0
FNDA:0,(anonymous_0)
FNDA:0,(anonymous_1)
FNDA:0,(anonymous_2)
FNDA:0,(anonymous_3)
FNDA:0,(anonymous_4)
FNDA:0,(anonymous_5)
FNDA:0,(anonymous_6)
FNDA:0,(anonymous_7)
FNDA:0,(anonymous_8)
DA:8,0
DA:10,0
DA:12,0
DA:14,0
DA:31,0
DA:32,0
DA:35,0
DA:36,0
DA:39,0
DA:46,0
DA:47,0
DA:51,0
DA:53,0
DA:54,0
DA:57,0
DA:59,0
DA:70,0
DA:81,0
DA:85,0
DA:87,0
DA:89,0
DA:90,0
DA:92,0
DA:94,0
DA:116,0
DA:123,0
DA:125,0
DA:140,0
DA:146,0
DA:147,0
DA:149,0
DA:155,0
DA:156,0
DA:159,0
DA:175,0
DA:181,0
DA:182,0
DA:184,0
DA:190,0
DA:191,0
DA:194,0
DA:210,0
DA:211,0
DA:214,0
DA:215,0
DA:218,0
DA:220,0
DA:229,0
DA:240,0
LF:49
LH:0
BRDA:31,0,0,0
BRDA:31,0,1,0
BRDA:35,1,0,0
BRDA:35,1,1,0
BRDA:46,2,0,0
BRDA:46,2,1,0
BRDA:51,3,0,0
BRDA:51,3,1,0
BRDA:87,4,0,0
BRDA:87,5,0,0
BRDA:89,6,0,0
BRDA:89,6,1,0
BRDA:90,7,0,0
BRDA:90,7,1,0
BRDA:155,8,0,0
BRDA:155,8,1,0
BRDA:190,9,0,0
BRDA:190,9,1,0
BRDA:210,10,0,0
BRDA:210,10,1,0
BRDA:214,11,0,0
BRDA:214,11,1,0
BRF:22
BRH:0
end_of_record
TN:
SF:src\controller\progressoController.js
FN:6,(anonymous_0)
FN:11,(anonymous_1)
FN:40,(anonymous_2)
FN:127,(anonymous_3)
FN:146,(anonymous_4)
FNF:5
FNH:0
FNDA:0,(anonymous_0)
FNDA:0,(anonymous_1)
FNDA:0,(anonymous_2)
FNDA:0,(anonymous_3)
FNDA:0,(anonymous_4)
DA:7,0
DA:8,0
DA:12,0
DA:14,0
DA:16,0
DA:22,0
DA:23,0
DA:26,0
DA:33,0
DA:34,0
DA:37,0
DA:42,0
DA:44,0
DA:61,0
DA:62,0
DA:65,0
DA:67,0
DA:76,0
DA:77,0
DA:80,0
DA:93,0
DA:94,0
DA:95,0
DA:98,0
DA:99,0
DA:102,0
DA:105,0
DA:115,0
DA:117,0
DA:118,0
DA:119,0
DA:120,0
DA:121,0
DA:124,0
DA:127,0
DA:128,0
DA:130,0
DA:144,0
DA:146,0
DA:148,0
DA:155,0
DA:169,0
DA:172,0
LF:43
LH:0
BRDA:22,0,0,0
BRDA:22,0,1,0
BRDA:33,1,0,0
BRDA:33,1,1,0
BRDA:61,2,0,0
BRDA:61,2,1,0
BRDA:76,3,0,0
BRDA:76,3,1,0
BRDA:94,4,0,0
BRDA:94,4,1,0
BRDA:94,5,0,0
BRDA:94,5,1,0
BRDA:98,6,0,0
BRDA:98,6,1,0
BRDA:119,7,0,0
BRDA:119,7,1,0
BRDA:124,8,0,0
BRDA:124,8,1,0
BRDA:144,9,0,0
BRDA:144,9,1,0
BRF:20
BRH:0
end_of_record
TN:
SF:src\controller\recuperaSenhaController.js
FN:9,(anonymous_0)
FN:51,(anonymous_1)
FNF:2
FNH:2
FNDA:3,(anonymous_0)
FNDA:6,(anonymous_1)
DA:10,3
DA:12,3
DA:18,3
DA:20,2
DA:22,1
DA:23,1
DA:25,1
DA:29,1
DA:31,1
DA:38,1
DA:48,1
DA:52,6
DA:53,6
DA:55,6
DA:61,6
DA:63,5
DA:65,4
DA:67,3
DA:69,2
DA:70,2
DA:72,1
DA:75,1
DA:83,1
LF:23
LH:23
BRDA:18,0,0,1
BRDA:18,0,1,2
BRDA:20,1,0,1
BRDA:20,1,1,1
BRDA:29,2,0,0
BRDA:29,2,1,1
BRDA:61,3,0,1
BRDA:61,3,1,5
BRDA:63,4,0,1
BRDA:63,4,1,4
BRDA:65,5,0,1
BRDA:65,5,1,3
BRDA:67,6,0,1
BRDA:67,6,1,2
BRF:14
BRH:13
end_of_record
TN:
SF:src\controller\topicoController.js
FN:7,(anonymous_0)
FN:42,(anonymous_1)
FN:58,(anonymous_2)
FN:75,(anonymous_3)
FN:92,(anonymous_4)
FN:124,(anonymous_5)
FN:157,(anonymous_6)
FNF:7
FNH:0
FNDA:0,(anonymous_0)
FNDA:0,(anonymous_1)
FNDA:0,(anonymous_2)
FNDA:0,(anonymous_3)
FNDA:0,(anonymous_4)
FNDA:0,(anonymous_5)
FNDA:0,(anonymous_6)
DA:8,0
DA:10,0
DA:12,0
DA:18,0
DA:19,0
DA:23,0
DA:25,0
DA:31,0
DA:39,0
DA:43,0
DA:45,0
DA:51,0
DA:52,0
DA:55,0
DA:59,0
DA:61,0
DA:68,0
DA:69,0
DA:72,0
DA:76,0
DA:78,0
DA:80,0
DA:86,0
DA:87,0
DA:90,0
DA:92,0
DA:94,0
DA:100,0
DA:106,0
DA:121,0
DA:125,0
DA:127,0
DA:128,0
DA:130,0
DA:136,0
DA:137,0
DA:140,0
DA:142,0
DA:148,0
DA:151,0
DA:152,0
DA:154,0
DA:157,0
DA:158,0
DA:159,0
DA:160,0
DA:174,0
DA:175,0
DA:192,0
DA:203,0
LF:50
LH:0
BRDA:18,0,0,0
BRDA:18,0,1,0
BRDA:23,1,0,0
BRDA:23,1,1,0
BRDA:51,2,0,0
BRDA:51,2,1,0
BRDA:68,3,0,0
BRDA:68,3,1,0
BRDA:86,4,0,0
BRDA:86,4,1,0
BRDA:90,5,0,0
BRDA:90,5,1,0
BRDA:136,6,0,0
BRDA:136,6,1,0
BRDA:140,7,0,0
BRDA:140,7,1,0
BRDA:151,8,0,0
BRDA:151,8,1,0
BRDA:158,9,0,0
BRDA:158,9,1,0
BRDA:159,10,0,0
BRDA:159,10,1,0
BRDA:174,11,0,0
BRDA:174,11,1,0
BRF:24
BRH:0
end_of_record
TN:
SF:src\controller\usuarioController.js
FN:13,(anonymous_0)
FN:65,(anonymous_1)
FN:96,(anonymous_2)
FN:135,(anonymous_3)
FN:210,(anonymous_4)
FN:231,(anonymous_5)
FN:261,(anonymous_6)
FN:308,(anonymous_7)
FN:343,(anonymous_8)
FN:362,(anonymous_9)
FN:365,(anonymous_10)
FNF:11
FNH:11
FNDA:2,(anonymous_0)
FNDA:2,(anonymous_1)
FNDA:2,(anonymous_2)
FNDA:3,(anonymous_3)
FNDA:3,(anonymous_4)
FNDA:1,(anonymous_5)
FNDA:4,(anonymous_6)
FNDA:2,(anonymous_7)
FNDA:3,(anonymous_8)
FNDA:1,(anonymous_9)
FNDA:1,(anonymous_10)
DA:14,2
DA:15,2
DA:17,2
DA:21,2
DA:22,1
DA:25,2
DA:27,1
DA:34,1
DA:36,1
DA:38,1
DA:49,1
DA:50,1
DA:52,1
DA:62,1
DA:66,2
DA:68,2
DA:70,2
DA:71,2
DA:73,2
DA:75,2
DA:92,2
DA:97,2
DA:99,2
DA:101,2
DA:124,2
DA:125,1
DA:128,2
DA:130,1
DA:132,1
DA:136,3
DA:138,3
DA:140,3
DA:142,3
DA:148,3
DA:149,1
DA:152,3
DA:153,2
DA:157,2
DA:158,1
DA:162,3
DA:164,1
DA:165,1
DA:166,1
DA:168,1
DA:170,1
DA:181,1
DA:194,1
DA:196,1
DA:207,1
DA:211,3
DA:213,3
DA:215,3
DA:221,3
DA:222,1
DA:225,3
DA:226,1
DA:229,3
DA:231,1
DA:232,1
DA:237,1
DA:241,1
DA:245,1
DA:249,1
DA:253,1
DA:258,1
DA:262,4
DA:263,4
DA:267,4
DA:268,4
DA:270,4
DA:271,1
DA:274,4
DA:280,4
DA:281,1
DA:284,4
DA:285,2
DA:286,2
DA:289,2
DA:291,2
DA:300,2
DA:301,1
DA:305,2
DA:309,2
DA:310,2
DA:312,2
DA:318,2
DA:319,1
DA:322,2
DA:323,1
DA:326,1
DA:327,1
DA:330,1
DA:340,1
DA:344,3
DA:345,3
DA:347,3
DA:353,3
DA:354,1
DA:357,3
DA:358,1
DA:361,2
DA:363,1
DA:366,1
LF:103
LH:103
BRDA:21,0,0,1
BRDA:21,0,1,1
BRDA:25,1,0,1
BRDA:25,1,1,1
BRDA:68,2,0,2
BRDA:68,3,0,2
BRDA:70,4,0,1
BRDA:70,4,1,1
BRDA:71,5,0,1
BRDA:71,5,1,1
BRDA:124,6,0,1
BRDA:124,6,1,1
BRDA:128,7,0,1
BRDA:128,7,1,1
BRDA:148,8,0,1
BRDA:148,8,1,2
BRDA:152,9,0,2
BRDA:152,9,1,1
BRDA:157,10,0,1
BRDA:157,10,1,1
BRDA:157,11,0,2
BRDA:157,11,1,1
BRDA:162,12,0,2
BRDA:162,12,1,1
BRDA:164,13,0,1
BRDA:164,13,1,0
BRDA:165,14,0,1
BRDA:165,14,1,0
BRDA:194,15,0,1
BRDA:194,15,1,0
BRDA:221,16,0,1
BRDA:221,16,1,2
BRDA:225,17,0,1
BRDA:225,17,1,2
BRDA:229,18,0,2
BRDA:229,18,1,1
BRDA:270,19,0,1
BRDA:270,19,1,3
BRDA:280,20,0,1
BRDA:280,20,1,3
BRDA:284,21,0,2
BRDA:284,21,1,2
BRDA:300,22,0,1
BRDA:300,22,1,1
BRDA:318,23,0,1
BRDA:318,23,1,1
BRDA:322,24,0,1
BRDA:322,24,1,1
BRDA:326,25,0,1
BRDA:326,25,1,0
BRDA:353,26,0,1
BRDA:353,26,1,2
BRDA:357,27,0,1
BRDA:357,27,1,2
BRF:54
BRH:50
end_of_record
TN:
SF:src\controller\verificarEmailController.js
FN:7,(anonymous_0)
FN:40,(anonymous_1)
FNF:2
FNH:2
FNDA:4,(anonymous_0)
FNDA:2,(anonymous_1)
DA:8,4
DA:10,4
DA:16,4
DA:17,1
DA:20,3
DA:21,1
DA:24,2
DA:25,1
DA:28,1
DA:37,1
DA:41,2
DA:47,2
DA:48,1
DA:51,1
DA:53,1
DA:55,1
DA:63,1
DA:73,1
LF:18
LH:18
BRDA:16,0,0,1
BRDA:16,0,1,3
BRDA:20,1,0,1
BRDA:20,1,1,2
BRDA:24,2,0,1
BRDA:24,2,1,1
BRDA:47,3,0,1
BRDA:47,3,1,1
BRF:8
BRH:8
end_of_record
TN:
SF:src\middleware\EmailVerificadoMiddleware.js
FN:3,EmailVerificadoMiddleware
FNF:1
FNH:1
FNDA:79,EmailVerificadoMiddleware
DA:4,79
DA:6,79
DA:7,0
DA:10,79
LF:4
LH:3
BRDA:6,0,0,0
BRDA:6,0,1,79
BRF:2
BRH:1
end_of_record
TN:
SF:src\middleware\authMiddleware.js
FN:5,AuthMiddleware
FN:12,(anonymous_1)
FNF:2
FNH:2
FNDA:92,AuthMiddleware
FNDA:92,(anonymous_1)
DA:6,92
DA:8,92
DA:10,92
DA:12,92
DA:13,92
DA:15,92
DA:28,92
DA:29,0
DA:32,92
DA:33,0
DA:36,92
DA:44,92
LF:12
LH:10
BRDA:8,0,0,0
BRDA:8,0,1,92
BRDA:13,1,0,0
BRDA:13,1,1,92
BRDA:28,2,0,0
BRDA:28,2,1,92
BRDA:32,3,0,0
BRDA:32,3,1,92
BRF:8
BRH:4
end_of_record
TN:
SF:src\middleware\logRoutesMiddleware.js
FN:1,(anonymous_0)
FNF:1
FNH:1
FNDA:135,(anonymous_0)
DA:1,8
DA:2,135
DA:3,135
DA:5,135
DA:9,135
DA:10,135
DA:12,0
LF:7
LH:6
BRDA:5,0,0,135
BRDA:5,0,1,135
BRDA:5,0,2,0
BRF:3
BRH:2
end_of_record
TN:
SF:src\middleware\multerMiddleware.js
FN:4,uploadMulter
FN:10,(anonymous_1)
FNF:2
FNH:2
FNDA:10,uploadMulter
FNDA:10,(anonymous_1)
DA:5,10
DA:7,10
DA:10,10
DA:11,10
DA:12,0
DA:13,0
DA:17,10
DA:18,1
DA:21,9
LF:9
LH:7
BRDA:11,0,0,0
BRDA:11,0,1,10
BRDA:12,1,0,0
BRDA:12,1,1,0
BRDA:17,2,0,1
BRDA:17,2,1,9
BRF:6
BRH:3
end_of_record
TN:
SF:src\middleware\permissaoMiddleware.js
FN:4,(anonymous_0)
FN:4,(anonymous_1)
FNF:2
FNH:2
FNDA:176,(anonymous_0)
FNDA:71,(anonymous_1)
DA:4,176
DA:6,71
DA:8,71
DA:9,71
DA:12,0
DA:13,0
DA:14,0
DA:15,0
DA:21,0
LF:9
LH:4
BRDA:8,0,0,71
BRDA:8,0,1,0
BRDA:12,1,0,0
BRDA:12,1,1,0
BRDA:13,2,0,0
BRDA:13,2,1,0
BRDA:14,3,0,0
BRDA:14,3,1,0
BRF:8
BRH:1
end_of_record
TN:
SF:src\routes\TopicoRouter.js
FNF:0
FNH:0
DA:7,8
DA:9,8
LF:2
LH:2
BRF:0
BRH:0
end_of_record
TN:
SF:src\routes\authRouter.js
FNF:0
FNH:0
DA:6,8
DA:8,8
LF:2
LH:2
BRF:0
BRH:0
end_of_record
TN:
SF:src\routes\categoriaRouter.js
FNF:0
FNH:0
DA:9,8
DA:11,8
LF:2
LH:2
BRF:0
BRH:0
end_of_record
TN:
SF:src\routes\certificadoRouter.js
FNF:0
FNH:0
DA:7,8
DA:9,8
LF:2
LH:2
BRF:0
BRH:0
end_of_record
TN:
SF:src\routes\conteudoRouter.js
FNF:0
FNH:0
DA:9,8
DA:11,8
LF:2
LH:2
BRF:0
BRH:0
end_of_record
TN:
SF:src\routes\cursoRouter.js
FNF:0
FNH:0
DA:10,8
DA:12,8
LF:2
LH:2
BRF:0
BRH:0
end_of_record
TN:
SF:src\routes\index.js
FN:14,(anonymous_0)
FN:20,(anonymous_1)
FNF:2
FNH:1
FNDA:8,(anonymous_0)
FNDA:0,(anonymous_1)
DA:14,8
DA:16,8
DA:17,8
DA:20,8
DA:21,0
DA:24,8
LF:6
LH:5
BRDA:16,0,0,8
BRDA:16,0,1,0
BRF:2
BRH:1
end_of_record
TN:
SF:src\routes\inscricoesRouter.js
FNF:0
FNH:0
DA:9,8
DA:11,8
LF:2
LH:2
BRF:0
BRH:0
end_of_record
TN:
SF:src\routes\progressoRouter.js
FNF:0
FNH:0
DA:10,8
DA:12,8
LF:2
LH:2
BRF:0
BRH:0
end_of_record
TN:
SF:src\routes\recuperaSenhaRouter.js
FNF:0
FNH:0
DA:5,8
DA:7,8
LF:2
LH:2
BRF:0
BRH:0
end_of_record
TN:
SF:src\routes\usuarioRouter.js
FNF:0
FNH:0
DA:11,8
DA:13,8
LF:2
LH:2
BRF:0
BRH:0
end_of_record
TN:
SF:src\routes\verificarEmailRouter.js
FNF:0
FNH:0
DA:6,8
DA:8,8
LF:2
LH:2
BRF:0
BRH:0
end_of_record
TN:
SF:src\schema\categoriaSchema.js
FNF:0
FNH:0
DA:4,8
DA:7,8
LF:2
LH:2
BRF:0
BRH:0
end_of_record
TN:
SF:src\schema\certificadoSchema.js
FNF:0
FNH:0
DA:4,8
DA:8,8
LF:2
LH:2
BRF:0
BRH:0
end_of_record
TN:
SF:src\schema\conteudoCursoSchema.js
FNF:0
FNH:0
DA:6,8
DA:14,8
DA:22,8
DA:26,8
LF:4
LH:4
BRF:0
BRH:0
end_of_record
TN:
SF:src\schema\cursoSchema.js
FNF:0
FNH:0
DA:5,8
DA:11,8
LF:2
LH:2
BRF:0
BRH:0
end_of_record
TN:
SF:src\schema\inscricaoSchema.js
FNF:0
FNH:0
DA:5,8
DA:9,8
LF:2
LH:2
BRF:0
BRH:0
end_of_record
TN:
SF:src\schema\instrutorSchema.js
FNF:0
FNH:0
DA:5,8
LF:1
LH:1
BRF:0
BRH:0
end_of_record
TN:
SF:src\schema\instrutoresSchema.js
FNF:0
FNH:0
DA:5,0
LF:1
LH:0
BRF:0
BRH:0
end_of_record
TN:
SF:src\schema\progressoCursoSchema.js
FNF:0
FNH:0
DA:4,8
DA:8,8
LF:2
LH:2
BRF:0
BRH:0
end_of_record
TN:
SF:src\schema\recuperaSenhaSchema.js
FNF:0
FNH:0
DA:5,8
DA:10,8
DA:14,8
LF:3
LH:3
BRF:0
BRH:0
end_of_record
TN:
SF:src\schema\topicoSchema.js
FNF:0
FNH:0
DA:4,8
DA:9,8
LF:2
LH:2
BRF:0
BRH:0
end_of_record
TN:
SF:src\schema\usuarioSchema.js
FNF:0
FNH:0
DA:5,8
DA:10,8
DA:16,8
LF:3
LH:3
BRF:0
BRH:0
end_of_record
TN:
SF:src\schema\verificarEmailSchema.js
FN:7,(anonymous_0)
FNF:1
FNH:1
FNDA:4,(anonymous_0)
DA:4,8
DA:7,4
LF:2
LH:2
BRF:0
BRH:0
end_of_record
TN:
SF:src\services\emailService.js
FN:5,(anonymous_0)
FN:40,(anonymous_1)
FNF:2
FNH:1
FNDA:4,(anonymous_0)
FNDA:0,(anonymous_1)
DA:3,8
DA:6,4
DA:7,0
DA:10,4
DA:21,4
DA:22,0
DA:23,0
DA:27,4
DA:28,4
DA:30,4
DA:34,4
DA:35,4
DA:37,4
DA:41,0
DA:45,0
DA:46,0
DA:49,0
LF:17
LH:10
BRDA:5,0,0,0
BRDA:6,1,0,0
BRDA:6,1,1,4
BRDA:6,2,0,4
BRDA:6,2,1,4
BRDA:6,2,2,4
BRDA:6,2,3,4
BRDA:13,3,0,0
BRDA:13,3,1,4
BRDA:14,4,0,0
BRDA:14,4,1,4
BRDA:14,5,0,0
BRDA:14,5,1,0
BRDA:15,6,0,0
BRDA:15,6,1,4
BRDA:15,7,0,0
BRDA:15,7,1,0
BRDA:21,8,0,0
BRDA:21,8,1,4
BRDA:21,9,0,4
BRDA:21,9,1,4
BRDA:21,9,2,4
BRDA:27,10,0,4
BRDA:27,10,1,0
BRDA:34,11,0,4
BRDA:34,11,1,0
BRDA:45,12,0,0
BRDA:45,12,1,0
BRF:28
BRH:14
end_of_record
TN:
SF:src\utils\SaveImageToWeb.js
FN:9,SaveImageToWeb
FN:28,(anonymous_1)
FNF:2
FNH:0
FNDA:0,SaveImageToWeb
FNDA:0,(anonymous_1)
DA:6,0
DA:7,0
DA:10,0
DA:13,0
DA:14,0
DA:17,0
DA:18,0
DA:24,0
DA:25,0
DA:26,0
DA:28,0
DA:29,0
DA:30,0
DA:31,0
DA:34,0
DA:39,0
DA:40,0
LF:17
LH:0
BRDA:13,0,0,0
BRDA:13,0,1,0
BRF:2
BRH:0
end_of_record
TN:
SF:src\utils\apiFetch.js
FN:4,(anonymous_0)
FN:31,(anonymous_1)
FN:34,(anonymous_2)
FNF:3
FNH:3
FNDA:4,(anonymous_0)
FNDA:4,(anonymous_1)
FNDA:4,(anonymous_2)
DA:4,8
DA:5,4
DA:6,4
DA:8,4
DA:10,4
DA:11,0
DA:13,4
DA:14,0
DA:15,4
DA:16,4
DA:17,0
DA:18,0
DA:23,4
DA:24,4
DA:32,4
DA:33,4
DA:34,4
DA:35,4
DA:36,4
DA:38,4
DA:39,0
DA:40,0
DA:42,0
DA:45,4
DA:49,0
DA:53,0
DA:54,0
DA:56,0
DA:60,4
LF:29
LH:18
BRDA:4,0,0,4
BRDA:8,1,0,0
BRDA:8,1,1,4
BRDA:10,2,0,0
BRDA:10,2,1,4
BRDA:13,3,0,0
BRDA:13,3,1,4
BRDA:15,4,0,4
BRDA:15,4,1,0
BRDA:17,5,0,0
BRDA:17,5,1,0
BRDA:28,6,0,4
BRDA:28,6,1,4
BRDA:33,7,0,4
BRDA:33,7,1,0
BRDA:33,8,0,4
BRDA:33,8,1,4
BRDA:35,9,0,4
BRDA:35,9,1,0
BRDA:36,10,0,4
BRDA:36,10,1,0
BRDA:38,11,0,0
BRDA:38,11,1,4
BRDA:39,12,0,0
BRDA:39,12,1,0
BRDA:53,13,0,0
BRDA:53,13,1,0
BRF:27
BRH:13
end_of_record
TN:
SF:src\utils\enums.js
FNF:0
FNH:0
DA:1,8
DA:5,8
DA:10,8
DA:16,8
LF:4
LH:4
BRF:0
BRH:0
end_of_record
TN:
SF:src\utils\mensagens.js
FN:45,(anonymous_0)
FN:63,(anonymous_1)
FN:69,(anonymous_2)
FN:72,(anonymous_3)
FN:75,(anonymous_4)
FN:78,(anonymous_5)
FN:81,(anonymous_6)
FN:84,(anonymous_7)
FN:87,(anonymous_8)
FN:90,(anonymous_9)
FN:93,(anonymous_10)
FN:111,(anonymous_11)
FN:112,(anonymous_12)
FN:116,(anonymous_13)
FN:119,(anonymous_14)
FN:126,(anonymous_15)
FN:132,(anonymous_16)
FN:160,(anonymous_17)
FNF:18
FNH:8
FNDA:0,(anonymous_0)
FNDA:0,(anonymous_1)
FNDA:2,(anonymous_2)
FNDA:3,(anonymous_3)
FNDA:0,(anonymous_4)
FNDA:0,(anonymous_5)
FNDA:0,(anonymous_6)
FNDA:2,(anonymous_7)
FNDA:0,(anonymous_8)
FNDA:19,(anonymous_9)
FNDA:0,(anonymous_10)
FNDA:0,(anonymous_11)
FNDA:0,(anonymous_12)
FNDA:6,(anonymous_13)
FNDA:0,(anonymous_14)
FNDA:2,(anonymous_15)
FNDA:71,(anonymous_16)
FNDA:62,(anonymous_17)
DA:1,8
DA:45,0
DA:63,0
DA:70,2
DA:73,3
DA:76,0
DA:79,0
DA:82,0
DA:85,2
DA:88,0
DA:91,19
DA:94,0
DA:111,0
DA:112,0
DA:116,6
DA:119,0
DA:126,2
DA:132,8
DA:134,71
DA:135,71
DA:137,42
DA:140,29
DA:142,71
DA:160,8
DA:161,62
DA:162,62
DA:164,33
DA:167,29
DA:170,62
LF:29
LH:19
BRDA:111,0,0,0
BRDA:111,0,1,0
BRDA:112,1,0,0
BRDA:112,1,1,0
BRDA:132,2,0,0
BRDA:135,3,0,42
BRDA:135,3,1,29
BRDA:160,4,0,0
BRDA:162,5,0,33
BRDA:162,5,1,29
BRF:10
BRH:4
end_of_record
TN:
SF:src\utils\minioFunctions.js
FN:8,(anonymous_0)
FN:29,(anonymous_1)
FN:32,(anonymous_2)
FN:48,(anonymous_3)
FN:49,(anonymous_4)
FN:56,(anonymous_5)
FNF:6
FNH:5
FNDA:4,(anonymous_0)
FNDA:4,(anonymous_1)
FNDA:4,(anonymous_2)
FNDA:4,(anonymous_3)
FNDA:4,(anonymous_4)
FNDA:0,(anonymous_5)
DA:10,4
DA:12,4
DA:13,4
DA:15,4
DA:16,4
DA:17,4
DA:19,4
DA:22,4
DA:24,4
DA:26,4
DA:30,4
DA:32,4
DA:33,4
DA:34,2
DA:36,2
DA:39,2
DA:40,283
DA:43,2
DA:45,2
DA:49,4
DA:50,4
DA:51,0
DA:57,0
DA:59,0
DA:60,0
DA:61,0
DA:63,0
DA:64,0
DA:66,0
DA:67,0
DA:71,0
DA:72,0
DA:73,0
LF:33
LH:21
BRDA:15,0,0,4
BRDA:15,0,1,0
BRDA:33,1,0,2
BRDA:33,1,1,2
BRDA:50,2,0,0
BRDA:50,2,1,4
BRDA:63,3,0,0
BRDA:63,3,1,0
BRDA:71,4,0,0
BRDA:71,4,1,0
BRF:10
BRH:4
end_of_record
TN:
SF:src\utils\pagination.js
FN:3,(anonymous_0)
FNF:1
FNH:1
FNDA:5,(anonymous_0)
DA:3,8
DA:5,5
DA:6,5
DA:8,5
DA:9,5
DA:10,5
DA:12,5
DA:19,5
LF:8
LH:8
BRDA:3,0,0,0
BRDA:3,1,0,0
BRF:2
BRH:0
end_of_record
TN:
SF:src\utils\utils.js
FN:1,timeToSeconds
FN:6,secondsToTime
FNF:2
FNH:2
FNDA:2,timeToSeconds
FNDA:2,secondsToTime
DA:2,2
DA:3,2
DA:7,2
DA:8,2
DA:9,2
DA:11,2
LF:6
LH:6
BRF:0
BRH:0
end_of_record
TN:
SF:src\utils\validations.js
FN:3,validarEmail
FN:32,validarSenha
FNF:2
FNH:1
FNDA:14,validarEmail
FNDA:0,validarSenha
DA:4,14
DA:6,14
DA:7,0
DA:8,0
DA:11,14
DA:12,0
DA:13,0
DA:16,14
DA:17,14
DA:20,0
DA:21,0
DA:24,14
DA:25,0
DA:26,0
DA:29,14
DA:33,0
DA:34,0
DA:35,0
DA:36,0
DA:38,0
DA:39,0
DA:42,0
DA:43,0
DA:46,0
DA:47,0
DA:50,0
DA:51,0
DA:54,0
DA:55,0
DA:58,0
LF:30
LH:7
BRDA:6,0,0,0
BRDA:6,0,1,14
BRDA:11,1,0,0
BRDA:11,1,1,14
BRDA:17,2,0,0
BRDA:17,2,1,14
BRDA:17,3,0,14
BRDA:17,3,1,14
BRDA:17,3,2,14
BRDA:17,3,3,14
BRDA:24,4,0,0
BRDA:24,4,1,14
BRDA:38,5,0,0
BRDA:38,5,1,0
BRDA:42,6,0,0
BRDA:42,6,1,0
BRDA:46,7,0,0
BRDA:46,7,1,0
BRDA:50,8,0,0
BRDA:50,8,1,0
BRDA:54,9,0,0
BRDA:54,9,1,0
BRF:22
BRH:8
end_of_record
TN:
SF:src\utils\wrapException.js
FN:5,(anonymous_0)
FN:12,(anonymous_1)
FN:13,(anonymous_2)
FNF:3
FNH:2
FNDA:0,(anonymous_0)
FNDA:448,(anonymous_1)
FNDA:134,(anonymous_2)
DA:6,0
DA:7,0
DA:8,0
DA:12,8
DA:13,448
DA:17,134
DA:18,134
DA:21,134
DA:22,134
DA:25,0
DA:27,0
DA:29,0
DA:30,0
DA:32,0
DA:33,0
DA:34,0
DA:40,0
DA:43,0
DA:44,0
DA:48,134
DA:49,134
DA:50,134
LF:22
LH:9
BRDA:5,0,0,0
BRDA:5,1,0,0
BRDA:6,2,0,0
BRDA:6,2,1,0
BRDA:7,3,0,0
BRDA:7,3,1,0
BRDA:17,4,0,134
BRDA:17,4,1,0
BRDA:25,5,0,0
BRDA:25,5,1,0
BRDA:27,6,0,0
BRDA:27,6,1,0
BRDA:29,7,0,0
BRDA:29,7,1,0
BRDA:30,8,0,0
BRDA:30,8,1,0
BRDA:44,9,0,0
BRDA:44,9,1,0
BRDA:48,10,0,134
BRDA:48,10,1,0
BRDA:50,11,0,134
BRDA:50,11,1,0
BRF:22
BRH:3
end_of_record
TN:
SF:src\utils\zod.js
FN:6,(anonymous_0)
FN:8,(anonymous_1)
FN:10,(anonymous_2)
FN:12,(anonymous_3)
FN:14,(anonymous_4)
FN:16,(anonymous_5)
FN:18,(anonymous_6)
FN:20,(anonymous_7)
FN:22,(anonymous_8)
FN:23,(anonymous_9)
FN:24,(anonymous_10)
FN:25,(anonymous_11)
FN:26,(anonymous_12)
FN:28,(anonymous_13)
FN:29,(anonymous_14)
FN:31,(anonymous_15)
FN:32,(anonymous_16)
FN:34,(anonymous_17)
FN:37,(anonymous_18)
FN:41,(anonymous_19)
FN:45,(anonymous_20)
FN:50,(anonymous_21)
FN:62,(anonymous_22)
FN:62,(anonymous_23)
FN:69,(anonymous_24)
FN:74,traduzirNomeTipo
FN:105,(anonymous_26)
FN:166,(anonymous_27)
FN:167,(anonymous_28)
FNF:29
FNH:4
FNDA:0,(anonymous_0)
FNDA:0,(anonymous_1)
FNDA:0,(anonymous_2)
FNDA:0,(anonymous_3)
FNDA:0,(anonymous_4)
FNDA:0,(anonymous_5)
FNDA:0,(anonymous_6)
FNDA:0,(anonymous_7)
FNDA:0,(anonymous_8)
FNDA:0,(anonymous_9)
FNDA:0,(anonymous_10)
FNDA:0,(anonymous_11)
FNDA:0,(anonymous_12)
FNDA:0,(anonymous_13)
FNDA:0,(anonymous_14)
FNDA:0,(anonymous_15)
FNDA:0,(anonymous_16)
FNDA:0,(anonymous_17)
FNDA:32,(anonymous_18)
FNDA:24,(anonymous_19)
FNDA:16,(anonymous_20)
FNDA:0,(anonymous_21)
FNDA:0,(anonymous_22)
FNDA:0,(anonymous_23)
FNDA:0,(anonymous_24)
FNDA:0,traduzirNomeTipo
FNDA:0,(anonymous_26)
FNDA:8,(anonymous_27)
FNDA:0,(anonymous_28)
DA:5,8
DA:6,0
DA:8,0
DA:10,0
DA:12,0
DA:14,0
DA:16,0
DA:18,0
DA:20,0
DA:22,0
DA:23,0
DA:24,0
DA:25,0
DA:26,0
DA:28,0
DA:29,0
DA:31,0
DA:32,0
DA:34,0
DA:37,32
DA:41,24
DA:45,16
DA:50,0
DA:62,0
DA:63,0
DA:64,0
DA:68,8
DA:69,0
DA:75,0
DA:76,0
DA:77,0
DA:78,0
DA:79,0
DA:80,0
DA:81,0
DA:82,0
DA:83,0
DA:84,0
DA:85,0
DA:86,0
DA:87,0
DA:88,0
DA:89,0
DA:90,0
DA:91,0
DA:92,0
DA:93,0
DA:94,0
DA:95,0
DA:97,0
DA:105,8
DA:106,0
DA:108,0
DA:109,0
DA:111,0
DA:113,0
DA:115,0
DA:117,0
DA:119,0
DA:121,0
DA:123,0
DA:125,0
DA:127,0
DA:129,0
DA:131,0
DA:132,0
DA:134,0
DA:137,0
DA:138,0
DA:139,0
DA:140,0
DA:141,0
DA:142,0
DA:144,0
DA:146,0
DA:147,0
DA:148,0
DA:149,0
DA:150,0
DA:151,0
DA:153,0
DA:155,0
DA:157,0
DA:159,0
DA:161,0
DA:166,8
DA:167,8
DA:168,0
LF:88
LH:8
BRDA:23,0,0,0
BRDA:23,0,1,0
BRDA:63,1,0,0
BRDA:63,1,1,0
BRDA:75,2,0,0
BRDA:75,2,1,0
BRDA:75,2,2,0
BRDA:75,2,3,0
BRDA:75,2,4,0
BRDA:75,2,5,0
BRDA:75,2,6,0
BRDA:75,2,7,0
BRDA:75,2,8,0
BRDA:75,2,9,0
BRDA:75,2,10,0
BRDA:75,2,11,0
BRDA:75,2,12,0
BRDA:75,2,13,0
BRDA:75,2,14,0
BRDA:75,2,15,0
BRDA:75,2,16,0
BRDA:75,2,17,0
BRDA:75,2,18,0
BRDA:75,2,19,0
BRDA:75,2,20,0
BRDA:106,3,0,0
BRDA:106,3,1,0
BRDA:106,3,2,0
BRDA:106,3,3,0
BRDA:106,3,4,0
BRDA:106,3,5,0
BRDA:106,3,6,0
BRDA:106,3,7,0
BRDA:106,3,8,0
BRDA:106,3,9,0
BRDA:106,3,10,0
BRDA:106,3,11,0
BRDA:106,3,12,0
BRDA:106,3,13,0
BRDA:106,3,14,0
BRDA:106,3,15,0
BRDA:106,3,16,0
BRDA:108,4,0,0
BRDA:108,4,1,0
BRDA:108,5,0,0
BRDA:108,5,1,0
BRDA:131,6,0,0
BRDA:131,6,1,0
BRDA:137,7,0,0
BRDA:137,7,1,0
BRDA:137,8,0,0
BRDA:137,8,1,0
BRDA:139,9,0,0
BRDA:139,9,1,0
BRDA:141,10,0,0
BRDA:141,10,1,0
BRDA:146,11,0,0
BRDA:146,11,1,0
BRDA:146,12,0,0
BRDA:146,12,1,0
BRDA:148,13,0,0
BRDA:148,13,1,0
BRDA:150,14,0,0
BRDA:150,14,1,0
BRDA:161,15,0,0
BRDA:161,15,1,0
BRF:66
BRH:0
end_of_record
